3 0 29 1
3 212 96 12
3 4 11 17
3 148 3 20
3 171 5 30
3 7 6 31
3 8 241 35
3 103 14 37
3 162 16 43
3 210 197 46
3 127 269 47
3 13 22 49
3 226 277 51
3 15 23 52
3 144 25 55
3 200 26 59
3 18 27 66
3 19 28 67
3 134 139 69
3 21 32 71
3 180 268 77
3 179 253 78
3 24 283 84
3 193 254 94
3 273 40 97
3 213 281 45
3 261 42 100
3 275 205 104
3 113 157 106
3 133 298 112
3 285 172 115
3 33 191 120
3 34 48 123
3 136 163 126
3 36 50 130
3 110 248 132
3 38 202 135
3 294 237 141
3 246 230 142
3 41 61 143
3 167 64 145
3 187 201 149
3 44 222 151
3 150 68 152
3 129 204 153
3 137 70 154
3 249 207 155
3 105 73 165
3 221 76 169
3 267 236 173
3 164 244 175
3 290 81 176
3 54 82 178
3 276 83 182
3 56 160 181
3 57 86 183
3 58 89 186
3 224 287 189
3 60 93 192
3 198 109 194
3 62 174 196
3 63 190 199
3 225 98 206
3 65 271 208
3 116 101 211
3 234 102 215
3 220 284 219
3 108 243 223
3 296 111 228
3 156 195 229
3 72 295 231
3 184 114 233
3 74 239 238
3 75 117 240
3 168 118 242
3 263 119 247
3 159 121 250
3 79 138 251
3 80 122 252
3 203 170 255
3 232 258 256
3 218 124 257
3 216 214 262
3 85 128 264
3 245 10 265
3 87 131 266
3 88 158 270
3 286 53 272
3 166 282 274
3 91 177 278
3 92 140 279
3 161 235 280
3 107 209 288
3 95 185 289
3 299 217 291
3 259 90 292
3 260 146 293
3 99 147 297
3 227 188 2
3 125 39 9
