4 2735 9246 3989 6718
4 1097 3409 7372 69
4 5299 1227 3991 3602
4 4078 1194 1908 6749
4 9020 7891 7373 849
4 9514 1414 6159 417
4 9626 1784 9495 5090
4 6822 1228 8548 2717
4 6115 1407 7314 35
4 3471 2536 2230 2573
4 9449 2132 210 8348
4 3817 2589 1778 6904
4 6466 8979 4624 1233
4 7475 8484 4467 6066
4 8578 2480 9341 1985
4 7862 5377 3193 9754
4 8102 5359 9744 6293
4 4379 2424 1530 2896
4 6403 1949 3565 1693
4 5497 7156 8447 8823
4 9523 1438 5517 9286
4 920 1447 6875 9487
4 6252 9109 1634 267
4 24 1492 1489 7000
4 5769 1512 2074 9613
4 1993 1637 6410 1399
4 585 1605 9412 2783
4 2061 2166 7546 8146
4 29 2297 5382 1587
4 6767 1803 2184 9018
4 6724 2296 3024 6338
4 6031 211 881 8542
4 554 3333 6168 6128
4 4586 2942 9869 9251
4 7468 7671 8810 6230
4 1209 4885 3291 6319
4 2009 2324 2957 839
4 6541 3049 7224 5777
4 9901 5218 1697 8434
4 5245 5393 6202 9104
4 9979 3596 3773 780
4 6361 567 7117 6645
4 4094 3197 7768 6409
4 8878 502 2973 5511
4 7952 6110 8832 6836
4 6160 2079 1267 9654
4 4494 2603 7465 6413
4 48 2738 3461 2399
4 9707 3147 5008 9981
4 2020 3148 965 6029
4 1105 1111 2997 8421
4 734 4877 2642 9289
4 6228 3257 2401 4686
4 6424 7230 47 1252
4 55 3249 2626 3073
4 549 7471 5006 8133
4 1066 5856 2511 1986
4 1543 3236 3368 601
4 2316 3245 4164 168
4 7928 3276 4196 8521
4 61 7512 3572 4299
4 7399 3575 4833 7196
4 6263 3294 5771 6567
4 3307 3358 9021 1548
4 9670 2426 4794 7580
4 3457 3651 5205 2305
4 6663 7114 5089 1240
4 6198 3527 5996 4482
4 6815 3540 8198 4920
4 4842 3546 7648 8915
4 5161 6529 6741 8338
4 9550 3325 6971 9002
4 8962 3579 6756 4153
4 2176 8231 8969 6960
4 9581 4546 7927 8803
4 8406 3655 8574 9297
4 4742 3640 5636 9947
4 2941 4260 3603 9925
4 1515 3697 9320 4830
4 7119 6884 4421 3105
4 3281 3708 7926 8228
4 5445 3826 6164 1640
4 2695 3918 9602 7255
4 84 4208 245 9628
4 6321 984 7313 5805
4 5304 7140 9627 2216
4 2774 19 9631 9575
4 88 3202 6521 8461
4 1315 4781 8573 1830
4 8086 9137 6455 1200
4 4618 4873 2539 8554
4 5402 789 9011 9562
4 1138 4984 457 3966
4 8395 5227 4109 9045
4 5343 1024 5017 6818
4 4098 6135 9965 4048
4 1135 5284 3242 4289
4 610 7810 9813 3632
4 7229 6404 6765 7085
4 8213 8302 5307 9702
4 5018 5237 6304 3108
4 8731 5358 3317 4050
4 9409 5387 7406 7572
4 2571 5615 3821 718
4 5649 3475 2171 3905
4 9393 5727 5369 5757
4 7040 5808 5983 5475
4 8329 5858 6239 135
4 7005 6123 9255 3066
4 3629 6139 9469 448
4 563 3338 5830 7361
4 1888 6150 4848 8816
4 113 6502 4980 4064
4 9679 6189 6307 6942
4 837 6329 7248 4016
4 6695 6485 3092 7602
4 117 6662 3362 7483
4 719 5352 8747 8951
4 9698 6745 1245 1601
4 474 6794 2118 7102
4 3030 8024 364 7153
4 7799 7320 873 412
4 5222 8425 1177 8766
4 9283 6849 1251 6634
4 9084 7108 2110 7562
4 423 7936 977 1835
4 2432 7325 4773 2024
4 6277 1630 1959 8991
4 5693 7198 6265 5888
4 6689 9256 5756 5678
4 3442 7398 7975 5566
4 2429 8711 867 5045
4 2720 3067 206 1186
4 9675 7435 9559 1904
4 5027 271 1995 3200
4 3743 9090 6669 6069
4 9216 7612 8346 498
4 4894 7687 4349 1580
4 6961 7864 5554 439
4 3239 7948 712 6464
4 6900 7186 2455 802
4 769 7993 8784 3938
4 1332 2641 3263 5711
4 6706 8029 7355 3292
4 9411 4387 5748 6220
4 1724 9347 8309 9349
4 1664 8149 9845 640
4 9313 8158 892 6021
4 4948 5721 3833 5917
4 768 328 1142 8285
4 5300 8262 1221 5212
4 5885 8290 2147 7226
4 580 5948 3068 9382
4 4839 8489 4665 2605
4 519 9820 9012 9254
4 6633 6493 8588 6474
4 157 8557 3381 7962
4 9976 8630 7430 8614
4 9187 9166 1010 4246
4 8179 9985 2881 8772
4 3253 8783 3354 3554
4 3555 8932 9030 4705
4 4090 8965 1325 40
4 8890 7194 5568 544
4 4829 5815 4119 2368
4 3549 9046 5214 4225
4 5341 9402 720 7867
4 8950 9405 6296 5516
4 622 8227 3536 5687
4 4495 4428 2566 935
4 3156 9649 7585 4703
4 5381 699 3786 9640
4 5086 9733 128 435
4 1978 9864 8088 8397
4 9121 6793 1331 21
4 2384 3767 2693 1435
4 5902 8586 212 9735
4 7499 9691 5540 5602
4 3564 9935 2780 5182
4 4377 1406 4507 9954
4 8564 817 3396 7567
4 2869 7889 2657 7876
4 961 9852 3176 5621
4 2008 7704 3129 4202
4 741 4583 6003 1628
4 7088 1651 4233 4207
4 187 3138 481 3717
4 6843 666 8493 9132
4 5598 5743 2523 6922
4 1735 5213 7637 7874
4 2576 1860 3403 95
4 3103 2357 4084 8464
4 6965 726 5890 3445
4 4309 5654 8328 4807
4 4758 9128 8835 6012
4 2135 1323 9385 8653
4 6649 1984 5887 7934
4 1776 8787 5285 119
4 8175 5137 313 3936
4 7640 1372 3866 5699
4 6418 9996 874 4863
4 4071 6658 493 57
4 6044 2538 8978 8536
4 7070 7129 3976 7243
4 2944 3430 326 2036
4 8292 2123 2711 9586
4 4059 902 3865 4875
4 3607 5991 6274 6082
4 8271 9920 8040 6710
4 8670 9231 2654 8051
4 4855 8458 7249 4826
4 1867 2788 4867 199
4 4679 3119 8191 6886
4 8477 7846 9944 854
4 2828 2026 1869 6430
4 4637 8323 200 7312
4 1563 3468 8324 596
4 1560 8792 6245 6615
4 219 4437 3426 3191
4 9888 1689 697 1994
4 8518 1192 1670 345
4 222 739 1276 5955
4 6952 9052 428 4558
4 4346 9463 5480 932
4 1269 1625 4080 4666
4 4687 8629 7779 7534
4 7911 7020 2422 655
4 4601 6924 5049 419
4 2418 8394 4517 1631
4 7064 1593 9503 9926
4 7657 5491 7638 9927
4 5424 8104 8786 9252
4 7561 3990 499 2264
4 489 7455 2495 2856
4 1040 1838 1674 6360
4 2247 4648 6951 3544
4 1305 5990 7428 3875
4 4008 6558 2335 4003
4 8728 2838 1970 7787
4 4214 8209 5282 4250
4 3693 3608 9072 399
4 1178 208 4101 4656
4 713 7028 3188 3375
4 2986 4706 8254 3840
4 9563 9544 5189 6547
4 8587 109 6208 5156
4 3444 8848 7792 5712
4 8708 6747 3334 8868
4 7141 9191 5541 6058
4 2883 8566 8462 3411
4 7109 8274 615 8682
4 6783 2006 2143 6186
4 8675 400 8351 3816
4 3647 9579 4898 7600
4 5881 477 5507 7870
4 3855 9452 9666 9705
4 7709 5332 2330 1203
4 7913 7097 2787 4485
4 4475 7180 5562 2769
4 9207 166 1054 5732
4 7318 945 9316 7666
4 3580 7082 9556 2992
4 7877 2748 2742 9830
4 6002 8736 3830 497
4 9291 5112 150 5686
4 3167 7319 1313 4973
4 2912 3951 2293 1843
4 268 3849 2718 1582
4 1879 1013 3541 975
4 8204 7711 9890 950
4 7965 4223 5466 9804
4 5716 4511 4255 7737
4 273 7346 5250 7065
4 6412 3758 368 6378
4 5440 8435 2649 1
4 4058 627 8715 1206
4 7188 9974 442 5816
4 2327 2106 513 1655
4 2356 8713 4836 7882
4 8840 9306 3779 3199
4 4644 3539 4476 2563
4 7929 8459 41 9696
4 5335 1090 1804 306
4 6381 4537 4935 6711
4 7013 1411 8863 5116
4 5717 1100 1121 933
4 2559 8021 7347 9462
4 3696 9392 821 4938
4 2507 8449 1002 3685
4 1794 7116 4575 4404
4 3371 4170 5535 9815
4 583 2436 3910 6473
4 1353 3329 209 3614
4 8189 5875 8967 1744
4 9003 3311 9401 6550
4 1273 2512 7804 6154
4 297 5500 482 9549
4 2278 9768 8382 7557
4 6607 6199 1218 2537
4 3410 2784 9274 7554
4 3008 5113 3510 6475
4 3168 6740 5425 5957
4 303 842 4502 1550
4 8520 658 2782 1500
4 2313 1170 6450 2425
4 8758 9636 9483 362
4 6901 864 3017 7444
4 7463 1635 1588 7086
4 9619 8073 8448 4020
4 8509 2520 608 284
4 311 5954 1346 1797
4 8310 1734 4194 6420
4 5235 1773 9078 3739
4 1833 1852 530 3512
4 9305 1973 4366 7414
4 2519 2714 8440 5347
4 7849 1874 2209 3370
4 4143 2736 7813 9921
4 1815 2963 661 5920
4 6780 5698 1564 98
4 4788 9473 6125 8419
4 3667 315 6804 5663
4 1528 2791 6786 989
4 4066 4536 6536 4657
4 1900 2899 1955 2518
4 6694 9406 6200 2382
4 3654 7940 1945 8048
4 7429 2928 565 2338
4 7401 3104 4815 9757
4 6913 5572 8370 3050
4 9847 3160 7379 8973
4 3090 2233 4200 8637
4 9752 5971 2690 290
4 568 3170 6053 7236
4 1005 3196 9543 4285
4 3321 8345 1541 7590
4 7956 3208 9874 1777
4 6670 3384 4910 5829
4 677 3459 409 5626
4 6039 4965 4714 1531
4 1992 4414 6255 956
4 3025 5510 6206 4011
4 7861 3424 277 3462
4 8184 1977 3785 3429
4 6456 6752 1524 3605
4 672 8277 2198 9353
4 8559 7293 4717 7149
4 4150 4959 9806 318
4 7957 5034 8207 1723
4 6916 5060 6068 9680
4 9799 5487 2975 9633
4 8640 5744 9805 7446
4 3578 7113 4853 2541
4 8342 3005 8224 7683
4 4435 6877 9267 533
4 5192 5746 3601 3921
4 8698 9087 7631 4228
4 7716 3774 5570 2844
4 5970 5818 5710 7574
4 606 4693 6327 4869
4 1757 2915 4761 3795
4 5324 7287 5025 9485
4 2920 6377 7678 142
4 4056 190 4154 3915
4 3692 1883 1527 1518
4 9140 6457 6192 2497
4 3149 6735 4673 1503
4 5860 9851 4630 3083
4 541 6851 2681 4733
4 6269 8020 332 2261
4 8420 6654 8892 5120
4 372 7104 6155 3557
4 957 6912 3490 4099
4 5406 7210 4661 1223
4 375 3029 1363 4088
4 4525 7329 1030 2112
4 7227 3246 4994 9467
4 9913 1421 6173 7263
4 9325 7357 4635 2904
4 2015 2031 2167 4990
4 5934 7451 8203 2056
4 6831 7553 1208 1416
4 4307 7575 5384 3153
4 6807 7677 3947 1260
4 3055 8055 9282 9769
4 5868 8376 3891 4720
4 700 8426 8902 951
4 2917 8699 730 1997
4 2465 9459 7376 247
4 1866 4352 6630 8079
4 8703 8739 248 9105
4 1335 9595 8157 4107
4 3988 9685 4112 8410
4 394 8774 825 3585
4 2531 1609 6879 8998
4 8773 6910 8918 6856
4 3869 6656 5295 9657
4 445 696 6004 2440
4 4882 1384 4455 9144
4 2949 1113 4184 1326
