29 6428 3198 9992 3302 7232 4104 1198 0 9084 8289 21 38 1962 8842 6006 1866 8960 1 2839 4972 6297 5221 8985 6 8219 12 4586 6969 5987
29 1826 9858 457 26 4 1217 3847 1420 4004 3340 257 2760 2720 3393 3108 9232 5248 5098 1806 7067 4029 3309 5305 3426 9517 65 5591 98 4131
28 2038 3775 528 3855 9273 3036 1592 4251 2470 1971 332 3315 8666 9 1706 4373 4700 1640 2344 6604 6803 6047 18 37 44 3311 119 9882
28 660 1539 534 3333 9175 706 4309 3243 2832 1269 360 3431 6581 5839 4351 2193 6403 9465 2131 6777 2361 4859 3977 25 7713 8164 120 126
29 8724 7539 548 3640 3295 6280 5188 2908 3037 4446 373 3603 8752 7242 1914 6998 1537 2133 5636 8457 3658 3613 9657 8672 573 9293 5317 202 9346
28 3516 9696 551 3312 3702 8615 8012 4621 8876 2722 391 4047 5198 9824 1530 9290 14 17 3776 19 4225 6903 9036 9065 2422 3796 7631 212
29 4115 2091 552 7042 4910 3380 4858 7278 4885 5879 392 4818 4402 3065 3894 6540 2714 9046 3539 4441 28 29 5140 3450 3354 103 145 224 5666
29 3216 596 553 4318 4442 2664 167 8790 4465 7450 2629 4844 6612 7025 9256 8759 7673 6512 2625 2898 5623 2934 6281 1995 4020 5526 5844 233 7456
28 7320 8267 726 5914 2350 738 8798 2748 5969 871 413 5064 3488 7696 6433 5982 5037 5884 6839 9125 5866 4755 2655 5728 77 6798 7362 277
29 493 7735 1040 6416 1600 4677 5201 5639 1802 7374 594 5501 6378 7321 9326 9794 2245 2181 6443 8869 6081 4810 4613 3559 79 6667 7817 265 7492
29 6950 7229 1060 6623 7109 15 5522 7467 9186 1555 525 5533 9216 8255 7893 9400 2821 4482 1652 3788 4233 5995 3023 7376 2627 6377 5280 283 9958
29 9159 8669 1196 8400 3612 504 2770 3486 2161 9270 718 6318 5905 8015 3801 9876 4240 4780 3433 4778 5283 4536 50 4038 9582 127 7839 341 6065
28 13 6687 2069 8919 3455 3267 9955 1898 22 3130 790 6586 2539 5219 6757 3888 6726 1495 6939 9532 7193 8881 2553 2063 4479 6303 6269 362
28 8315 9498 1285 4279 6030 9974 6167 6309 4799 9436 833 7122 7949 6337 9207 1416 7622 2899 1190 3900 8785 2471 7977 88 105 9774 282 9556
28 9392 9890 1247 9227 8237 7381 8913 1258 5302 9260 1526 1000 6780 6063 8883 30 2653 1973 3329 9429 2861 1843 2284 7523 3988 166 7837 8683
29 6603 4662 1348 9251 879 1133 1865 9583 4117 4413 878 3515 8605 6945 8124 2475 1673 8310 4133 46 6641 4427 5624 5408 7119 172 287 447 4916
29 2139 7760 1364 9787 2186 8937 1131 8741 1897 3508 2547 6999 8106 6908 32 3853 8370 5755 2029 3550 5094 5576 4121 5016 121 205 340 8268 9577
29 6507 4830 1365 2 2747 7974 5228 7866 9393 7105 886 7466 4376 7388 1636 7757 3567 8133 4475 1884 1476 3053 2079 113 5527 3816 8387 496 722
29 6392 4397 1437 3919 8193 3283 8494 4454 1620 4500 991 9029 3134 3317 6156 4477 7514 5399 992 7640 2347 8408 5184 6022 8516 9474 7474 503 7756
29 526 3782 5973 9385 4144 7430 1243 3587 9994 6824 995 7802 832 9367 895 5978 2658 5493 3773 4928 5961 7665 8742 7306 8306 8024 368 511 9932
28 4065 804 1424 5153 4476 4393 590 3741 36 8904 1011 8214 8352 1621 6418 4280 8210 1073 72 8822 1384 9610 2566 4326 4061 4026 371 518
28 3511 94 1468 6482 5400 8046 5857 679 8154 6268 1104 8808 8899 5330 2369 6075 52 3594 1591 6949 5745 8126 8647 9291 4297 240 5002 9768
28 6130 3075 1734 3278 9515 3118 33 3558 8256 7703 1074 8623 9218 3812 48 5758 56 4836 1565 9401 3270 2089 8706 4705 7923 5215 4866 8314
28 9888 1660 1768 1756 2906 6966 35 1932 3100 8728 1096 8878 7429 2903 7859 8713 8319 5614 1624 8767 6834 7250 114 2405 181 8218 9869 537
28 2995 8085 1805 9304 9836 4030 8176 9350 7142 3683 1189 9012 5080 7612 6502 7075 64 9567 8331 7398 5271 9744 3483 9978 192 378 451 9296
29 4078 1030 1896 5345 5148 7679 2642 7296 4025 1693 1226 9087 7560 1829 5820 6362 7437 4738 5060 97 4041 5518 8556 149 196 321 5789 8307 531
28 6599 2198 1956 961 7798 4629 7842 7840 793 1120 1218 9110 55 1056 57 9453 6009 887 6678 4405 9639 9013 4912 3135 4702 4384 5736 6680
28 5500 8121 2152 4458 5116 9391 6731 6409 8627 6160 1256 9127 7941 4743 9996 66 2695 4596 9867 5458 7137 6066 9977 7868 5466 6495 7729 655
29 6812 3384 2241 2526 9520 7176 2918 1541 8518 51 1516 9839 2877 58 9359 1535 7836 6628 100 104 8059 118 2117 7453 7521 501 6149 7260 6090
28 6845 5326 2332 7648 7890 6681 43 7369 6328 7462 2097 1166 7846 8886 5346 5622 9419 8866 2941 4725 8064 2159 5358 6782 218 4352 8070 8470
29 3387 7382 2335 16 4186 1515 9147 6902 5862 5133 1290 9247 3241 861 9091 3067 6170 2200 8259 3549 6131 3087 8690 2261 8782 9045 4512 711 8694
29 8946 2156 2442 2940 9416 6211 6985 4394 927 2318 1360 1867 1650 4382 6670 5775 8276 7808 4305 3714 6034 8430 7998 7601 3649 8981 7537 7187 2497
29 8097 6001 2554 9732 1429 515 9540 7896 1127 974 1423 2474 781 7860 7258 6072 3576 1013 9726 3738 3509 137 9849 197 235 7900 5621 764 4188
28 6885 2563 2785 7219 7742 1907 2096 6389 7693 8588 1431 1460 9179 3390 9552 86 3641 6946 7428 8674 4073 142 7073 6260 8515 390 561 8816
29 8033 9960 2793 5794 1152 5896 4948 3182 8469 4095 2078 6954 71 7663 1892 3920 1606 4191 7168 9088 129 3358 6661 7524 251 396 578 825 8696
29 7148 625 2874 3064 9899 9915 8320 8001 4194 2624 1643 9793 1960 2645 2348 95 101 7273 9928 4886 136 146 186 4369 253 9916 9786 845 3116
28 4398 7186 2890 9699 8540 1260 7800 1998 5105 5821 1668 6460 2842 4601 5833 96 2485 5357 9085 122 9234 139 5932 9572 262 4412 4998 849
28 9014 3968 3119 429 9967 4286 3703 4745 8828 9658 1683 3146 5766 9501 3609 3495 6953 1611 9706 7504 6662 4971 195 2491 3014 3207 637 869
28 5831 8546 3128 3682 3707 6753 6826 1440 9990 987 1688 560 2520 3269 5152 4113 8599 7231 4742 3976 2035 160 5873 7220 8241 427 8986 9724
29 2854 3240 3258 4802 4436 53 8958 9184 6218 4577 1694 2610 5259 7588 2666 99 112 8758 1058 1649 151 3990 7659 9637 9679 7930 7322 7049 7796
29 2822 4634 3361 8566 9702 629 2359 2853 9240 3908 1749 1402 9309 7077 9902 7615 4149 2174 8997 4649 154 4558 5180 3800 8708 439 8539 946 9700
29 42 9446 3460 2971 6102 6504 6519 2674 2303 6847 1837 1915 3121 3923 2683 8780 6492 912 2045 3029 6194 8079 5088 6751 3214 448 696 7540 6051
29 7576 6488 3534 5113 3367 6379 7464 1888 5757 1089 1849 8813 92 9279 9763 2278 1511 2307 1563 5625 155 3200 2503 7972 6059 9113 5375 7471 2288
29 4616 3025 3503 2736 7295 9258 62 9936 6535 4031 1852 8815 4430 2082 5075 4167 9469 5567 7495 9000 8809 9210 7019 6086 5795 453 5618 977 8392
28 45 4980 3533 8745 6563 2221 5637 2238 9491 6385 1986 9821 4284 8686 6696 8990 6518 8116 5186 3252 7226 9682 7445 3713 5936 467 6442 1001
28 7643 5703 3681 9606 1178 9590 6816 8264 1810 5355 1872 6183 2076 4343 1452 3211 4378 4645 2602 9897 162 2317 2529 4270 344 3197 8290 1099
28 1959 7132 3693 896 5298 1985 7406 7347 74 3254 2055 4021 3356 3629 1885 4072 999 7365 8107 7372 8030 6679 8852 3478 2938 480 769 7774
28 2234 8299 3765 7191 779 3836 5682 4116 3745 3887 2068 6651 7877 6508 3034 9712 1887 4162 3261 148 8656 1646 2784 4593 7791 491 788 1177
29 586 8404 3833 487 60 5724 8381 3326 5406 9274 2230 8191 5661 7973 9381 4819 9295 5272 6734 1273 3965 4013 6355 4905 7164 7843 4897 1185 9212
29 6229 3929 3878 5461 5117 7715 1521 8679 8793 3388 2243 39 5162 8094 6345 3463 3740 4493 5554 1748 5165 206 1974 8174 7094 497 824 6730 9307
29 9988 9814 3856 6655 6113 9462 740 7751 7748 8309 2931 3055 8145 6701 9008 2287 6323 7217 7127 9171 8181 3294 4468 8535 6577 5548 8743 1212 8629
29 2265 1387 3899 7864 8261 7482 4553 1917 8680 7670 3364 642 907 1544 5104 8051 2216 226 7624 9432 4554 217 6799 8802 9962 4600 836 1235 9604
28 8090 2496 3911 69 8613 7383 8957 4137 8235 7097 2373 741 4132 1761 9800 4839 131 7129 8056 6589 7302 2356 2160 8363 9912 9904 8187 1268
29 9351 8502 3991 40 1776 2218 2622 80 9660 6567 2509 1329 109 4578 2424 4845 9297 1033 5733 6035 3296 5025 6239 3948 415 574 5216 9527 960
29 4182 8561 4057 9128 3762 6657 4093 8365 9853 4396 2513 7766 7443 3926 6892 998 5541 2047 4860 165 6118 2240 6517 6103 2862 3583 8514 1298 2107
29 4904 8698 4060 3781 2048 73 6267 4524 87 6630 2725 6582 3834 8938 3828 7763 4800 6877 3007 5288 201 7451 4485 4790 426 852 870 1315 6246
28 6440 3160 4088 1499 4152 1715 9494 8673 4953 6675 2735 5488 9739 2500 4417 6624 2043 4321 4016 9269 1357 2190 312 374 8522 556 5029 8753
28 2672 7901 4166 6003 2253 593 792 7675 6331 5023 2867 5699 115 8814 9959 9609 5648 1341 7079 176 2486 242 296 5359 9001 3979 936 1367
29 3016 2583 4568 1926 7367 3266 81 3644 5439 8211 2799 7400 116 683 8254 7184 4027 5806 2662 2827 6886 9972 9661 455 9134 5430 937 1397 3232
28 8220 846 4259 540 8234 2394 6299 8022 3192 1081 2802 54 2825 125 5504 6100 4232 9551 9922 179 2750 5141 298 5665 3614 575 8037 6639
29 3491 1833 4338 598 5244 5020 3479 8577 1730 6097 2909 4383 1097 9389 4723 2187 8614 2929 7064 6020 7874 5902 316 399 4228 7166 950 1503 7936
28 3831 3860 4390 5675 5207 7980 456 93 6793 9733 2835 1163 8821 1294 9390 2872 4737 4541 3569 5891 7446 1859 6273 9032 8068 4590 953 1508
28 1408 2381 4543 3264 1024 4784 1750 9183 1836 4483 3078 7009 3314 2724 4776 6930 4525 8702 3276 7070 4491 267 8763 9124 8695 3421 4345 1596
28 389 9589 4754 5815 9966 3275 4597 9362 4575 1207 3608 4136 5137 8020 5220 1070 5484 180 8839 2580 5871 269 2978 6431 6784 587 951 1551
29 2921 27 4701 5237 3373 979 1804 5556 2525 6740 3105 5292 2465 4098 2671 4756 5295 1502 1743 5338 1513 3691 349 6631 8979 5950 966 1627 419
29 3448 2297 4757 5669 9129 4636 91 9648 1477 2595 3110 6449 9116 133 1667 8942 6991 7248 5246 3485 4102 6254 5589 6289 486 617 4556 8167 5193
29 2603 3288 4632 9459 82 2279 3541 6295 1759 110 3144 8335 5894 1936 7114 8422 2364 1654 8563 8817 4939 1699 351 441 3943 624 4540 9607 7722
29 2584 6897 4794 9219 952 949 3917 3830 2142 111 3166 7525 2092 8826 7702 5827 2740 5081 4812 9911 5979 284 8243 5702 9208 8596 6235 7655 6441
29 1048 1191 4797 3324 9735 2126 4096 4089 4724 1310 3229 7531 123 8963 947 9196 3499 2447 7476 4159 5892 8344 2597 442 8637 6159 9003 9802 9784
29 6190 6347 7015 6928 5005 9241 8006 7872 9725 5343 3262 67 5118 143 5718 6841 7737 6387 3162 1201 5203 293 372 8084 6325 8165 1027 1653 7688
28 6808 7313 5041 5751 7985 2201 2301 5353 6944 2009 3330 7195 7554 2944 153 8223 2219 3571 3473 2515 1775 9550 9374 9181 8567 677 1079 1665
29 558 2996 5149 61 7707 9937 1238 4672 4190 4588 3313 4168 8558 1321 1094 4335 3043 1780 7732 4899 7819 9402 5155 5629 509 5491 6161 1690 5921
28 4466 2191 5197 8052 2930 6767 9407 106 5278 6412 4201 4028 9187 3705 2893 2185 183 9174 2639 5078 1722 2074 4176 6077 5549 5685 1106 1738
29 5046 6785 5069 1205 6150 6554 1055 107 1028 6690 4857 76 4179 3377 6692 169 2226 6326 8171 1164 6095 315 6702 464 516 4197 1136 7315 8009
29 7245 23 5209 8547 6073 785 5368 3854 841 6872 3362 7108 8616 7532 157 6846 6653 211 6789 6555 4198 8173 3498 2072 517 4895 1105 1773 2994
28 4611 9194 5245 2933 3582 5726 6643 4692 9619 3865 3336 6252 140 3502 5379 6594 193 8082 8495 3690 1478 317 1841 4959 7617 8061 1150 1778
28 9371 1377 5324 4824 6995 1276 8609 7915 9986 3398 3791 9908 4667 3136 1461 1122 7236 6400 8113 2458 4220 4563 7501 7618 8845 9828 7008 1791
28 78 612 5334 9797 1554 919 9546 662 7981 5502 3637 3453 5063 1873 9923 2256 7218 247 3414 246 5321 3980 8433 485 2510 6762 5050 1793
28 3922 3628 5475 7120 3744 6746 2710 7338 2983 7419 4431 7824 2900 3695 8279 7013 955 5989 3222 4429 5858 3032 7465 2250 2709 796 1184 1864
29 4141 5262 5492 8130 1267 1264 1095 2950 4938 4241 2028 8437 7340 9081 5732 1832 6180 6760 244 6140 7669 2102 5380 5342 547 9064 5859 1868 7690
29 9053 6791 5503 3746 4195 6125 1138 7379 5315 5490 4124 5279 3095 4986 7146 4414 6104 9487 1523 260 9265 8738 2883 3208 8110 4735 4256 8805 7502
29 5876 1764 5532 5349 3391 8910 6027 8873 6470 2960 3742 7423 3127 2686 178 958 1161 2886 9473 8208 6259 4000 8940 3098 3909 806 1211 7908 6301
29 7914 2550 5583 5483 5109 5066 2375 117 4145 2415 3794 7863 3721 6601 6772 7018 5731 3193 248 1394 9319 346 5981 4255 566 8011 9968 1946 6906
28 8450 2863 5595 5128 2141 7773 6105 8737 6547 3675 3797 8832 9655 2973 965 4340 9893 241 6863 7051 1814 8428 3521 2383 6533 7553 8298 1954
28 7674 1035 5756 4717 4219 873 4627 9477 848 2286 3402 2935 1319 5367 2981 9355 5026 7932 5495 8580 4308 3591 5019 7048 6828 7223 1255 1990
29 3236 5801 5608 7244 4529 6421 5351 2499 9808 135 4040 2050 4992 5073 8341 5652 5447 5573 4868 272 8212 366 3910 5294 5196 4619 8270 1993 2507
28 1572 7918 2836 3903 9384 1283 7087 7880 3905 8483 3813 2426 4825 4749 2982 1819 6807 3004 9017 1230 329 4537 7666 6713 7746 8376 1270 2007
29 2805 5130 5771 7724 1380 4530 4486 8897 3715 576 3835 521 4696 8137 7882 802 222 3602 7003 279 1534 7892 7461 2796 581 860 4793 2016 5208
29 9601 5955 5846 8841 9612 1562 784 2450 4385 5070 5311 4591 2124 7043 6836 8860 2445 3885 268 2127 3115 7017 459 7644 7730 9748 6626 7654 6413
29 4119 8339 8870 479 5999 2775 2569 7598 6436 6572 3850 7000 5347 5909 7431 2741 9674 8313 7027 4142 410 4283 7301 2434 6867 1022 1313 7066 7649
29 3363 9031 5889 2963 1080 6869 5683 6817 9267 9376 4665 584 2033 7809 2615 3400 8707 4010 7285 4837 9493 8508 3002 2559 7858 9030 1295 2134 5065
29 9168 7030 5934 1822 2578 6822 8834 1904 6764 7580 4062 6997 8661 5874 1453 7795 9021 6039 8537 3792 9938 5663 8789 4999 616 891 8744 8265 8636
29 5777 957 5941 2169 8936 9322 2018 7054 1326 1671 4140 6145 1972 5664 5716 214 2753 255 2164 7241 3935 2421 5558 2778 6916 882 1323 2155 6835
28 9049 5535 5952 8829 9621 2036 4730 2331 2601 7709 4833 9857 5417 189 4851 1054 4538 2690 2402 1400 7920 1529 8104 3493 621 8272 1327 2157
29 7828 750 5967 4217 7976 8108 4302 6215 1253 8316 4163 8284 8722 4617 5804 9673 9214 6343 8491 4670 364 8359 3655 3112 9934 5937 1345 2217 63
28 1666 7566 5984 2693 6983 908 9599 9622 141 3784 4204 9332 9057 2977 4918 5577 3939 2173 6695 2490 1696 1514 8388 7714 634 940 1350 7555
29 6638 4236 6200 7060 4123 1923 7349 5457 9781 2788 4262 2986 3975 2682 210 938 3799 8461 8429 9693 6608 423 2437 6534 7386 9320 6157 2267 6511
28 3883 4392 8434 9930 3050 7621 473 134 530 2689 4292 7432 9628 6484 3096 8190 9409 8321 4357 9516 3357 7263 7754 640 638 1385 6776 2213
29 1587 8504 6214 5462 6459 791 6859 2313 670 5568 4460 4266 6115 198 3786 3458 3927 3125 1480 7582 3809 9206 2588 2926 641 1015 5928 2215 7820
29 2922 3210 6245 5310 9627 4983 4307 8532 1306 619 4489 4019 4002 4925 2882 3672 3319 2128 6307 1992 7565 4772 4210 3998 7705 8895 1399 9558 9138
29 3039 1062 7689 2399 1558 4181 1996 8478 5053 7745 4497 3273 4456 7549 213 234 1057 7823 307 5853 5607 7339 8836 9074 652 7050 4699 2249 9600
29 102 773 6578 5895 6000 2873 132 4377 1064 5763 4504 5694 2316 8334 2114 1114 9560 4865 3244 3394 7686 6733 3165 9034 6920 3906 1473 2296 1635
29 2098 482 6600 108 2013 9773 5079 499 6750 5012 4579 822 5281 2428 2970 9050 3814 7994 9641 3372 7420 3307 7658 2046 9285 5032 1484 7775 7162
29 1753 9360 6610 6699 3306 5360 2298 9456 926 1532 4647 9728 8861 6182 5202 3961 6884 2299 6232 342 2932 7303 9063 3219 651 8959 8585 9163 9741
28 3249 9243 6729 7335 1855 605 6634 3281 8274 6472 4679 2120 2276 6010 866 7033 263 285 3728 2598 401 4729 7895 5615 5261 5609 5178 9941
28 8232 5160 6720 5112 9884 3610 2840 3090 9457 5843 4684 8907 1459 4420 8338 7558 8028 2229 8233 4987 3140 7113 2612 7074 9542 6673 1522 2406
29 8725 1691 2418 5472 8751 4887 9537 7028 1485 5403 5238 8857 9072 9411 9177 8610 7912 3552 326 347 1388 4242 4209 5571 8749 990 1533 2386 7577
28 7080 405 9366 1700 6283 3238 610 2410 8641 7955 6210 6454 8801 4930 2204 7212 1272 1789 2702 348 6514 8065 5381 6797 8247 4811 1540 6663
28 5454 6982 6796 4650 3524 4718 8293 2433 8251 7390 4726 4519 7589 6253 4120 6644 8667 3327 4202 4991 1324 7266 543 5101 717 1010 9580 9782
29 1466 724 6931 1862 9790 8651 9665 150 8638 6606 5592 7345 3174 2463 9796 9830 8226 299 9345 1803 4731 3626 9903 8058 6654 6637 1550 8879 1363
28 602 3665 7031 9984 6237 8421 9825 9394 8581 2947 4822 9704 5803 1721 6398 254 6111 302 5841 4863 3843 469 4265 4287 730 1071 1559 9354
28 7822 9136 7448 5156 817 1969 9302 8620 8292 9153 4856 6693 6948 4090 7035 6904 7803 303 3754 4439 433 7913 2729 6838 731 7789 9829 2494
28 2849 3265 7096 3316 7699 9752 690 5396 5146 3069 4898 4533 6018 5993 6873 6629 1613 4609 8671 9226 1438 6158 9450 6887 749 7090 1607 8715
29 7427 688 7235 4870 2323 9678 4495 8968 3500 7765 4941 3825 8721 225 245 3250 5531 8217 5799 7095 4208 5544 8716 632 4459 9347 6633 2504 3748
28 3190 1568 7395 8625 1197 5448 147 4452 3465 1519 5035 545 1933 231 3026 6462 3512 8414 3615 1379 6458 2461 4155 2751 5864 5870 4714 7063
28 5919 6770 7871 7698 3620 7249 3537 9406 177 1679 5055 3191 9158 3199 5132 264 2387 5287 8367 9230 7170 3739 6560 1978 8810 9927 7966 7568
28 1111 6154 7569 8003 2966 6123 489 5138 7240 1020 5059 7188 2818 9135 5720 8550 3886 8425 2726 5616 8473 6477 3447 8685 787 4981 1638 2528
28 8995 523 8026 6032 663 5797 6500 8718 2027 2071 5222 997 3819 710 2845 1456 9387 985 355 1757 6372 8557 6548 6569 7125 1115 4592 2530
28 6042 1938 7574 8717 4126 4739 1229 6522 7931 1242 5068 798 1489 5451 4277 2283 2692 324 1265 3255 2628 3823 2483 2376 9025 5918 9161 2565
28 9581 3704 7787 2876 4777 1123 6710 4282 8783 2955 5314 8350 9490 6915 5426 5519 297 325 5617 3342 5762 1782 4409 3045 2537 6029 8574 2561
29 5835 9594 7793 2769 5263 5307 9229 4395 9044 8476 5297 1564 223 3321 8140 9588 6802 8155 4763 8692 458 506 1669 692 3930 3120 7861 2582 4539
29 3042 7708 6778 7744 6351 3755 8924 5670 902 4272 5781 6862 9855 5854 5962 270 5643 6940 2460 5087 3617 5363 607 1997 3196 9687 1672 2585 2659
29 8595 2765 7946 7458 3268 5525 9856 2687 4079 3487 5366 2040 1320 6811 8329 274 5594 5688 370 6691 2605 3689 614 8527 7154 3274 1678 2587 5885
29 2378 5233 7984 3950 9190 8681 4975 174 2937 8944 6225 6191 228 1102 8148 4230 6334 5672 6527 9195 6401 7092 4336 7647 843 8953 6737 2611 1445
28 2635 7494 8125 5545 8530 6481 3443 2591 190 8993 5322 9689 1244 1418 4943 278 3409 5003 3718 3428 7716 5735 9061 8393 5536 5586 1697 2623
28 4852 4260 8143 5129 4834 2677 5435 9437 9289 7661 5397 3298 2044 2967 1145 6698 9630 4453 7684 1335 6107 9684 3257 714 3993 5543 7593 2630
28 1472 2146 8177 3172 3150 3716 163 2409 194 7415 5413 3035 3020 249 7099 1496 4125 4310 3031 3052 7548 2377 8179 7440 6717 9723 1739 9255
29 2823 5049 1712 5881 1737 158 164 9880 1797 9093 5429 5550 4892 7001 4862 7172 1536 1858 5986 9644 6605 520 9905 7289 8935 5729 1727 2661 9895
28 7678 8406 8366 2472 3844 4697 5714 5303 7405 204 5474 1880 237 6809 5067 5270 5394 3805 2420 5630 4154 9146 6694 732 859 8244 8619 2668
29 6975 5370 6497 5127 6516 1795 2644 4478 9149 3648 5508 3631 239 8446 7948 3692 2224 2910 4056 3089 488 2579 5120 754 6506 7951 7174 2634 7887
29 8854 8394 8386 7969 2135 4082 7086 939 6615 1676 5514 8413 5974 9010 7692 2757 6353 5464 6127 4606 8091 542 5765 737 9805 1263 5712 2678 8799
29 1999 5097 8205 3694 3992 5860 7327 184 4521 3545 5951 2116 5768 259 1358 6611 7626 354 7479 6333 6880 9318 8929 5560 8197 4682 9018 8898 7417
28 5371 377 8399 4327 9150 1165 8564 185 200 4158 5530 6238 6085 8185 3889 8475 3047 4406 7040 438 1356 5449 3154 6688 8846 8658 9767 2719
29 9543 5944 8415 2469 2506 3733 173 7541 8398 2183 5547 7082 5428 9160 5027 1221 6396 3884 7635 5469 9373 6825 9108 5660 892 1288 1851 2783 4300
29 7633 8579 8432 1983 3126 4084 7572 3556 4185 6296 5578 5327 7838 5691 1401 4883 335 5419 4924 7506 7434 2438 6848 9881 9900 9423 1801 2791 8311
28 2734 5383 8523 5134 1398 9980 3205 9078 1121 1082 5597 3490 5579 4160 3220 7102 7733 3085 1291 5431 9519 5824 3996 9342 4367 3406 8353 2804
29 8346 698 7402 144 8833 1236 5323 2266 9451 2001 5601 6224 5108 1483 831 5662 4522 5205 424 2696 3093 9225 9301 4222 7106 6184 9152 2809 3143
29 138 3492 8543 130 8053 589 1344 4387 1603 1883 5603 4440 6352 6024 1308 4148 904 1346 1720 3466 8735 4816 661 4631 7604 5747 1875 9873 7911
28 2446 436 8654 4896 5226 171 970 2334 7163 219 5659 6927 8844 4748 7265 5695 2889 4054 8571 454 6165 9840 3994 3084 7477 6901 1891 2810
28 7136 9538 8657 7481 3811 5318 9238 8572 5878 3215 5749 7645 2577 1406 7112 4112 6079 5212 7333 8086 2641 9715 7600 809 4337 6358 4890 2879
28 6423 2698 8678 5997 2860 3164 8050 7441 7078 1032 5793 1168 4100 6060 4368 8373 9427 5628 5498 9783 3966 4849 9198 814 5569 8582 1916 2901
28 9413 1492 8927 1614 3954 7957 2391 3803 5887 3989 6069 6674 4612 1952 5135 6837 5924 7210 3408 6394 5656 9722 695 856 8002 5593 4683 2936
29 701 8246 9104 7026 6313 7723 9121 3170 2247 3167 5856 5000 4428 9434 7953 5443 4843 6124 1684 463 3924 8102 9819 818 9705 3226 1928 2952 7652
29 7833 6557 8983 7979 8699 1575 606 3604 4083 6708 5904 6814 9466 7300 4213 318 1567 7585 9676 7083 8301 7818 8905 8770 5275 5285 7852 2956 7917
29 7662 7613 9117 4239 9636 3851 8257 1340 6919 230 5906 2153 1405 4215 4829 2077 4614 398 2700 4770 4781 9313 699 6907 2478 1361 8374 2957 7527
28 2440 6425 6879 3698 2479 7436 899 1160 8036 2707 6138 4869 1747 954 7656 9757 8242 4035 1823 7825 1355 7140 9789 3081 3547 4346 6564 7348
28 2150 4049 9166 1520 5713 6016 5619 7878 3156 7330 6171 2647 2080 4045 5972 1783 6384 5389 2473 6875 3017 8163 8302 9524 7396 1369 1991 8768
28 1179 90 9257 9933 1250 7721 1076 4231 5168 4638 7305 8562 8665 777 305 3343 3869 9653 3263 4330 7797 8676 6316 6659 4961 9579 5489 2968
28 7937 4922 9336 9632 9123 8697 3346 8111 5176 7268 7727 2948 6386 6878 7012 6134 8519 5651 5043 5267 8340 6592 5190 8648 3661 4954 6524 3006
28 681 5939 9441 7638 5612 9097 5167 5506 4017 1980 6185 4127 5828 6829 7587 6438 2564 9426 4498 2208 3874 622 2392 9924 6490 9586 7697 3021
29 3902 1204 9417 7552 4455 4628 3242 6274 5861 9737 6188 644 3454 9458 3063 6365 5076 414 1702 7366 1569 6196 9205 5515 6709 1428 2031 3038 4915
29 152 839 7397 3201 434 2144 8500 209 4562 4652 6357 4316 6882 1188 1830 2034 6306 4299 4604 9746 6122 9331 9623 857 6408 7731 2059 3048 3595
28 2368 4474 4660 5632 2195 6485 7203 1245 6163 2457 6531 2255 8337 6721 8630 4902 2466 2327 8984 495 562 5922 735 6293 4798 1446 2075 3059
28 5455 286 9460 6864 3763 5705 6618 7227 8042 4334 203 2946 8591 2743 8109 2225 3639 9717 4359 8161 9656 6391 7360 2115 8736 1464 6217 3071
29 4071 6257 9584 563 1421 4587 6304 7356 7660 5119 6263 872 3686 5015 9299 3437 6924 1403 5038 1252 7085 8474 5649 2638 6761 6203 2099 3080 8670
29 156 1817 9591 6635 4249 7728 682 2435 5802 4864 6609 3846 9300 3778 8675 6786 381 8396 8054 3916 3624 4620 752 4531 6704 5256 4422 6865 8618
29 601 4574 9635 477 2353 4156 2782 9272 7046 5045 7407 6813 5441 1847 914 6380 9852 2407 6775 5179 7057 8071 7933 3163 5882 1486 2119 3107 2436
28 1717 1925 9695 9224 9428 9874 5348 975 7869 6256 7761 2913 9497 2589 7739 5646 386 5899 4372 7160 579 1455 8485 5009 7616 4762 2123 7399
29 934 1130 9820 968 3442 1961 4514 9310 5401 7455 6697 1182 1742 6114 838 4146 4750 3068 483 4806 8361 3561 3995 889 9788 5471 8978 8180 6787
29 5798 7297 9791 6889 3764 684 7375 6244 1777 620 6800 8755 4906 4919 8901 8175 1918 440 5572 6529 3564 1979 783 9766 1119 7002 4775 6625 8385
29 3873 9246 9868 1139 5855 8714 7361 513 4348 1602 6820 310 1128 1467 337 2527 1616 7143 3945 9614 4253 7391 7224 6335 5809 8077 2143 3159 4275
29 7590 3247 9942 4311 1758 2049 5478 3651 2679 6084 6989 1389 8455 7701 1774 361 6977 2113 5123 2997 6468 2621 8088 894 6783 1615 9444 3188 7021
28 666 2803 182 3149 422 3122 6452 3871 4589 7651 7036 4101 3310 4546 1905 3657 2727 444 490 7041 6984 6420 9193 5812 1404 9099 6496 6942
29 3590 1846 8952 1860 7650 3536 3783 2531 243 5976 7091 4290 292 2014 6338 5565 407 7410 1903 5697 2081 8357 9503 4850 8803 5398 9650 3285 9770
28 1808 7720 7611 4214 1049 2519 1674 5177 7592 9883 7131 359 5332 9672 5786 5409 3073 7889 4451 7098 4709 1481 808 4584 4666 8305 9071 3334
28 9714 3179 9202 8503 3953 1681 6049 3040 2917 8477 7209 8347 3435 6272 5947 367 6850 2227 8608 1116 4285 3572 8169 3369 8409 9398 5635 3375
29 8980 8730 1670 2228 6177 678 2608 3934 8687 2919 7190 2412 9007 6951 1853 1894 9047 6466 1955 9237 7814 7594 6583 4105 8559 1601 9100 9643 3634
29 3256 5467 8592 3385 8282 2746 5796 5424 1411 7629 7257 7068 1919 3368 7557 369 4610 9981 500 9846 3397 5250 9514 948 4381 9023 4552 6806 75
29 7759 9718 8017 2396 9268 5945 216 484 3341 7024 7291 5791 7056 6457 4371 8578 418 1732 2026 2871 668 8888 5719 3848 1181 3451 7123 3422 9914
29 962 1942 8513 5553 7084 208 8201 6112 5159 4888 8358 4443 2606 2576 9334 8908 2945 1950 3880 4301 2733 708 821 2953 1209 1629 2273 3403 9478
29 8057 4581 3051 4917 5460 4165 3881 4315 3882 5100 7336 4435 8538 1879 1392 5378 4059 6315 5131 549 2073 1570 823 9170 7738 2357 4674 3436 6575
29 9058 3832 8565 2384 9751 3318 4221 1433 9425 4306 7409 2370 5869 918 7130 4207 2341 461 508 8856 9638 712 6981 9020 1227 1634 2291 3444 5638
28 3636 3169 9506 9804 9120 2236 5671 7944 252 1427 7472 5818 2923 339 3983 5268 2292 2270 6528 8098 1922 7567 6911 978 6818 4517 6955 3504
28 7138 5147 4238 9685 1745 721 2106 6361 9324 5028 7950 5480 916 3568 4598 9877 2312 3596 7447 9005 7971 5089 826 6053 7991 3345 8412 8964
29 175 8590 5653 8733 7575 4567 7910 9762 8541 2892 7484 636 3798 3974 6450 4332 5590 5001 1286 8800 5421 1475 828 7717 7517 3355 2306 3472 5517
28 1813 1599 8850 7636 2573 2992 8865 9315 2477 1692 7503 7771 7990 3449 2739 5546 5539 3046 1471 6682 8452 723 5319 2282 1266 4913 2349 3529
28 1785 3104 5564 9559 9640 215 4942 3203 1895 2176 7536 6552 6728 782 9024 388 1376 9405 8016 5335 2172 7736 5792 983 3710 8830 4940 3531
29 5057 3181 4765 170 7442 5542 7061 2797 6186 3785 7610 6707 8512 9792 1719 2237 9066 478 9896 3245 4920 4968 6909 5764 5633 47 2371 3530 85
28 2820 9692 6265 8438 4386 9721 3272 5390 6236 8493 7614 3955 9303 2354 3941 8129 7155 481 6505 9946 4007 7454 5039 8823 1279 1655 2380 3540
28 2223 4303 8977 3643 5308 1430 4069 3858 261 9818 4293 8734 322 345 5606 6706 4033 471 524 5754 6070 8719 5011 6339 6366 5667 7903 3554
28 7426 6683 2330 7929 8950 571 232 5587 4545 4641 7743 7811 8035 5840 1482 3470 7221 9671 2723 4853 658 6455 9652 5599 1281 9080 4548 3555
29 7318 7794 7173 6935 8906 220 1487 9565 3195 4997 7816 4344 9249 3893 8807 3674 2798 7425 535 9807 4206 8275 8326 2884 1287 6360 2400 3570 4331
29 1769 7781 6819 9592 9397 221 6990 311 5496 6364 9500 5770 9278 5761 2171 917 3928 1578 7510 4663 9775 6080 8838 3424 2393 6153 9505 3580 124
29 4523 3877 1330 2263 3177 3680 7538 250 3821 1259 7815 1069 9370 9845 7491 6166 449 8041 4894 8705 5893 6855 5445 3842 8343 1705 7997 7178 2480
28 5588 2713 3937 5387 3518 7485 236 1368 266 9634 8215 7213 331 3806 3461 7909 4106 7975 7141 591 8612 757 2340 5017 5344 5161 2431 9510
29 9670 7179 9131 850 7867 3347 8410 5170 7202 1304 7847 7753 334 9233 1135 4177 2697 1906 8300 6383 707 2210 3577 1017 1305 7435 4502 3642 2103
29 187 3505 1491 2012 7151 4355 2154 3335 2233 290 7875 258 855 1314 844 1457 7159 6045 8827 4499 9843 765 876 1061 7542 4380 2444 7559 1199
28 9191 5673 7183 1909 2085 2137 7239 572 2541 565 7942 4687 8507 6735 382 920 3895 4043 4389 7325 4932 9306 880 5538 6660 5780 4257 9837
28 3440 6668 5555 4091 3845 1257 9223 9107 5253 7597 8013 5106 1695 4425 8650 2888 2419 536 4618 3282 3497 770 5286 2285 1316 6397 2456 7165
29 3423 9213 6857 9522 5258 5416 851 9172 4874 3320 3546 5420 6098 7118 1409 5356 5790 3013 8186 6346 9245 9176 5341 2964 6745 3779 2467 3808 8909
29 3815 8545 3383 7020 4976 768 2609 6652 5739 5183 8055 3194 1436 3011 1504 6968 9169 5640 9144 3000 6067 2363 9508 1108 5813 3607 8062 8114 411
29 9111 6227 2524 9811 2752 9708 9831 2574 8441 5975 8122 6672 2998 3981 7586 984 7499 2425 6967 2742 725 9486 7101 4150 1333 3962 2481 7907 9154
29 1965 6980 4994 9755 9382 7769 7065 9898 6230 6515 8131 7906 4547 6486 2939 8882 8498 4164 4023 8825 6831 1953 7486 8955 5805 4561 2493 3829 2367
28 5260 1824 34 8049 229 2358 6676 8328 901 4931 8147 2826 8604 2235 4157 5746 9140 505 9156 4686 1561 7311 898 4908 3588 8987 6883 3857
28 7851 5388 5966 9646 6620 7865 2258 1784 6874 8655 8224 7928 4599 9464 5072 7681 9683 2660 6120 3445 1605 4342 9433 3438 9759 1820 8317 3870
29 7584 1425 1807 7894 1124 1631 2058 5433 2281 3212 8258 1908 6213 3382 1507 4934 830 507 7563 9294 6349 1827 932 8747 4138 4947 5361 3876 3952
29 8598 9740 3630 2459 3396 7845 4722 3625 1839 2654 753 7076 3416 376 1856 2006 6078 7813 2988 6270 2688 9114 2987 9620 2885 4820 4353 3913 6164
29 2452 7511 2813 2003 931 1794 1593 800 3802 5071 8318 5249 3635 3543 2837 9312 9513 1195 6054 7685 727 6536 4296 6619 8994 5092 9971 3918 470
29 4322 4671 4170 6117 4607 238 2838 9182 1549 9442 8325 3407 7237 6192 1662 8732 1977 7292 8199 1087 728 8287 8632 5946 1378 6028 7371 9841 4964
29 3425 8472 2365 6936 4200 9761 7870 964 5570 9885 8330 9979 1934 6388 9217 6226 5040 4404 8379 7403 6923 3726 942 6040 6832 1881 9358 4014 519
29 7324 8835 702 1100 2212 8266 8178 4566 8004 2280 7243 868 6367 1642 8621 6147 6146 1351 2592 8795 9137 3750 9496 7734 1393 8682 2532 4037 582
29 5266 7487 8134 9042 4034 8277 813 5223 1725 313 9976 1206 5024 4218 6399 6743 4623 1231 599 9985 7530 2575 6465 3727 1396 7804 2556 4063 9418
28 3153 3720 3972 5377 1505 4175 4183 3904 4640 7671 8391 7059 2495 8775 4779 4365 6376 8720 7578 657 6568 9062 8010 9277 3859 7677 7801 6656
29 9925 7545 8903 8118 5680 5229 4313 9745 1767 3774 8499 5963 5913 9118 7058 6220 5958 8757 608 7780 6645 5715 8633 3459 8712 3148 6240 4097 4644
29 1134 2086 2604 6155 5574 5949 7412 1735 6312 2132 8466 1548 6849 6684 6591 5373 8087 4534 7103 7634 5722 2669 2824 3510 4291 8487 5970 4111 4659
29 577 811 910 4937 1863 8693 1300 6286 9006 6715 8617 3548 865 7104 6544 4421 3890 8420 3822 1850 748 7034 8127 2990 6929 1943 9573 6974 9982
29 207 3076 49 4480 1608 4817 9356 8911 2207 1545 8511 8047 6206 5427 6426 3616 494 8837 7783 672 2455 3523 963 1237 5386 4532 6513 9847 592
29 8141 4989 7475 6970 8273 1913 555 4472 3158 5407 8602 9051 9833 6187 4637 1488 5056 4103 7023 9337 3768 9305 8252 1254 9148 9164 2594 9410 4184
28 2870 159 1816 7309 627 7158 3114 9395 2310 323 8628 911 1262 406 6208 2372 2593 538 9266 9199 4203 9449 9335 9878 4877 1967 6842 7947
29 7995 7222 2005 7230 5585 5210 4795 541 7392 6344 8652 4988 1303 7884 1171 7126 7834 4847 4787 5676 7444 5328 3627 4366 1449 3601 2620 4254 7264
28 4661 1312 5213 6493 462 5251 1412 6099 685 925 8668 8976 5018 3879 3477 6119 8534 6689 631 6132 1703 6342 8188 7583 4615 6068 5948 4235
29 8551 4796 8934 1809 4926 7668 1854 9380 5090 5121 8253 1524 1280 680 2540 981 2108 6965 2453 6987 5626 7145 5316 3527 1474 4695 5432 8443 647
28 5832 626 5917 874 5940 1588 1414 2021 9851 4110 8760 1630 2066 412 751 8283 7630 8034 4261 5047 767 3676 8160 8045 5985 5734 8928 7899
29 395 3551 8740 460 9772 9963 7637 9975 6162 5704 8794 1292 1948 8390 1517 9564 9276 8023 2246 1940 2787 4744 2443 4416 8533 2008 4962 9431 694
29 820 5837 656 3350 5456 4005 7022 3420 8076 8700 8877 4375 2314 5848 1458 5842 8982 3891 8868 9512 4626 7827 2336 1277 8117 4437 5774 7805 697
28 9189 8896 9075 7351 1644 8884 5863 9461 5935 8150 8894 1045 6993 729 7363 8362 3837 6494 8444 9711 7497 5933 1005 9667 2819 7107 8236 4339
28 6198 9054 8286 5247 5566 6255 6007 9585 9954 4289 8917 300 4147 673 2342 9424 5880 7189 9597 6549 786 8157 7987 5158 1509 2041 2670 8216
28 1641 8468 5721 7394 7625 3757 1677 8442 4247 8603 8988 301 1034 4603 3944 6448 1383 7438 646 4879 1987 8467 2025 9022 1518 7478 5372 6732
28 3117 2517 4169 1407 8074 8966 4076 6686 6550 2552 9035 9482 387 7682 2617 2151 2568 5773 8198 9396 3749 9605 9602 5996 6013 2067 4956 4364
28 1141 8948 5511 350 6382 4867 2673 2242 1657 1317 9067 1002 4379 2413 7844 8688 514 1632 8156 9026 8806 885 6139 7052 4196 6008 6320 4418
29 9141 352 7496 2244 9079 6005 6551 9485 6300 4388 9056 6976 7989 7346 9707 815 4838 4752 8947 8662 797 8342 7055 5819 7413 5276 2781 4419 4347
28 9738 9288 1113 7581 2239 5102 8281 5010 4758 1007 9363 8294 394 428 5800 4312 3418 7353 6083 4786 4333 8863 1031 5686 1543 2088 5845 4526
29 6933 1038 9951 1590 3410 837 3019 5916 3777 8040 9375 8859 3147 430 6483 4258 8029 6110 1619 3600 7198 4024 9536 3351 5725 6012 2786 9481 819
28 9284 3209 4996 1417 5333 3186 6341 5218 5748 4055 9420 1395 1920 5093 3753 7515 4555 583 7964 8380 9275 1989 9950 1337 3015 3041 2789 7806
29 1566 5645 3575 1192 6407 2024 4323 7117 4880 4229 9548 1799 5395 8426 1249 9421 6851 8336 4399 9801 6219 897 7857 3237 3936 2105 5507 4594 969
29 4753 6956 68 2037 5520 2166 2138 3297 3912 4691 9562 4873 3839 1870 5191 492 1886 588 5750 7507 5788 8209 1086 2896 1576 9987 7194 4625 1154
29 5552 2711 7329 9891 5968 1659 8711 308 739 1083 9690 1709 403 7620 5581 6895 3820 2792 3621 8403 8729 8075 7967 8192 1594 8880 2807 4605 900
29 8858 4066 3579 6363 5181 9115 5166 4642 4341 9203 9720 2643 5352 1261 4761 5505 9525 9709 7225 6285 2277 4569 4012 4320 2731 7029 8240 4635 973
28 4935 3171 9913 6961 2841 8766 7299 2744 7927 3176 9771 4153 9372 1029 475 9716 4549 8196 9875 6023 7535 6089 2545 4681 4360 8228 7772 7422
29 6424 7704 9743 3476 3557 5654 3033 4356 3185 3532 9835 4882 5289 9068 7276 8597 4129 8269 3142 1296 4675 6116 8427 1347 4995 3173 2814 8194 1289
28 1711 6891 7529 3987 421 8765 2868 996 6854 7876 9970 2122 7404 1103 9931 8355 2432 595 9758 742 1984 4484 1112 6324 6136 3653 2829 9544
29 7883 8440 4481 6871 6790 2339 2439 3489 5510 4559 9842 6287 9222 1661 3401 1664 2315 3359 3248 5977 2773 8531 5575 5337 1626 8893 2850 4685 4171
28 719 7205 2557 8586 2965 4009 675 2794 4044 358 9917 353 2148 5122 9547 9197 9507 2087 6417 5362 827 7562 3578 8112 2626 2189 8945 4690
29 5482 3482 687 4099 8083 6718 3731 745 9554 2175 9919 1754 5282 1223 3723 9122 3204 8587 6058 3761 4234 1658 6774 3111 9476 4827 9645 4712 1637
29 3592 9248 6765 6474 3009 4252 1547 6866 1821 9499 9921 5998 5611 2984 8796 6439 8999 613 705 1582 4216 9468 9813 4664 8146 7741 2895 4708 1648
29 9211 7006 544 9352 273 7286 3573 5296 5301 8974 9973 8008 5890 5817 8915 8095 4438 1336 6759 7550 1463 3338 1129 2328 2505 2706 7938 4707 1651
29 4967 9764 1556 6258 6748 2352 9467 5759 1525 5700 1092 8296 6763 6174 4855 9617 4970 9587 1246 761 5563 6805 1731 4721 2567 9422 2915 4747 4678
29 5254 1359 6888 8875 2755 8701 2429 1944 4193 363 7037 9780 5405 6941 6716 5477 6758 3824 2754 763 3178 5437 6858 1374 7788 9463 2925 4767 1766
29 7609 476 9361 3866 9076 2147 930 2745 3234 7664 6033 9089 2262 4161 8762 2251 5487 3293 7283 1510 959 8748 7687 1375 7332 4237 7294 4771 1911
28 6430 474 1066 6234 4715 289 5693 8454 5312 3304 3925 9654 5497 3807 7919 7196 6204 3184 8459 6896 9357 7954 1183 9082 7770 2268 7004 4789
29 3766 8364 8851 3005 9817 2768 2468 4015 2613 9339 2030 2887 4835 6082 6175 9616 1117 2492 7373 3789 9834 8411 9364 7342 6943 8416 8105 4821 2084
28 5959 4433 7380 8324 9806 3412 630 7393 4457 4958 7473 7334 6025 4294 8601 6453 2462 2070 1338 6558 1528 9132 1900 7457 6201 3168 8589 4871
28 9340 4805 7695 5696 2815 4655 2129 7768 6971 789 452 9575 4689 6749 8560 7124 1828 3419 6827 3666 9926 5814 6917 7228 9863 9244 9866 4875
29 6056 8568 271 7331 3417 7607 3001 4969 4003 6860 2260 5442 9651 6429 4633 3370 2484 1623 1656 774 867 3223 6986 4907 4688 5787 2969 7153 1921
29 4804 9447 4773 7384 676 294 6727 7561 2403 1307 2590 2178 6585 8371 1968 2581 4492 4085 7262 776 1755 3864 8308 2618 1765 9894 4516 9204 2338
29 3187 8152 2777 4535 8063 4933 7016 5742 356 9178 3228 3286 5290 2004 1771 4109 1225 8900 7314 1970 8069 988 1966 8542 6222 2308 2985 8360 2149
29 9321 8961 7014 6475 3405 6876 5058 4273 4205 1039 4178 7377 3290 799 3028 5299 4814 3960 6853 7956 7211 6642 4403 4733 1682 2329 4881 9827 2254
29 5062 9662 89 8949 291 6292 704 6057 2961 5822 4945 6434 1618 9414 7199 3102 9659 2321 7433 3967 4022 4173 4267 6769 9642 8916 6435 4923 2388
29 993 862 8969 6463 7279 6348 7408 1194 7680 6666 5036 4990 9809 5450 4276 7271 8764 2231 5415 5778 4854 6108 5225 8203 9112 2345 3008 4963 2423
28 654 2830 8166 6092 3139 9629 319 8553 8645 1610 5412 5083 1935 6665 2010 3344 4328 5385 8230 3395 5004 9603 7197 1454 7411 7261 7965 4965
29 3060 9887 1746 3951 6374 4314 320 9571 3724 8912 8089 4565 4985 3585 1170 3287 1047 650 7632 6064 5684 4075 3688 8606 1728 5559 3024 4977 2980
29 8544 8644 4944 6231 8471 6464 1203 9939 5911 1219 8260 9677 6178 3685 2464 9570 9734 7570 8643 3751 890 8923 5085 4993 4271 9535 3030 4978 3227
29 4077 6152 4807 1442 4716 4304 9864 3520 943 2511 1861 2062 3795 1091 512 2326 2631 4094 8684 807 7945 1018 6209 1470 8100 3668 9615 5007 2451
28 8103 7337 8227 8797 2640 304 9989 9533 794 4520 8153 8943 4823 9043 4813 2015 3574 4704 3638 3566 2816 1019 7498 5232 1762 2385 5481 5033
28 5679 9826 5206 2305 9484 9549 9803 5446 7111 8123 9593 7873 8939 8332 8348 4727 5242 6712 7357 7826 4668 5753 5217 7128 2398 8225 8132 5044
28 6781 1512 6461 8356 5534 9096 1994 771 6538 8723 6705 4401 9311 2632 7088 2060 8200 3790 7093 1733 7786 7204 9004 1479 9947 2999 3062 5042
29 2652 4949 1067 1818 3259 309 5706 956 4889 893 1899 5701 8956 8115 6375 3662 9999 2488 6900 5194 7627 5339 4449 4490 6002 8660 5915 9404 2518
28 8019 9561 3656 1051 5423 1740 7891 674 980 6276 7522 9412 2852 8278 7831 6282 5479 6905 759 4711 1332 1041 9608 2991 2718 8501 3074 6830
29 445 4469 5740 2252 2051 6794 8727 2637 9848 5277 8573 3563 8989 5808 7310 7378 9040 4557 9016 9566 921 7452 4624 2667 2866 3734 3072 7533 2894
28 4052 3581 9492 928 3898 3292 8093 5163 9338 9870 2011 6590 3124 1701 522 5214 618 5393 7573 1729 1902 8635 3586 2302 3717 5650 6821 5204
29 9997 8653 1751 6756 5829 9165 5125 9753 743 1370 1622 4564 5689 4423 1353 9598 5199 8480 4653 1901 2366 1072 7902 4746 1798 8195 7885 9192 3082
29 8424 8184 3772 1036 6910 5086 6221 1322 2542 9317 4774 9664 4295 3132 8761 2300 3535 884 9530 5111 2958 3862 3947 6478 1800 3057 3106 8395 4361
29 8044 8039 9756 6509 906 1462 1689 8488 8840 5687 8369 1444 1176 7712 533 9810 5485 6962 2022 6004 9541 5264 1297 7505 7544 2441 6332 5227 2681
28 2182 6671 5865 2715 5598 2701 4694 6744 3711 2061 5509 8144 7596 3094 4199 5956 4656 2521 3852 6469 6700 1617 6926 7354 1812 7968 3083 5240
28 7277 1143 8710 8624 3696 4053 8756 5875 720 400 2100 6648 3131 986 4288 2979 7898 7881 6792 6087 944 6723 6489 1538 7508 2448 3101 6898
28 3183 1893 328 3044 7161 5082 7719 6128 7317 5838 3379 5404 5852 924 7298 7069 633 9776 772 829 945 7469 1311 4783 1815 9991 7470 9995
29 1574 4246 1339 7752 9956 9263 6411 3619 1012 4263 5350 686 8536 8066 8149 1713 7676 5236 6964 9386 7904 1107 2905 4884 7152 6573 5698 5273 3399
29 3660 3562 810 9236 3623 6844 343 3348 383 1132 6893 3392 2121 4713 539 9823 2111 5631 9480 3915 3793 7169 5657 4608 7100 4698 7850 5284 7215
28 9155 4494 5529 4909 1053 4391 5022 888 9949 2538 8862 8159 7830 8482 7167 9681 635 6288 5980 9083 1949 1110 2865 1546 1834 3328 3161 5320
29 6669 2847 4808 7516 2430 4001 941 365 5772 409 5647 7935 7785 8639 2220 9252 2206 6649 7879 847 4211 3221 1318 2454 2691 6074 7424 5392 3708
29 8099 766 2855 659 1210 9625 7149 9235 5769 6795 1647 84 3284 6471 9060 8926 1571 5810 5468 1180 3189 6370 3374 4510 7970 2487 3202 5410 3386
29 9282 7047 8781 9019 3331 7667 1004 4048 8389 7401 2943 2656 5411 1046 6414 2324 2972 9624 9509 5139 1284 3133 4036 9557 9576 5231 3138 5365 3517
28 5465 6597 6046 9785 9816 4248 3722 1151 8848 6584 4921 2897 4092 2165 9002 5737 645 716 6958 853 5743 9399 1328 1580 7121 3522 3218 5418
29 4506 8447 3501 276 5182 6262 9329 2136 3984 2989 161 9862 7157 8384 557 604 5627 1450 2362 6525 6126 2619 7799 9953 2533 6823 4135 7886 3767
28 9151 9443 1704 2599 6410 2555 5224 2774 8914 6037 5440 1557 1698 877 559 8031 1173 2663 801 4846 3597 7274 1331 1583 5110 2501 4643 5470
29 5604 4878 281 747 1890 4408 8239 3513 9495 4370 7767 4223 1490 3759 3003 8168 649 9070 2272 4464 8405 1153 7897 5402 7518 3457 3279 5473 3810
28 7418 5613 4766 2482 4415 6912 4903 4950 2728 8486 8889 8931 2390 6143 6228 611 8996 2411 4861 3732 1343 1501 8853 4039 4646 2514 7319 5486
28 2772 9688 7358 1410 4560 5144 8526 3079 9327 2083 5192 384 1172 3415 4317 3897 8867 3253 1741 864 9578 1155 7490 4008 1937 2516 3305 7460
29 3155 9445 9470 4957 7519 8584 6566 3439 2680 9231 3494 2857 8855 4180 568 9344 1088 9262 2596 1844 8704 1162 8451 4927 1939 6988 9438 5551 3818
28 5634 9440 2649 9052 7986 1787 3949 6752 8000 4736 2522 9983 2699 7288 3441 4676 6621 3231 4143 5444 6243 7389 8922 9523 9353 3092 3349 5561
28 9832 7343 4503 5185 1175 4639 8375 3103 8322 8689 569 1023 2780 3771 2032 9729 6521 4654 4719 5164 7547 4445 2856 2177 7280 2523 3366 5562
28 8172 816 7421 6402 9033 7144 8368 3528 5512 5293 5304 5291 9280 7290 2800 2869 9264 6963 1845 875 3787 8229 6241 6141 1947 3959 5717 9799
29 3353 5325 5898 9130 9095 2912 8754 380 7993 6277 4782 2382 3849 7962 1552 4488 4693 4946 4826 2449 9333 8951 9167 5582 6415 2544 3381 5644 4087
28 2586 4501 128 6250 4400 4227 2346 1222 7755 9531 7925 4582 4410 8864 1451 4424 1391 2975 5708 6247 4508 3230 1372 2065 1958 6447 5021 9343
29 3709 3452 8297 2042 8872 7180 2295 1770 1167 431 3484 9952 1003 6129 580 623 4051 744 8304 2650 1008 5143 5243 6076 6932 8918 4268 5674 5107
28 4760 5008 5903 5942 432 6520 8594 3997 9059 9308 972 1215 6456 9287 2730 3963 6768 8119 4595 6193 6913 1202 3022 3706 1975 7726 9383 5681
28 2209 2766 6093 288 338 795 9504 5157 9675 7784 9812 2651 5834 3584 8436 5971 4496 8843 1625 7646 2880 1208 3224 2427 1981 9778 3404 5690
28 9215 7639 7694 3519 5171 5051 1009 4134 1882 1871 3743 2052 2397 6291 5727 7200 8401 7829 7848 5099 9271 3673 6501 2109 6308 8891 7934 9860
29 8849 5336 1021 3932 2914 6580 4703 6437 5084 3565 83 5329 510 863 585 1382 8972 6050 3056 5920 2002 9859 7480 6499 7807 2571 5960 7641 4329
28 9475 2795 1779 3867 2535 2401 1093 5850 6562 5425 1419 7939 858 9694 3061 7564 6617 755 9518 3475 9105 1663 4463 7520 6356 2572 6755 7854
29 1109 9328 7115 5031 1560 8072 8726 7513 8249 1118 5983 7958 2408 1744 3152 9283 1927 756 1710 2665 7599 5145 1912 7551 4571 5054 8548 8465 5723
28 9180 9957 9037 8890 780 7177 1042 4350 2179 3678 4032 8552 1144 8142 8787 9292 5013 762 840 8419 1026 1232 4505 8032 6327 4872 3467 5779
29 4764 4759 4951 1148 653 7952 971 4487 5369 2320 5964 778 5830 4602 8871 1598 7500 5692 9701 6571 2543 3526 9680 3729 2976 9765 3468 5836 4576
28 4114 7606 8170 3659 9073 8992 8285 5376 420 7835 1158 7267 8659 5782 5767 3684 6223 9596 842 7959 9102 3593 6579 9221 4973 4841 3474 5851
29 295 9038 6640 667 2145 6556 6658 8423 8262 5384 3892 9871 9228 8925 1146 3389 1736 1156 1366 913 8600 5172 1443 1685 9633 2616 6189 5877 4901
28 5354 3632 8481 9286 5658 7992 6703 9439 7316 1301 8213 3606 2833 2761 7493 3605 5187 2379 8973 9944 1065 3206 4362 1686 2054 6311 9697 6647
28 6096 9727 3471 7982 1325 6677 8634 6446 425 2558 1228 2188 1044 8509 4128 4080 5174 8158 6526 5641 9298 4462 8772 3752 3239 3760 9349 7608
29 1579 6021 854 4769 6275 5868 1373 6747 9314 1193 1435 3434 8611 4074 4669 4815 9103 1213 8291 935 2180 5452 9948 9069 9710 7156 8402 9015 5211
29 8709 8207 1842 7253 1220 2101 8970 4828 2562 615 3280 3507 2017 1929 922 7307 6607 6487 4911 9521 5414 1982 1447 8555 8081 5926 5257 5930 5255
28 5954 8383 450 8778 6973 8250 5901 402 2322 7038 8245 2548 529 3622 4471 3301 903 8333 8921 9239 1077 3413 7619 1714 4984 7856 9188 5988
29 6197 1187 9200 3679 6815 443 5744 3151 7916 7812 6918 6773 7459 2657 5006 3137 7750 1581 9316 9009 1078 8998 7512 1716 7463 3308 8771 5991 5453
28 9435 3611 6959 1675 2767 3049 4673 4734 9415 3086 4728 7672 527 2551 2704 982 7700 7999 7133 3999 6019 1274 3542 4042 2093 3652 6404 5897
28 6340 6319 8080 8431 6445 1016 5580 760 4831 4929 648 8967 3246 9455 9935 2125 1469 5331 2271 3973 7255 5872 9348 9686 2094 7246 8092 8819
28 6261 3496 7251 2140 357 8663 7488 6738 437 4792 9173 5811 5847 8345 4551 6539 4740 1941 7208 8496 1090 3725 3712 1718 2095 3289 9731 5953
29 2417 1752 8971 3260 8327 3332 385 6994 3770 9854 8677 7275 6510 9185 1063 7853 6302 2806 1216 5034 7571 3469 5709 8818 6181 8776 3589 6017 6014
29 306 8372 6294 3462 9754 9719 1282 5596 1707 465 9545 9993 4212 5306 4448 1439 3213 3109 5931 5605 4982 3861 7139 5091 5907 3663 4461 6038 5707
29 9822 4349 915 9039 7116 9907 4298 8263 7483 8593 9526 4515 8231 9365 989 5943 2951 1645 1931 1426 1432 9369 4848 8779 8018 2716 3633 9109 5738
29 2993 5241 416 3598 8204 8575 1612 7988 8649 468 5096 1988 4952 6044 1137 9325 4509 5816 9929 5061 6934 7182 1497 3141 2104 2703 5513 6061 5823
28 1577 5557 5195 9378 1465 7603 4278 7777 8460 9220 9281 8505 6719 9844 628 669 4570 4070 9511 2023 7254 8101 1500 7595 6503 31 5374 6055
28 7849 7855 5528 5516 8820 5883 9242 2762 689 4785 2924 933 8448 6137 5994 5095 5741 3432 5927 6870 2196 9649 2374 8510 8554 2712 3645 8479
28 2758 1271 6754 1976 5668 3671 5126 6369 2064 1248 2928 2020 8435 2056 6742 4434 5239 1584 4842 1101 7821 1687 1506 2962 7192 9613 3664 6088
28 8786 8128 8027 4006 7579 7147 393 6393 1354 472 7328 1585 2685 4511 2759 1052 9098 9077 2259 6788 6144 8014 9945 1786 5391 2737 4791 7270
29 3233 8183 9568 2916 1241 8462 466 6205 6979 5434 1680 4732 8769 2019 5048 1413 7778 1848 6938 7963 4876 5888 9691 3838 6011 9698 6266 4585 5269
28 835 5524 8492 2304 1597 375 703 8463 3430 7062 6914 9502 7370 2675 3942 6350 6714 803 6476 8524 1945 8280 9569 1790 9713 2749 3697 7718
28 2851 2090 4507 7449 4046 2801 9961 5784 8812 7135 4130 9092 5200 603 8489 3978 9119 4244 9730 967 6373 4324 6771 2294 2721 2776 3719 6121
29 4172 1595 7439 5965 2293 2633 3225 1342 8458 1792 7284 3553 7247 7509 8490 7171 2708 6724 4572 2192 3097 9048 6899 8777 2844 2779 4832 6133 6091
29 3875 8607 498 6925 7528 8954 5912 4809 8005 4900 6574 6354 7312 9261 2560 5730 379 7591 3088 6957 6071 6636 1527 2197 2170 4680 3758 6135 6148
29 4974 929 5908 8120 5151 1293 7201 883 5274 4174 8067 4374 3456 1147 639 2949 8773 6249 9162 8138 8048 3070 8622 7683 6532 2848 4354 6142 6172
29 4960 3235 1531 6168 2614 6278 3667 6395 3780 4542 3277 5124 564 600 7725 3896 8975 812 7350 3337 3736 5364 2199 1811 2203 6881 3769 7134 6207
29 4891 6062 9940 8464 4622 8549 5867 8646 8528 5382 9368 1493 8892 2534 2546 6530 3971 4648 7832 6199 1157 6852 4426 8576 2211 8731 6271 9969 6422
29 9106 1831 5938 1014 1964 5313 5610 2158 8642 734 4544 7387 567 7150 643 700 9209 1763 5655 9965 8664 9379 8323 8788 5173 4840 8583 8351 6202
29 2636 6330 336 3914 4151 8418 2920 3669 2846 2646 1708 1889 2355 4081 1498 7924 8221 9647 905 8397 5807 9259 8962 8811 2214 8060 6094 6173 6216
28 3145 4447 8073 665 1390 6868 3091 435 2039 6711 9090 4657 1214 7740 6996 5540 7758 5422 3378 8525 1159 6840 7252 2694 7281 7214 3826 6179
28 9872 7642 554 3099 3323 4018 7691 2738 8377 9254 5584 7706 9250 9736 8378 713 8529 5150 6336 6043 1334 7293 9879 9886 9143 8484 7926 7841
29 1434 2202 6151 9408 9454 2167 6427 6036 6559 597 3863 3670 1796 3730 1963 7053 1876 4893 923 1006 2676 8521 8902 4407 3940 6305 3840 6810 6405
29 9145 2351 227 3560 4966 1239 2057 6359 2194 2843 1309 4720 1371 2811 3700 7779 1169 5340 8271 9901 9341 8202 6541 2927 6169 2902 7921 8096 6479
29 327 4107 446 1037 4710 5990 8569 6212 3427 4527 3986 9703 9750 1352 1494 3677 2290 4118 6739 5602 3933 2476 9377 1869 2248 2828 3868 8887 6491
29 7782 2414 417 5537 5826 4192 5052 2536 3654 4432 2763 8222 3360 2817 3514 7238 2110 9998 9779 3217 4245 1362 9201 4741 2257 5849 6542 6279 6588
28 9861 5030 4122 2205 3907 5436 6779 2337 4325 9889 5175 2808 2416 7005 1726 9668 7888 5957 2684 5929 1200 5992 1586 1874 2264 2834 3872 6264
28 4768 275 1186 7922 2168 9027 5499 9943 3429 8182 7776 5309 2184 3251 4226 7556 7206 5154 5463 4513 3969 7657 4979 4450 4411 6052 6722 9555
29 2717 3827 6992 3322 2395 1760 9055 1299 1609 7304 9529 3817 8691 6298 6026 3525 6106 834 8303 8312 1251 8449 9101 1877 6921 8792 3901 8631 6576
29 8078 7216 330 8885 3735 397 3300 2232 5760 8025 4243 9964 7007 909 7233 3180 775 9528 7961 3077 2831 9086 5234 1878 2269 2881 7764 6390 6614
29 333 2607 2000 2512 3291 1441 9909 7526 7468 3481 9760 5169 2859 5600 664 2508 4955 9471 2112 9142 8021 5710 3699 3066 5459 6972 8941 9918 6627
29 570 1415 3701 6664 2343 9489 3804 1174 4444 6329 715 2891 6646 6176 3271 9666 8139 7181 4086 6314 9663 8136 4319 5677 2275 4518 3931 6650 6632
28 1386 1125 5136 3618 1422 6444 7259 9133 4630 5523 3506 3058 9906 7308 4011 6321 3650 5252 2118 6381 7269 3538 6593 4108 2498 7089 9094 9403
29 6613 7256 188 2858 4050 6322 1639 7359 1098 4363 7032 2502 4658 6406 8135 733 9011 1240 9626 5103 4528 1381 1857 5521 9253 4580 3956 6952 6804
28 2600 9157 5886 2570 8445 1604 8831 4550 6473 8238 7071 1825 2878 3303 1838 4139 3599 1781 3371 1043 3365 8382 1628 3352 8043 2904 3957 6480
29 691 1573 5077 1275 8162 9777 6616 3647 6553 6523 4281 2325 6310 4583 3446 7044 3129 3113 9611 5923 1234 9479 5300 1930 3157 2907 6947 6843 7010
28 4467 280 191 3921 5910 4250 8991 7960 8349 5074 532 1723 8824 7792 693 6432 7546 1224 8626 6736 7940 2875 1633 8520 9563 9452 8151 8932
29 7653 1788 4751 5115 1448 6242 7605 9892 1149 5142 6856 3982 8248 2404 3054 1068 8288 5825 9920 3012 5620 6467 5785 2812 2311 2911 3970 6537 7207
29 8407 2864 7011 1278 7416 408 8933 1302 2274 9126 1349 7983 7072 8038 3747 9430 9323 8847 6195 7710 6937 9472 9631 2732 9865 8750 3958 6546 7234
28 746 3756 3027 1835 7543 6922 8417 4358 6978 7045 9815 7039 1126 9448 1142 6451 6565 2309 7943 1075 3964 2764 5776 6317 5711 6041 3985 6561
29 4189 2648 6890 4803 7323 4573 8791 9795 2289 5235 4064 8189 709 8007 2549 9483 5642 3376 2319 6894 2222 8456 6602 3841 3946 4274 4058 7747 7272
29 5014 8453 5476 1772 9139 6766 5925 8920 3544 5900 9910 1589 609 9769 5230 5114 6861 9534 4187 6685 8570 6290 9539 7602 7810 4224 8784 9838 7326
29 9488 2163 2954 4067 6284 7790 1542 3299 8874 6015 546 7282 6368 3010 6741 6545 2130 2333 7762 9028 9574 7905 8739 1951 3938 2942 6371 6587 7341
29 671 6543 1924 736 9669 1025 7185 7489 8517 550 7352 7355 5438 7623 3175 8295 8497 3325 976 1084 7749 6109 4651 2360 6251 9041 8774 7978 7364
29 4473 994 9747 502 1059 3411 2053 3480 9798 8206 70 4914 1085 805 1553 9595 1050 9553 1910 4269 6031 6801 8965 1957 6833 5678 6960 6596 7414
29 3123 7175 256 3339 404 8439 6622 6419 3018 5189 1233 199 2389 2790 7344 758 7081 4706 3737 8703 8930 7862 2162 7287 4936 2959 6498 6598 7368
29 9742 9850 6595 4068 2756 5783 4788 2771 8506 4264 59 881 9618 3464 3646 6048 1840 6725 7628 2974 7 6101 10 3687 20 24 9388 9330 7534
28 6570 4801 314 1140 3 5 8746 7110 2489 6233 168 1724 2705 5265 5752 7385 4470 8804 9749 8 5494 8354 11 6248 7711 41 8640 7996
