3 138 242 279
3 38 57 197
3 24 119 205
3 11 9 228
3 36 49 298
3 260 40 169
3 131 249 285
3 76 268 43
3 34 144 143
3 107 39 60
3 231 83 90
3 154 215 97
3 258 193 54
3 284 130 194
3 165 142 289
3 51 262 69
3 68 280 32
3 261 63 282
3 217 183 114
3 271 186 50
3 110 108 73
3 77 137 35
3 122 275 163
3 4 237 70
3 121 74 235
3 293 212 46
3 281 15 103
3 207 30 93
3 296 123 160
3 277 270 64
3 166 264 78
3 72 210 267
3 47 283 297
3 146 223 246
3 266 172 203
3 86 241 156
3 52 31 3
3 259 263 219
3 118 151 41
3 251 106 92
3 44 185 287
3 94 245 257
3 222 147 53
3 140 91 116
3 99 26 96
3 75 171 244
3 152 175 265
3 85 105 129
3 56 102 299
3 20 201 255
3 135 232 101
3 230 184 79
3 190 65 120
3 198 236 191
3 288 247 95
3 250 273 61
3 126 141 286
3 62 158 59
3 139 213 10
3 234 189 37
3 173 134 29
3 25 170 225
3 125 214 253
3 150 112 17
3 5 211 192
3 220 243 89
3 45 278 80
3 269 238 256
3 159 227 133
3 290 208 239
3 58 226 82
3 292 252 233
3 187 81 145
3 111 181 149
3 200 8 21
3 224 164 157
3 162 136 19
3 206 12 18
3 202 132 109
3 209 55 272
3 195 16 196
3 161 98 115
3 188 14 248
3 180 148 218
3 128 176 174
3 294 182 199
3 276 113 42
3 216 13 291
3 27 88 155
3 87 179 33
3 221 204 71
3 177 100 7
3 0 22 2
3 127 104 229
3 274 6 167
3 66 254 28
3 240 153 84
3 117 67 23
3 295 1 124
3 168 48 178
