16 79 3654 7184 4282 6975 9615 2840 598 2355 77 9155 7664 7160 8632 4014 8034
16 3343 8934 1628 8682 3427 5015 9915 7308 2639 6416 7665 6276 4040 2305 4403 8767
16 8969 3304 2336 6369 602 9736 5700 8356 8528 500 3741 6852 4293 6814 1302 3240
16 6304 4374 4808 1998 27 6935 1117 5722 6150 7628 7830 975 3541 8623 892 905
16 6226 5555 4428 2915 8847 1444 7435 1859 7694 5281 9630 4289 8192 8444 2996 5955
16 8754 7910 6773 3683 3712 3122 547 3007 4451 6617 1473 9959 243 6497 7260 1118
16 9631 7221 7843 7301 5470 1907 3616 8658 3419 2347 6255 5704 6414 421 8173 5099
16 6213 7118 3054 5570 1143 5649 7939 3846 8306 8244 8046 6362 697 4256 1964 1022
16 9289 1562 7570 4273 7000 6749 2285 1295 3037 6982 1551 1719 1955 3909 8197 6463
16 1298 2611 4998 889 1869 4744 3716 1760 1531 1266 2822 6991 7111 3513 6006 8913
16 8826 1738 3512 2266 3462 6388 3735 8789 4931 7707 8316 6625 7368 5713 6015 6469
16 1389 527 3026 3798 8884 7841 180 2094 1502 2497 5939 8462 3822 4483 1962 5774
16 8134 4551 7456 9620 9774 1533 4773 929 2821 7805 2436 3628 4525 4418 1461 4466
16 5505 5277 3155 6074 8547 1672 61 8243 2381 4885 1375 6031 1606 8622 2613 2289
16 3774 271 811 657 8722 5581 2718 4848 3349 8107 9232 9751 1170 2260 705 1592
16 2881 2317 2578 6694 5174 7865 8304 9068 6348 1304 6824 8479 2557 7014 2143 7023
16 2207 3002 4408 1587 4886 2516 9679 2303 153 5238 8149 3016 5877 2233 8599 2552
16 9665 6718 9807 4318 6675 8573 2386 4676 38 9094 2477 6017 6293 4820 2522 7152
16 364 7402 4616 7484 6256 9543 2893 9782 8724 2274 2721 4315 8121 3279 2842 4947
16 458 522 9212 6249 9428 3867 7181 8550 794 7451 5981 3522 734 6744 728 1516
16 8595 8029 383 4122 2252 2608 1997 3501 4636 5218 7506 6901 2572 3454 2691 2532
16 2549 9856 1113 7461 3310 5458 9916 1306 4016 2837 2664 342 5830 2948 9712 8102
16 4467 8165 6840 3950 2905 6563 7135 5770 4304 1545 8471 1153 8262 9893 7729 2340
16 8166 1078 6316 6004 5432 5701 5985 2547 3746 7431 6262 3034 9067 8057 9690 1265
16 2523 3578 4541 9356 2407 4721 6850 1372 4120 8593 7280 4000 7952 8757 8369 5902
16 2809 7031 909 8782 4982 8927 2486 5139 44 4084 5199 9906 4024 4610 4126 9358
16 8204 6586 6131 1421 3082 1896 1344 1478 1232 6494 807 5421 8845 5728 2201 5739
16 5731 7588 3386 9136 4505 8684 2432 3137 3035 3412 8901 2836 6037 6918 4112 6309
16 8332 373 2615 4893 5826 7877 7587 6962 5032 979 2636 3025 1215 5712 1092 6022
16 8755 6753 1493 9762 6607 475 4915 490 1418 4281 4708 1656 6610 548 1928 3661
16 5659 4838 7977 4263 1336 7930 5791 859 5599 9291 8187 8119 6627 435 9789 7395
16 9877 2185 8017 360 7609 9550 5522 4597 4777 1934 200 7105 9312 9742 9831 9780
16 9447 3278 7376 9370 124 8498 1980 1684 6957 6490 6776 7017 2430 7145 5888 4911
16 5848 3955 3389 5366 2389 6071 4087 5244 7116 1995 4673 12 7225 3733 9120 7758
16 8179 9833 1501 947 2538 1622 6012 9022 3338 70 1139 8290 1292 8108 9340 5515
16 5587 4119 2834 803 476 5069 4660 9128 8032 4515 1447 9231 3161 2993 1935 4858
16 5401 4933 6053 9970 4984 2735 9853 5840 5536 2634 3906 6525 4568 1668 8208 6373
16 4772 2528 3230 6087 4881 2239 1388 3485 7356 507 5643 1031 3331 1832 3047 4727
16 7711 9537 3143 161 8459 9316 2453 3768 2462 2655 5720 7005 4287 9995 2203 1244
16 5514 8533 8941 2589 6378 8551 7859 8434 9827 4179 6699 2152 3078 6742 5136 4925
16 4771 970 9546 5263 6866 5725 2624 7812 1070 8067 8047 7816 3134 7885 6904 1487
16 5414 3109 1868 7703 1488 3428 3348 1122 786 8116 4690 1609 5623 6479 2244 9220
16 1500 1746 1219 8443 4104 8413 4070 5173 7755 5056 1815 1663 2131 450 4377 2651
16 8644 8499 6825 9655 5027 6816 8224 868 3119 330 753 7662 4216 9838 7285 9089
16 8779 296 5654 1446 3518 5563 7497 8282 8887 5268 8806 962 9210 8944 6113 9402
16 6440 5144 8703 329 1883 6869 4587 2189 114 5111 835 7108 255 2669 9898 8536
16 7122 5342 8773 259 7314 7663 2796 5422 2537 1614 1678 1281 7726 5906 6233 5250
16 5797 7077 2115 1685 2012 1289 338 1823 8420 7190 4258 7790 8960 9731 2496 8545
16 8520 5930 8189 9081 9172 2342 881 7341 5067 9236 7789 6817 5451 288 3449 8342
16 1144 8816 5313 384 4180 8995 2951 1425 5491 3530 9698 9424 9718 5653 6933 3069
16 2363 6602 3980 3564 7130 3849 3645 9830 8836 5052 2539 7037 1573 1731 1899 9891
16 6192 6109 7761 7603 5252 5324 3886 4267 6319 5764 6939 8948 5673 840 8009 7294
16 8517 7717 8781 1969 5394 6895 3499 5958 842 4226 4083 698 9407 4503 2968 6049
16 7699 9880 3414 1709 5857 6163 7288 7011 6215 2352 7189 9628 1693 1558 1017 5298
16 3674 7561 2524 3843 9612 473 9890 9722 7866 110 7578 7858 1380 1376 7606 5663
16 2518 2646 627 3828 3579 5496 7901 534 3923 4278 8660 6887 2318 7399 1749 2550
16 2357 4123 2602 7255 8439 8430 7980 561 4094 1787 425 3231 7424 9115 7636 5925
16 1340 6142 8916 3285 7465 5028 1454 4632 7428 7008 3949 9599 5895 2506 9129 9251
16 7072 9178 4032 8370 6375 3185 5355 7370 3882 8904 9699 7615 920 1878 7452 5488
16 4579 4740 9098 4716 5387 806 6459 8168 3217 8070 7765 8742 6772 3115 9206 4473
16 4898 2380 5755 8886 3434 4599 2146 2744 3818 294 9490 3197 7227 5274 2488 3807
16 8649 6631 1509 6279 5613 524 2706 8198 2686 6306 8138 4498 4243 8518 3720 901
16 1307 3528 590 3463 4010 2573 8384 7656 9318 4569 7383 834 5804 3700 5656 5598
16 2846 1812 2293 3537 3392 7207 516 4768 714 3913 113 5919 9900 8437 4862 9815
16 3259 9001 5224 7311 7149 8366 7170 8200 5229 3321 3649 5733 7993 2106 4308 6055
16 9987 7215 8729 4783 4511 9321 9249 8585 3367 974 8962 8059 7033 3100 8054 1025
16 9352 5571 7515 3511 2294 3107 1024 4531 564 5559 1048 2408 526 4317 4257 6117
16 3340 5768 21 4335 1547 7784 2939 6761 6636 5109 9729 159 8364 6307 9941 1223
16 559 3342 4588 9596 3191 7671 336 1180 3188 5501 4309 8283 5149 8382 2261 4680
16 4342 7349 6990 8147 2768 956 3444 7310 5059 4229 3823 4605 1066 6356 2569 5660
16 3650 2358 2114 5026 2771 9335 8225 9603 2769 7742 8349 4999 7579 9642 9158 7078
16 9101 3602 4413 7798 6856 6274 8259 4711 7723 8777 408 8675 8882 6648 1824 3055
16 8232 7466 3730 7 555 6797 3517 5979 5721 9595 7718 3688 4096 5620 1400 2963
16 8990 9169 669 6028 5033 3329 7318 1701 2801 8343 8019 4729 7423 5330 7103 9839
16 1011 4651 700 6257 2032 9793 2015 3167 5040 3438 6956 3374 4163 5276 1079 2530
16 8090 4004 5839 5992 1254 6136 4779 7981 2070 4351 9224 9134 6658 4191 6572 9684
16 2714 2005 9652 610 267 5574 2805 7861 5452 1941 3448 2787 8022 2433 3935 7955
16 1251 3043 3464 6534 509 9493 7142 5527 9201 6 4274 4622 9878 292 7355 775
16 1624 7819 6351 4022 1892 9611 2003 7168 4823 5757 1333 4429 7068 1014 1822 2195
16 6888 6811 3605 2055 3623 4923 137 8790 3505 6222 4476 8474 7445 7552 2256 4355
16 5761 4876 944 5805 9849 8643 147 2283 5373 2043 2120 4652 5147 1736 664 8523
16 5823 257 8883 6229 2208 8895 1173 740 9419 7393 7573 2841 8005 633 8648 3704
16 3128 3031 6059 6096 8758 804 995 9957 912 2982 8996 7565 1088 6779 4497 5210
16 7015 536 3046 9633 2282 2045 2571 9010 9771 1136 7421 3614 62 2072 2397 2780
16 532 6228 133 2789 6377 9945 8647 5960 304 1511 5176 116 7262 716 7156 9940
16 4801 1526 3309 6542 4766 679 8596 7948 6118 6621 9381 1123 1469 9854 4118 5802
16 411 6977 3676 5363 5409 6253 4183 7966 9492 5290 1218 5508 2753 1801 3057 8568
16 9327 7538 5203 4236 6842 5143 442 5137 4285 5975 3604 9589 6515 6178 2250 4630
16 9011 8809 2525 5346 5532 6506 2568 7706 8608 9441 2279 9866 7169 4584 6950 596
16 1342 6666 1081 9491 8427 6296 831 123 315 3372 2904 3257 3339 7110 707 1068
16 2916 9187 4834 8354 3084 9555 9887 2157 5404 7400 6646 4422 3617 9141 2570 3036
16 9157 7192 2804 7454 351 5209 6750 3630 2795 6588 5166 279 5634 276 8246 2526
16 9763 9070 4252 4486 7233 9841 3447 6553 9216 2176 1604 9687 8167 7246 8842 10
16 6574 7407 3246 961 1772 432 7174 1030 2642 7220 6387 4666 7927 6594 5321 7179
16 3169 9104 1175 6121 5194 8279 3878 6367 5001 4679 4103 8918 4508 412 5058 6477
16 5745 85 1985 1855 8534 3944 9386 7241 5005 841 891 8561 1315 781 3785 6443
16 725 9230 626 3468 890 9059 4363 560 8213 3467 739 5500 9465 8707 2325 7641
16 1657 6823 1834 1936 3192 6999 6449 8905 5101 1091 2685 2967 183 3004 973 5852
16 7591 2696 9016 6644 732 6723 2728 4663 7482 5402 5417 2469 9056 430 6804 6622
16 7040 8879 9182 7825 723 6764 4164 6202 7210 6827 1837 6548 5578 6520 2082 5641
16 5374 4512 581 4780 8101 2986 770 8985 5413 6793 16 1274 2053 9114 9299 3845
16 9109 6400 7822 8206 5560 3648 4516 763 3858 5443 4327 8256 9647 6271 8930 2110
16 7522 1937 6717 4432 2129 8530 2575 930 7519 6948 208 9195 2171 762 6813 2385
16 4628 6510 3139 7076 3153 9227 5359 8236 3333 8974 1277 6994 3418 5993 4853 9985
16 6321 2556 6987 1773 6922 9649 2692 9051 6044 9315 8122 5472 9057 5573 8169 1303
16 6828 724 3120 9634 5625 4414 8938 8852 4687 6654 4793 401 4329 2314 4574 1952
16 4577 2316 4789 5213 5308 3920 8218 7854 5151 7891 8418 7401 3632 8494 2647 63
16 8945 5214 749 7344 6147 4025 4368 9707 1102 246 3943 4276 2019 6949 2321 9361
16 1411 776 3008 6579 469 1148 8344 9948 8028 5182 3390 988 5615 9163 3753 1133
16 9909 8993 5801 9133 1321 5093 8998 3888 3702 2515 846 5966 9389 1908 1581 1060
16 3417 4186 965 2160 1877 111 639 9705 3834 3073 8235 9602 5747 8346 5799 6125
16 1944 2896 5084 4530 4311 9758 1560 9637 8292 4129 9138 148 1203 8929 3236 4710
16 7382 5140 2165 1755 3142 9593 7334 3593 8377 2671 768 1160 9021 3482 8604 2186
16 1428 9181 4137 5589 5759 8602 9914 3922 5684 397 6731 7121 8820 3776 25 1643
16 1947 5461 778 8006 1508 690 8500 1992 5262 9247 9586 8008 782 5551 6346 8869
16 4703 662 9886 2113 8963 7274 1057 861 1384 6746 8375 6210 3752 4240 3187 3391
16 3171 3686 438 280 3851 1398 5175 1521 60 465 4298 9937 178 8627 2793 2309
16 6168 7654 9977 4143 9857 9479 6587 1809 4489 2961 5842 5997 7299 1788 6410 9728
16 5189 7148 1550 9572 1885 2600 6791 7935 2402 37 1430 3421 6569 7537 2100 9525
16 8818 2370 4283 2988 5827 9118 8558 1542 7752 9999 2688 5626 6102 4975 4221 1125
16 7322 7780 5029 8325 3020 793 428 8245 5670 7995 7783 2865 3815 2892 9829 6314
16 6155 6545 5580 5575 4811 4316 1853 2330 4484 9462 3190 8931 1037 112 7648 9947
16 1527 813 954 3003 7940 5498 8984 9103 822 2813 2719 5312 1929 6963 3477 4114
16 9617 2736 7493 9421 6106 3019 72 3525 1085 8035 800 2164 1211 3411 4407 5853
16 899 1268 6796 5760 201 6161 6441 4940 6799 4302 9576 6701 3638 227 2217 5655
16 3166 6057 8294 1285 7933 3698 171 1926 146 8357 2923 9037 2344 6072 4424 3969
16 923 7114 1248 3988 6577 6781 2713 7680 2478 8123 3087 269 1727 1797 1975 5372
16 6997 9677 9025 992 7236 4081 5163 2958 9346 3018 2480 5545 8406 2894 9401 4200
16 1715 4145 2163 6877 7855 5440 2924 2391 7198 6920 2710 4493 8581 5341 6090 9092
16 6043 6327 4310 8380 2922 9636 1241 5358 2955 5423 3639 2007 7907 5668 285 3111
16 5920 5861 9836 6122 6704 9323 7710 9967 6323 9235 4582 7264 982 7874 9234 2630
16 2536 1825 8272 1498 188 7732 6024 5742 9175 3557 3945 8021 7483 71 9926 3157
16 5473 9062 6350 4461 7751 444 2876 1530 839 3611 8495 8851 5478 9775 8033 8055
16 5382 8760 3117 4640 9309 4140 7165 8077 9483 4323 2253 5977 9337 1135 2831 1713
16 6992 4156 2927 5370 1090 4635 7719 9290 838 5145 6645 8646 2558 5092 783 5693
16 3368 5621 215 521 3459 3835 1312 5681 7627 7810 549 719 7953 8678 1356 9319
16 1299 4963 7547 8919 976 3946 9375 9164 4419 6391 4178 8942 893 1040 6465 5535
16 8890 5901 4350 9330 1620 8843 7408 7488 1768 2172 9015 6036 4828 1759 4934 4891
16 5283 487 235 5607 2134 6745 4211 1202 6886 1064 8109 187 1242 3813 4465 6376
16 9287 1238 6088 9719 1933 6212 6105 7602 6134 6133 2403 6311 135 7457 3885 7336
16 537 9785 1682 9695 9513 7201 5504 4581 5916 4529 1234 456 9575 5060 3072 6220
16 8491 1433 7689 3 6466 8475 8771 7175 9100 3830 1130 4762 1279 6638 8103 6242
16 3207 955 8788 7028 7942 3125 1300 1327 7971 141 6360 7353 160 2778 5854 3931
16 7415 9873 5304 103 7973 8264 4756 7066 9696 1857 7365 7846 8689 5662 6707 41
16 6541 7931 9552 4071 4324 2168 4336 4105 9191 4184 6564 5079 8351 2299 7084 1607
16 5465 3219 1115 3877 4922 1723 9042 7618 3189 3801 8404 7375 4905 5094 658 3933
16 9384 86 8140 8063 6195 869 8312 7678 6077 3439 8202 9054 6612 5110 4035 9344
16 8592 1623 1349 6722 7387 9426 1108 4813 7779 2343 9720 9950 5223 2791 630 6467
16 8908 4855 355 4790 8783 6730 170 6661 7682 1297 2284 8698 5307 7839 8446 7621
16 4857 8625 1803 8416 5317 3156 543 7446 1438 1290 6290 6980 2562 158 398 2587
16 8804 941 7060 5146 5554 3643 576 8935 5915 5155 6423 6281 8391 1371 5190 5785
16 6340 4107 1359 5445 6275 4867 3626 5449 4804 3884 7281 867 3824 9746 790 9961
16 528 7505 1126 8139 8339 4148 685 4332 2946 5287 2622 8414 5606 1515 1077 1236
16 313 2026 7464 8089 3088 9578 5392 9472 8695 3503 7884 9097 426 675 4896 6448
16 7817 1904 883 20 7516 3461 356 6247 924 6033 491 4187 7058 1127 1107 5007
16 3395 6665 5833 6048 8557 7083 638 742 2223 9803 551 2213 1721 8359 6058 7747
16 5942 3066 1029 2729 9329 6805 5161 5913 6002 4459 3373 5469 3039 9563 4843 2653
16 9664 9435 9052 6941 2882 5951 497 7224 7701 8396 9223 1429 5540 2976 2828 2444
16 1318 6551 3902 4378 3496 5891 7321 7539 4750 9965 5730 6127 3147 9627 8026 1385
16 1364 9837 3118 2863 1419 3017 1986 9580 7768 6051 3863 4561 7369 2225 9556 1397
16 1305 1001 1393 5645 9038 6650 6725 6332 8058 3381 6898 219 264 3140 5782 7244
16 851 9601 6001 4748 6298 295 4514 4573 879 2492 6905 8510 643 990 4961 1756
16 8106 5676 1554 966 6235 7970 181 6361 22 2897 1505 5131 741 693 3862 6462
16 370 2044 3897 3762 4212 9883 4901 1965 3693 6286 4948 9414 2707 8482 7715 3625
16 1116 9442 7897 9045 105 8164 2820 1402 9770 6291 9982 1861 1851 4846 3460 3013
16 9663 2812 3305 2586 7630 8636 8394 4883 6285 6171 9870 120 9314 4614 7924 3714
16 7468 4018 6555 4953 5162 4049 5849 236 4593 8872 7730 6716 1844 5395 6858 6420
16 4136 7007 949 1946 914 1099 1765 9013 9252 4608 2312 7367 7873 5871 1409 6518
16 8483 9895 1575 9523 3544 8849 9759 1710 4889 54 854 7974 777 4685 6408 5690
16 5095 8539 9573 2670 1960 5787 3105 2064 629 2459 4167 7918 5255 1451 8450 1311
16 5746 6581 4265 6927 7920 713 9225 4767 4692 5115 3910 7378 1879 8456 1368 6547
16 7674 4210 8240 2236 5520 9410 7904 4918 3848 3052 6366 2907 335 5170 9996 887
16 2076 3484 5427 2056 1326 3927 5953 2964 1835 7171 1827 6197 7296 1422 3181 612
16 688 4063 938 1999 9755 9452 3443 6137 9865 3719 5074 7850 5711 1950 6619 2035
16 5479 3176 3574 2061 1185 1394 7410 9198 902 1891 9986 8956 3548 3711 4029 3486
16 9639 4370 2226 9302 4444 371 1873 284 7745 8293 8505 495 4196 5300 765 11
16 4474 7922 3586 652 7041 3832 1084 2898 9686 582 5583 6681 939 6790 6897 8373
16 3589 8445 8748 9805 9925 8730 3524 3803 589 1260 1712 2341 3821 7739 8704 1377
16 798 6482 7915 6557 9508 4380 7934 5424 1839 9739 4903 2265 9544 8403 8900 2676
16 3706 9791 8432 646 5548 4932 4255 1156 5130 3816 3889 299 9481 6714 682 9529
16 4705 4170 6491 8727 4173 5763 6014 7625 9520 5296 5292 1045 1589 8315 4522 845
16 2441 7180 8668 2909 4113 3232 2504 998 1629 4269 898 6785 5703 6690 6265 1449
16 4743 4719 1353 8000 2588 6324 3748 5525 5381 9671 4162 6893 6881 5049 3607 8607
16 2910 9009 5831 4596 1556 907 3591 5639 6114 8827 6042 6218 7434 2980 1603 9317
16 3202 9194 5303 4072 1166 7811 6834 4591 7597 7736 6032 1059 2464 980 5669 1104
16 3934 8762 6354 8914 9921 2473 3208 1015 9894 7848 9196 6819 7196 7687 6739 2017
16 6502 6151 1734 3790 2281 4500 3552 3213 3256 4689 3000 5783 1563 4171 4681 5931
16 9281 3675 5202 1722 6052 5886 9078 3399 8784 9871 9547 3465 90 8594 3777 774
16 1520 8091 6673 2999 1618 9714 3771 5897 6565 5667 1945 4044 721 3328 3592 8982
16 4388 9267 8372 3204 9162 4395 166 4613 3723 1578 2144 2409 291 5686 6446 7645
16 4806 4209 2291 2162 2105 2445 8967 8683 9495 8113 6809 5086 6007 6445 7467 2798
16 3089 6576 8209 3942 172 5295 981 3629 9554 4861 1665 7982 9253 1226 9969 6755
16 6095 958 5420 3780 2367 1201 3280 2434 9521 1557 7413 5945 8280 687 4387 6687
16 5418 7035 1888 6736 5450 7911 6798 9137 1613 2682 5824 1571 8775 9082 8612 1276
16 7559 5627 3450 2296 4606 9733 5264 5018 1408 3264 4053 7796 6672 9275 3953 972
16 5178 2551 4169 222 9469 7489 396 1644 7016 8314 2178 2273 6184 345 8186 2394
16 2087 7818 3921 8501 7724 3426 3842 8355 6489 8572 702 3656 8590 2873 4371 8178
16 3941 3401 3058 1009 6860 6844 4733 4028 7890 2287 9039 9301 780 2779 290 6264
16 1544 2545 6969 8677 7195 1267 3104 969 7507 4812 8994 9935 9060 3086 3568 1785
16 1443 2738 1711 7895 1836 1820 8856 3745 4670 9527 987 8472 1047 8367 9373 5753
16 523 7998 6951 9071 6846 2930 2543 4434 8318 5345 8239 9951 121 4928 7950 8795
16 8358 6833 6272 3028 8007 4507 1579 6632 1407 5608 3150 2376 1252 2750 9124 388
16 2137 1806 5749 2594 1269 566 4894 3224 6995 8522 5874 4884 2810 7086 9077 2733
16 6080 4631 1080 1917 5071 9730 6320 7503 1595 8514 504 9692 1546 6786 2808 9228
16 1537 7693 1071 1062 3924 5102 2000 8478 8003 5683 6063 649 8614 6559 8640 8125
16 3918 9457 8824 8751 6839 592 2229 6277 2687 8830 2354 6960 53 1436 3767 2885
16 3584 5988 2709 3243 9461 3093 6370 3972 2396 7831 6499 8764 9526 9641 6958 3337
16 6643 9530 9846 8529 3856 3369 9432 2438 1259 5010 8911 3756 591 9553 9661 5752
16 96 196 5867 3291 4354 2320 4765 4030 709 3032 7581 5932 9691 4041 5406 4980
16 7199 5974 6865 2193 5037 3583 8210 9046 5302 7809 8744 8083 2509 9112 2548 210
16 1199 1331 9165 7292 2468 2848 9425 6475 4042 3076 760 429 150 9949 4506 5832
16 9485 2740 8906 8753 1063 2879 325 5709 8964 6715 9517 3721 7093 15 3312 837
16 7557 4920 6064 6754 8803 1518 2095 4277 7622 6712 8705 4875 5530 1690 5590 4965
16 2301 1406 4404 5337 4436 8060 5691 277 8976 5014 6674 5286 8885 9799 3218 5075
16 9200 628 4494 6780 1314 9222 1956 7206 4232 4555 816 9934 9034 3646 229 7453
16 601 2071 4460 832 2269 1605 2788 3533 7814 5896 4563 2406 4239 8508 1067 8702
16 9822 7909 3873 6507 9308 5391 4753 4303 214 9515 6803 9443 5201 9213 9238 3123
16 6600 645 5863 7677 1213 89 9156 8433 5237 8662 5675 2888 2234 9145 7921 4490
16 6783 9411 866 7608 8850 7346 5011 5230 378 827 6947 7411 7616 5096 3728 7534
16 4437 2941 3481 9095 1923 3983 2519 7667 7902 2264 69 585 2410 4347 5595 2031
16 8638 9681 5776 328 9418 6206 7463 4223 2867 1870 7864 234 756 3275 6955 3567
16 5035 7328 441 7164 3021 1374 8737 8201 1680 2254 8130 6719 2761 3044 1174 4942
16 1426 7991 1220 3151 4839 3271 1757 886 1567 5495 1816 184 2603 7510 8322 7845
16 4674 7442 6060 6433 5588 8352 3599 4399 655 5938 1548 5103 5253 666 6713 4851
16 1270 129 9433 7743 6911 4348 4955 6657 8548 857 8095 1492 5233 2020 437 4131
16 300 162 8001 2413 6067 1874 4908 7098 9588 563 8100 6495 7094 6484 579 3302
16 9298 9908 6435 4924 7394 6395 6419 2973 2196 4247 228 1177 7101 2040 2351 8249
16 6333 3612 5024 1138 578 6651 8447 5585 5251 8752 5819 2772 2762 7487 1902 3764
16 3376 6848 6081 5880 4301 6986 4262 8152 1401 2546 4496 8334 5677 9514 3811 8835
16 8541 7875 3982 1850 5104 7055 4066 9936 7043 4815 8068 989 5376 9333 565 191
16 7672 28 3473 3298 3932 1636 8043 4805 7469 5023 7208 5364 43 422 5845 9049
16 3766 9939 7459 8135 1171 2619 17 5226 8555 4754 352 8493 2501 8838 5918 6706
16 9417 3330 5987 1489 233 2900 6552 9397 5717 8157 9828 7916 4198 9773 9570 2979
16 2182 6231 1284 4751 2734 484 7406 5698 2759 9564 5822 1689 2491 8825 4951 4375
16 2079 1013 5403 3516 9943 6164 6663 3622 4061 9161 6841 18 5047 3968 5282 6623
16 4297 1764 7713 7946 540 4518 7124 9286 2877 8284 2906 3053 1786 2449 5961 6066
16 4704 82 6931 7057 2595 6938 3474 5807 2476 7166 6882 8287 897 3469 4165 8423
16 984 9666 1638 773 5360 1310 925 8085 668 5926 3831 6407 2829 2085 51 9622
16 8039 9644 4841 3749 9806 3332 9861 3523 9208 5198 6029 6208 7808 5062 4800 6777
16 3265 9188 6741 8694 9487 4340 5221 7219 603 1898 2374 4121 3308 4726 4769 1440
16 365 5291 8813 9166 3577 7039 224 8449 4222 6582 8011 9907 7853 9783 6595 4960
16 5309 9711 6268 35 8669 1050 2644 9847 7889 8362 3124 3520 4734 7427 1700 9146
16 1471 4845 9835 3549 3235 3405 6851 5208 9043 4331 6021 5775 9610 2763 4177 7958
16 4101 6092 9099 1726 8052 6640 7943 2783 1379 5460 5738 2202 3680 808 4254 5556
16 6471 650 5769 5195 1633 2243 7827 3951 764 4725 9960 8477 9764 5006 1137 3251
16 9024 6670 6535 8566 3346 8452 6374 7691 7144 2648 4552 2204 4463 307 4659 2366
16 636 5215 3227 9927 3634 7360 5457 4233 8400 9376 3817 743 5297 1826 8538 6554
16 8275 1365 8554 4639 3870 6693 7770 5682 7512 7961 5999 8302 2747 385 1386 6434
16 918 8097 8721 7256 6740 4795 452 3852 4199 3290 6626 7345 6592 1181 8409 1129
16 7278 3565 9726 6425 7744 3252 9032 4521 572 9685 7585 5112 2662 8181 2943 7563
16 4366 5921 1145 5091 3787 541 7045 3387 6792 6129 1993 1814 7107 3997 7273 9929
16 6299 9619 9007 8720 6837 1427 1296 427 3014 3132 5288 8266 4440 4266 2373 623
16 8958 706 1457 7357 8917 3061 3480 4207 2378 8691 6501 4850 1163 653 8041 6108
16 2148 7863 2756 3928 8848 7335 1103 864 8661 6876 2270 5549 9840 4992 5928 2214
16 126 2851 7725 9351 3071 8341 7222 5817 1178 2913 149 4426 2151 5185 6944 4560
16 2935 5878 747 7558 6691 1758 357 7541 613 5856 2678 9966 1224 3876 1660 5128
16 8440 8583 4714 2077 8516 5564 253 7928 7303 8509 6112 4245 699 2604 2626 1227
16 2021 663 7983 6328 8271 5089 418 8616 5816 354 3210 3479 6141 3658 9676 8255
16 7478 1324 6543 6287 1696 5441 5666 3432 8645 5187 2629 6883 5265 5754 9784 7065
16 2209 7619 6711 6047 4250 6289 4510 1593 885 7018 3375 6075 3045 3048 9844 8018
16 8973 7531 5487 8714 7450 481 3225 1967 2580 4702 7556 4052 142 6397 2276 9148
16 4364 678 9387 2038 9310 5922 4826 8659 3547 896 6671 6198 2004 8955 1334 766
16 1957 3892 3912 7800 2981 7900 8811 6748 6483 5411 7797 2811 3472 3808 4201 57
16 3170 5152 5285 1974 6040 5855 4202 4537 6294 5550 1858 4272 6601 5719 1652 464
16 1450 6685 3347 1661 2465 2899 7550 439 7685 7313 3732 2579 4462 73 6585 9086
16 9463 7490 7960 6910 3539 2853 4249 5952 1911 2847 5260 3266 7051 7433 797 7536
16 9285 4665 9305 2782 6246 2950 424 1497 5428 7756 2065 6070 3587 7984 8214 1987
16 8175 1528 2494 3498 1089 6130 7738 344 3413 7237 3655 3023 2920 1970 4228 8650
16 6747 8839 5972 9350 9282 5003 8155 1006 3085 9924 9568 8634 5188 4453 3241 2667
16 7120 6561 8846 6094 5455 1366 1847 5485 5528 4517 1052 9237 3618 3242 720 608
16 5254 8347 2435 3705 3726 2206 7405 4989 7422 4814 5348 4700 4594 2142 5065 7596
16 4204 5466 8207 6284 8670 7251 7338 641 6591 2751 5509 5688 5635 7412 8734 3215
16 6398 9044 8371 1214 3659 5436 9962 4420 4759 6473 802 7109 3317 2245 6335 6688
16 2221 7607 1961 7604 6635 1437 1343 6429 9324 9868 1800 5954 5227 1453 4526 6252
16 7666 81 2934 9393 6830 1094 1745 125 9229 8050 6549 8549 2066 1753 4012 3755
16 2945 9004 2443 8902 9177 5910 967 6313 9694 3152 1167 9533 9126 8195 1111 6447
16 3415 943 3063 4064 7061 2784 6863 586 5088 1778 7892 6302 3894 4124 7976 4730
16 2116 4557 5678 6550 6859 3560 3270 3059 7366 6532 9047 5051 8817 985 4396 2658
16 6540 9581 9399 9562 1313 8217 7143 1161 8989 5192 1414 9777 9353 155 3011 1538
16 4409 9583 7673 4305 6597 2650 9697 4481 903 1183 7661 4794 2109 1920 6727 8141
16 7629 9616 7333 8812 7229 2508 333 6156 8735 3127 779 9978 2695 4973 3717 2612
16 9075 7886 8025 2618 6078 1903 5266 8407 8997 1588 6119 3819 823 2069 4943 3673
16 8473 5121 1569 1395 4195 7147 9932 4102 9701 4111 343 8666 6450 1184 7440 2458
16 928 7566 3613 3211 1035 5377 2472 3667 4972 433 3975 8970 7046 1483 4987 6248
16 9423 5689 8237 3637 5493 7386 6428 7297 7786 7623 471 7879 9467 2333 1931 7325
16 4373 4056 4480 2708 505 4742 6971 1752 2304 1121 4060 7887 7384 1792 3571 3476
16 6961 5876 6936 6018 4381 474 1666 2581 5820 4241 2268 4747 8137 7485 997 6175
16 5212 2493 9702 5167 2591 3506 1875 1350 4116 2817 2933 1032 5126 2852 2972 3245
16 7205 4646 7572 3268 817 7167 102 3690 7525 9963 9496 5692 6437 5798 7069 404
16 809 9240 683 9817 4739 3709 4330 5946 6855 4020 2306 6468 8732 4556 7259 1140
16 32 4008 5486 2597 339 5941 7449 9566 9875 1018 3178 4625 8379 7071 684 4757
16 5191 7791 1237 7925 1577 3707 4319 7994 1744 249 5597 9781 6297 1924 2505 1654
16 9396 207 6835 5100 6996 5812 1795 8588 128 3455 1714 5437 6696 2455 8822 2039
16 8923 3247 5471 8792 4190 3996 6061 1741 978 2856 3621 1370 6937 7639 7270 8859
16 2527 4455 5459 8570 6738 6503 4147 80 542 3237 7676 5696 2814 9394 567 8193
16 2903 7555 4538 6069 8298 7540 2124 3793 7155 5965 4540 7247 8182 1650 3440 3393
16 9341 7438 919 2097 7740 2749 6424 1872 5362 550 3540 9400 5431 7778 5885 4452
16 7193 2965 3890 4803 3743 5796 4019 9567 6191 9910 2663 888 2322 7474 3581 9366
16 152 5572 5884 2277 5347 332 7945 1735 5743 5529 7508 7643 9413 4067 5584 2541
16 4818 7052 4749 2757 5995 6124 6474 7785 6179 4313 5699 3183 4482 2155 2181 2724
16 1470 1777 9406 1655 6943 7857 5183 2652 5969 4013 8276 2059 3812 7154 7681 825
16 8628 8408 531 1754 4671 731 8611 7163 6788 2672 2850 9041 305 1362 2156 5442
16 9506 1692 6237 8146 9660 4189 5338 5231 6453 4002 8227 6149 3184 6104 9142 3713
16 5637 8419 4411 5904 5900 3665 2047 8798 6205 8717 5521 5318 409 5497 3092 5657
16 5947 5633 7590 241 595 45 7871 2773 5694 940 6868 472 8177 8878 4345 1791
16 4699 2230 1880 6655 1262 8793 7441 8484 8651 2388 9990 6050 5013 8004 9023 6864
16 2598 6166 8580 6702 2372 6527 9767 6444 665 2574 9328 282 1536 1114 5354 195
16 7364 5543 9449 8156 1918 3341 1991 8374 9569 5502 9609 8486 239 8875 302 1813
16 6148 1829 7529 6810 8223 6946 6770 7533 6978 3320 3597 6214 7042 4206 7869 4435
16 4307 4880 2326 6167 4038 9769 7996 1182 5914 6558 6363 1990 5996 7560 5408 8254
16 3799 3012 1069 7128 9468 4959 7823 6967 7252 5379 8331 3576 7554 661 2298 5319
16 7795 8635 2359 9657 631 3657 3535 9953 1209 7133 8693 2398 3327 4341 6349 1770
16 6908 8699 5080 6266 1784 6010 4899 7472 4890 2878 7504 4968 4902 7992 8289 3582
16 8524 9917 7620 792 7392 6692 6439 3274 3829 8772 26 2083 2498 1895 6140 8912
16 3696 7721 6138 8424 8888 5835 7881 3212 8975 6611 8525 2601 4533 7275 3201 3527
16 1287 7390 1982 7131 1293 8027 6305 2702 3388 6768 8273 252 574 1190 2797 1972
16 5216 545 9018 640 5114 174 84 6401 5124 4912 672 4870 2680 4075 5320 9221
16 4539 6460 19 5614 7868 3668 6836 9108 7836 9349 6221 9183 7214 677 5340 6513
16 8862 6338 4492 5624 4695 4770 1179 7476 9079 752 4620 9509 218 5323 3615 3805
16 6199 8653 7080 1771 2218 8814 7773 4842 1480 1495 5207 5261 8044 7087 4406 8687
16 1559 2027 3838 4215 9368 3572 164 7204 2645 2308 5246 7473 8562 5542 7793 6930
16 5632 9912 6519 1257 175 8261 8188 337 7248 2741 3959 7972 2495 9744 7302 1939
16 9874 1602 9911 6110 8010 8368 4391 6432 1725 9618 7002 1131 2908 9184 8893 7919
16 6368 1231 9735 7649 1481 5989 9738 4979 1392 6384 8330 5825 2953 6926 4006 1973
16 8506 5020 6505 7959 74 6822 9484 7004 3311 1155 2456 8868 2415 3322 303 2251
16 1720 7652 8571 8667 361 1191 8556 4152 7350 2919 7024 7733 7081 8300 8126 7815
16 6734 4125 8915 3136 8785 346 6517 4338 9558 876 2108 3802 3430 5120 9380 7183
16 7828 9732 4519 7030 494 7692 7762 8064 5644 2329 2002 3561 4286 231 4550 5866
16 6929 314 9035 9682 2211 1157 341 7085 3121 3424 4176 2807 7851 4074 3796 9438
16 3216 2607 5157 6056 8350 9862 4001 4580 4653 3145 1694 6767 1106 556 5937 3536
16 480 6953 8688 8470 9395 5048 6689 8305 986 1737 9357 2499 1212 2704 8716 4100
16 2641 3495 287 261 6146 2414 3538 7300 5723 8056 3323 7010 4807 6458 3244 991
16 1594 9205 994 6219 606 3563 4464 9983 8281 8172 1887 6240 6461 4638 1159 3691
16 5661 4398 1513 5748 3288 9845 8565 1338 6492 3682 9704 5407 3223 9715 6818 2290
16 8933 1865 2439 1996 5983 8808 2974 795 9398 9606 8619 2161 5790 2895 9408 6583
16 5168 165 9881 453 242 5706 4879 492 6656 5685 1979 6073 2699 64 4763 3814
16 9904 6596 5299 1843 7257 5356 8353 2975 7197 824 6201 4958 1641 4559 9942 7741
16 8867 2767 8922 9427 7320 4786 5329 3739 8860 4073 3015 9743 6664 4523 4085 6355
16 3510 8184 6604 3175 4548 1828 9673 2555 9033 8485 9459 3893 1240 8586 9028 9867
16 7748 3159 8241 9280 7903 8263 2566 3640 4810 8078 4159 5935 4188 5873 4626 8093
16 9003 3098 533 8203 7475 1172 7330 8303 9754 3097 5517 4227 275 1476 8633 1653
16 7096 5629 2868 4649 3507 6514 1779 7583 1193 4238 3820 3836 193 5301 5256 9434
16 1000 5841 226 9737 3853 9723 5809 6979 805 6406 1695 7731 3490 8589 8786 2665
16 927 5553 298 1291 8065 870 8521 7115 4325 6765 5339 2084 7026 758 8953 4994
16 8066 9816 3394 7012 6964 7019 9117 4675 1761 1448 8928 1905 8098 4383 2324 1286
16 66 7520 420 7291 8042 3804 9512 8655 5949 8831 320 3228 9345 1845 5153 194
16 692 4829 8537 6084 7502 7646 7870 2242 317 8981 9480 933 1953 204 1619 3559
16 5600 7231 1255 8345 8743 7079 459 525 3165 5646 9790 1529 4487 6628 5870 217
16 2802 4856 8170 5836 1608 2353 2723 8270 4718 8609 8421 6308 3051 2170 6633 1246
16 3687 7657 2824 9561 9074 7217 2075 9510 8361 8542 1699 1611 6531 9574 5454 8870
16 6831 9477 9464 2313 4656 3060 4326 5399 6193 4271 286 1250 9716 1549 6153 4328
16 3131 689 819 3214 1988 1132 4866 8337 5278 4524 6343 4047 1984 6862 2121 7521
16 4110 7775 9248 4535 2033 1617 2742 951 9203 9150 5280 7601 7528 5315 4878 7883
16 5772 900 1576 6973 7137 1036 3068 9029 7668 5569 6606 5314 5021 6732 1767 6182
16 7807 3770 7944 3222 9254 6209 619 1909 7009 570 953 7323 3783 4946 7102 7146
16 9061 7844 8466 7849 1142 6669 3900 7377 963 3938 3994 1730 9415 6829 1058 7899
16 7226 6653 2169 5672 7498 911 5592 6857 9130 4423 6230 3038 8617 9638 7728 1004
16 3558 9455 8333 2173 7962 1671 3403 1256 5184 9565 642 2482 1585 5077 2060 7150
16 1358 8154 828 910 2382 7624 5030 3083 6159 7212 9863 8656 2666 6385 3371 6301
16 9176 2609 7659 5306 4479 4346 7714 9170 9066 7600 8527 9507 8641 6639 6413 2138
16 3226 7213 1347 9111 4390 6488 4264 3297 9262 7999 9405 2262 1886 8385 3456 1769
16 8487 8153 1151 6189 379 3514 8629 2375 9012 6371 8480 1523 2864 5909 192 59
16 2871 2448 5090 7575 9388 2067 4447 6389 1391 2421 8980 9190 2135 5133 6735 2412
16 2219 5611 3431 8397 937 8637 3315 9812 517 5998 6954 7003 5197 1651 1134 1049
16 5864 281 4701 2855 5396 546 6703 1675 7176 2901 7332 3313 2302 2563 7261 7631
16 5714 2628 9073 132 7379 5267 8253 2232 4978 3573 8448 820 7462 7754 8340 7283
16 7228 1780 4691 5894 406 283 552 6867 3425 7781 1043 7416 3154 6974 466 6571
16 2748 3199 1662 5269 7034 3866 9584 4919 9826 9981 5241 5964 6870 4168 9668 3754
16 3276 9542 1959 4115 6775 4906 2420 6261 9403 1023 647 814 4833 761 3294 1925
16 4859 3542 4261 7917 3729 9297 5511 3141 6427 996 8574 9653 4974 8947 4672 9551
16 391 7524 5332 4294 4054 4392 8613 9848 1566 5986 8133 7923 4926 49 319 2818
16 875 9532 7340 1514 7177 1811 1840 1463 7414 2248 5735 1413 6107 3108 6679 4642
16 6143 3344 3130 6241 5726 3554 3580 2159 8873 8278 3995 9241 4502 2365 2845 796
16 6132 6041 2404 8601 4788 8393 5447 4913 8308 1733 4237 2052 9820 4092 3669 2700
16 9382 1465 4964 4260 7837 4362 4079 2192 917 203 922 3562 7632 5150 258 7409
16 3699 855 611 9119 4431 2970 4230 6083 7734 9709 3663 4427 3446 1697 1637 1341
16 3220 5480 9123 1328 3420 1323 4907 4059 8319 4728 9810 7535 3903 6923 3326 826
16 815 7021 8297 6733 4133 5044 6916 4306 1072 318 131 2091 9998 1728 4528 6660
16 3692 895 5636 5105 3433 5383 6079 2471 7305 1361 2450 1158 8891 443 9005 703
16 8674 1782 8624 715 7151 7893 7937 3300 5206 3670 9226 1435 9245 4677 3383 915
16 4379 1468 8954 1504 2960 6945 4860 23 2334 771 7577 8710 3027 5275 265 7595
16 5950 445 5617 4033 7840 5652 4433 5567 6879 2884 8150 4536 9528 9444 7253 6891
16 5990 4527 9725 7127 2701 3299 3775 2198 8700 3966 7324 5604 5125 8910 2292 4717
16 50 9997 9876 9377 9896 3273 6454 2674 6282 9110 6158 5053 8219 7938 4735 7425
16 7327 6614 55 2466 3964 2425 3396 3258 3318 5650 6152 1921 1940 1716 7833 2139
16 746 8815 407 1916 6288 3534 9693 9761 3781 5234 6381 9885 5361 3967 8696 4132
16 4825 4442 9605 1282 8978 2625 5959 5503 3826 5780 3905 7090 9294 3267 8615 4478
16 5541 1490 2112 7319 2620 6019 9055 2754 76 9972 5957 3800 6680 6030 8725 9650
16 4664 7443 1055 5439 6801 4181 2174 5850 2693 5159 4604 9244 9700 7932 6536 6310
16 4321 1860 2006 3283 1002 5116 5400 1054 3281 5310 3624 6642 5245 8194 4372 7584
16 5243 6878 1707 6686 1600 9474 926 2928 757 4603 7091 2368 2929 6026 8857 9030
16 5419 5082 9579 9559 6190 1510 1332 2835 1330 1691 5616 7437 3937 5249 6260 7967
16 8741 8088 3146 7592 632 8120 5179 3049 2827 3987 1026 5523 6593 8492 983 1913
16 2758 6758 310 8460 2643 4469 7426 4360 3162 8738 5294 4174 3847 1355 5204 8708
16 6537 3272 1027 1206 1272 2018 4935 8796 3962 5984 1432 7647 9604 9121 1325 7530
16 1774 5438 6578 2815 2379 6759 3883 6562 7188 5386 6504 2442 6344 9065 115 7282
16 3914 5803 3697 8861 9270 6283 6470 1915 7929 4456 6364 9590 9710 5610 48 3172
16 340 6194 3289 8750 3948 2411 5860 1626 8016 6185 5506 1109 9106 1798 8681 7564
16 7914 9127 4050 2752 5843 3102 5066 624 3491 4031 2130 2839 6683 9242 109 829
16 5869 4732 3042 5875 2361 1253 6959 6709 6589 4723 4259 5596 4144 4598 262 2046
