29 4030 6167 1089 3568 1887 2419 5627 7255 1078 5466 2448 7501 8969 2714 1990 6052 7373 2475 1562 4788 335 6300 6804 7081 3795 3318 9684 5289 853
29 4573 2741 264 5353 2932 7290 7763 2337 3332 8701 6701 2801 6289 3085 5773 9588 6407 9046 9217 9023 1563 6449 1001 7448 425 3417 904 2233 2742
29 2276 2453 1046 9751 8406 248 7474 7885 3628 401 5586 7196 2436 8189 5309 3024 863 3748 7767 7939 5700 413 5792 2892 8222 8757 5723 8080 6252
29 7583 3306 3149 3370 9776 1523 1177 795 4362 5150 6613 6743 1169 8603 4366 1872 4898 950 9627 314 7775 8510 8664 8830 5162 9925 4065 1490 9322
28 6960 9811 6283 8505 2081 5279 8890 867 3879 6805 1723 6280 9169 9765 2246 3047 1824 1985 2296 53 6387 694 9459 3490 1489 3304 2226 2662
29 2198 6404 398 9297 8157 6292 5606 680 8660 6547 544 9965 5714 2615 8388 1201 5846 3868 3693 5280 4839 9805 4190 6337 563 743 226 2088 5171
29 7887 4893 8708 5139 5420 5224 8625 9373 8675 4626 1968 1930 5197 8439 8992 9205 2144 3657 5021 2398 9191 2260 1747 9301 600 8542 4599 10 5455
29 6099 1478 4360 5488 0 8486 7102 7953 4195 7025 4166 35 2787 1488 3787 8205 9942 9838 209 2500 5678 5574 3685 1800 1002 7121 4718 8363 5141
28 9486 372 6968 2206 5040 6656 5126 6279 1961 5921 5898 2513 1621 7809 3667 1100 8179 4750 7480 8258 5112 1669 5964 7510 8971 7277 4559 7402
28 8790 695 810 5386 5747 1334 8623 4579 3970 1522 2826 6193 6828 4944 8782 5427 6845 7229 6685 7540 7761 562 597 3232 1819 2113 7705 5335
29 9817 4674 320 5994 3174 6158 5396 1613 6748 2950 3494 3675 2331 7237 7996 8536 8419 5880 4446 2261 5429 5842 8493 2977 3573 1232 4960 4611 5138
28 2803 363 174 100 5172 7592 4833 9056 3510 9144 9595 8380 8453 2775 6834 7913 6213 757 3905 4976 127 3403 8035 1486 1289 8539 4112 3998
29 2863 1353 1156 2687 7270 2471 2539 45 3647 4498 4746 1779 5670 6782 3539 6569 800 9558 9129 8629 793 6043 9579 7644 7858 7888 9723 1675 4673
29 2473 5111 9465 8293 6029 2359 5779 9962 8686 1962 8923 5782 2045 471 6852 1847 3966 8402 3049 3471 9614 3185 7100 7169 3198 8350 3166 9985 2275
29 7886 2796 3880 3013 8260 9527 4889 5209 537 5101 982 1097 3439 9367 917 2847 9254 6757 7116 3074 5415 9908 4769 8449 239 7694 4057 6940 5295
28 7533 4051 5489 273 3932 6240 4049 4220 4173 8592 2054 9872 1624 8576 5704 2588 456 5517 4149 875 8026 3521 4964 6094 6984 7734 9011 5651
28 5553 6596 7347 1558 8411 4743 9669 9865 8300 7 3592 2263 4722 146 3075 4955 6011 845 1784 565 1470 4998 504 3527 621 3288 3872 9597
29 619 3450 4219 9749 1451 7335 7599 491 7920 6943 3948 3643 3266 9131 4405 4075 9679 5009 4315 7765 5271 463 9616 2282 1848 8308 5561 8508 3438
28 5708 4811 2360 8956 8285 8089 1885 6153 611 1774 5458 5418 5001 1592 8289 3113 8901 9645 6056 6668 3612 8466 7764 3486 4069 4622 9219 7656
28 7816 3483 3841 1922 8674 8305 3004 4210 4361 9125 2341 7481 9554 9798 9475 7784 6864 7160 9415 9611 251 4193 9995 5153 7091 9843 3002 5695
29 2178 1342 6567 1039 6976 2287 2520 8198 6990 7547 658 924 7970 5326 46 6647 2255 74 4724 5391 2221 8177 77 3639 3224 1839 122 3223 6198
29 291 4249 5796 8499 1868 1410 1653 2097 2793 708 4684 6816 7166 6004 9574 1372 3333 1663 3823 373 7523 6833 5250 1964 1062 3 3111 6780 9327
29 9159 1127 8822 7360 6325 31 8820 5915 1006 5002 4957 7227 4280 511 2968 8575 6435 539 7631 2345 36 960 5220 1381 3118 8237 6550 5323 5385
29 3590 3558 1744 7168 6112 51 2620 1860 4011 3587 1516 4832 5453 1973 8365 4241 6358 5441 366 7959 8564 6271 8954 3319 628 4397 4753 4013 3752
29 2940 2926 1371 942 3877 7724 6424 991 6241 4689 4003 7051 7645 9490 8859 9762 9359 8979 861 1879 6537 9927 3006 1787 1200 7737 9038 3907 8713
28 478 5262 4217 293 6381 5095 7041 808 7115 5 7567 5240 6534 8520 8036 5618 6540 2713 4158 6503 6233 1873 5509 549 9828 6494 2896 8546
29 9 1461 2599 6436 8158 1141 3088 2993 4776 2523 9777 2716 6520 7378 6391 2647 3203 8421 6589 869 1912 8989 5657 5469 1044 1978 4613 2328 5299
28 1427 5564 2555 7306 3684 6825 9707 2514 6379 3170 7788 9282 8597 8432 3474 6169 8451 2830 1706 1212 6234 7669 95 6682 7638 1941 2257 7602
28 5562 8030 8115 1670 5307 2852 6299 2173 1335 1700 2431 8919 8072 183 6533 3132 7611 827 9539 5754 6933 8347 2354 9536 2846 9185 5027 7122
29 7053 5959 7425 5375 7773 2307 8145 9072 2149 9788 7471 592 671 6506 9300 2577 1018 1931 2785 112 6409 7698 7272 6192 3182 6663 3836 6021 8266
29 9881 4105 5520 3204 4000 2123 8239 1187 7184 5780 1375 9418 6312 5947 7576 8973 3447 8270 6482 4271 1131 1260 2584 9773 5901 4331 9351 4708 5016
28 9026 3106 1086 5594 1758 2879 5645 5973 964 8335 5512 7460 2681 9328 2010 376 3570 9873 6588 5192 1937 2018 2569 9422 9667 7565 9029 3421
28 8598 9543 9294 4062 8215 4343 4478 9968 7607 15 9779 1627 9680 7259 9976 9015 9141 3744 5211 9256 8494 7783 3871 8018 7269 919 6137 6140
28 2545 1407 4169 5752 4434 7312 6837 3786 1932 705 4881 4019 396 7358 7851 4680 9910 4496 4250 1864 9870 4515 9568 9698 6129 1173 7622 9831
28 4211 3147 5692 5088 3501 8671 2726 1756 5133 882 142 7814 9774 2756 6457 1224 3478 8377 2574 9994 1598 158 3148 2087 6109 5765 1203 344
29 3824 5035 1729 5957 9523 6346 6688 2484 4854 7839 6221 9635 9305 8616 5526 3007 8368 9743 2493 9184 3382 8531 5605 7994 5958 3270 7910 7778 9959
28 9921 9605 6973 4925 3724 3893 3678 8877 8683 2324 2557 2609 5753 3602 9106 7612 5750 6320 2383 5954 4764 6519 8591 6348 7319 1958 3488 2619
29 9223 4504 8939 2816 9248 1877 8563 8073 9572 4681 1752 7326 4293 8893 3984 3034 4901 8881 304 9293 5064 1788 4551 1218 948 4413 8014 3076 473
28 7365 4106 8668 5853 2682 7441 8968 6509 6658 735 9725 9748 9121 9283 555 8021 2180 2041 1206 5646 7898 7148 7170 143 5878 2765 831 4309
29 1764 9862 4564 1296 1297 8015 2947 7801 9050 7085 7205 4984 7175 2952 5967 7704 5151 7625 1129 5086 1045 7027 7131 1221 6046 9807 1688 5053 6268
28 8688 5055 3064 8382 6883 1153 8550 1909 1243 971 2155 8987 4628 4232 8446 2190 4457 3413 5741 7795 1090 332 1020 2373 8806 8797 1898 6763
28 2302 4995 7245 7299 4363 4763 6762 2376 3416 1183 8352 9508 2641 9630 7931 5473 6355 236 918 9171 1088 9730 1994 1322 2050 3396 4648 2478
29 3324 7924 665 927 9449 9699 2139 2746 6441 6745 7697 9317 7494 4969 8829 4784 8955 3367 2305 641 9267 3516 784 8942 2451 8138 8447 4588 9913
28 8929 3886 55 3405 7242 6590 6447 9188 6311 6493 4229 3581 7314 9226 6538 4482 5873 6905 5738 1009 3702 1032 8284 2225 6347 4981 5233 2761
28 977 8060 431 6151 3053 7879 7525 9229 310 4290 3499 5216 7159 7264 5781 358 352 2643 2489 482 5532 1951 3071 4020 9495 6048 1963 3889
29 7392 9269 1891 6125 2209 1609 5946 4042 1605 4840 812 838 6914 2531 1281 6559 5578 7831 5000 6786 9483 2786 9164 3619 3953 1657 5187 7327 1422
28 1424 4296 2019 8547 7714 2854 4909 6706 9193 8551 9250 8778 9092 3844 4284 8147 3038 2066 6135 5498 1113 9385 2969 6949 7369 4213 3323 7639
28 9137 2314 1832 4888 8787 2343 6480 2183 4513 3588 8735 9006 1269 1048 2885 3671 60 6203 5809 3855 7188 214 7999 9874 417 4886 249 9211
29 8584 3344 8277 7597 1852 1520 4858 4786 1722 1171 3500 8680 424 8117 8725 8478 8187 7430 1818 7076 5416 6334 3365 9946 7557 785 4352 2192 6000
28 522 187 329 990 2573 2605 3625 9808 4852 7847 5214 9371 5722 4389 5170 633 2914 3779 2391 8241 4721 1254 4978 9358 9612 3358 7310 7357
28 7980 6618 2835 7143 4437 8004 8764 8011 5823 5712 928 2887 8381 2063 4959 6880 1189 4004 9441 3828 9823 5848 2807 704 8154 4544 9739 7903
29 8489 5787 8474 6405 1050 2696 1291 3707 3329 6469 4111 7440 9302 2400 3245 7450 7696 1134 7136 4980 5210 9471 9849 6832 83 7048 5951 3073 485
29 8650 8396 1995 1666 6006 2174 9454 8533 8799 8202 9506 6693 2860 1389 6178 9552 815 6528 3448 8953 8083 791 7216 587 3822 3938 9624 6610 5270
29 9615 2797 5006 8654 4523 343 7955 6979 4639 1586 4076 2315 8998 9665 1179 3218 4080 9663 9066 4874 2161 1642 6544 1464 7420 7000 6131 8832 2490
28 7573 9160 9335 3864 9771 458 9757 6370 736 631 523 4267 3257 7928 6657 7891 748 5655 7824 9353 8755 1474 5568 4770 9501 2925 5380 8401
29 6058 9478 5611 8190 1591 2708 1637 3299 2476 4269 8854 155 8467 1274 2243 5089 7780 7919 6273 390 8739 4779 6164 8188 4470 1481 1306 5402 3099
29 1757 6563 9687 2987 1327 876 4466 9952 4906 4521 7909 5559 2507 1494 787 3423 8175 3559 8506 7379 3900 5201 4180 3193 6411 4379 156 144 4695
29 515 8813 5015 4285 6784 8303 7675 6733 5587 8003 7060 7394 5877 3522 2516 8438 6248 4424 5400 6721 9909 8974 4727 5730 7350 5269 6463 2857 1889
29 1348 7605 7368 3633 561 9714 5806 8865 8500 6406 6437 7296 8794 4869 4320 430 7627 1584 3548 5057 9943 8317 5732 6992 6525 7883 8244 4789 2142
28 8075 5931 92 926 813 3207 1164 9847 7332 2755 2698 5581 5519 9084 52 9961 6329 3048 2661 6297 7947 9197 1710 8470 8910 3635 6110 7832
29 2922 3572 61 3068 846 9920 121 7762 7455 767 5711 9532 6958 5630 6888 3353 7032 6128 1640 44 8786 8511 7078 2456 2772 4952 8748 8295 5524
29 7410 2767 8477 8898 9510 3933 6385 2270 5327 9801 4502 6095 9285 9993 4812 7421 9607 9100 5932 3183 8658 8903 7873 274 3219 506 315 4598 1634
29 5248 627 3404 715 7642 8201 2902 8397 2592 2496 7766 1318 7800 1803 6382 3300 1083 7039 1198 4384 2967 6926 1897 124 2623 6842 9126 1893 7061
28 6285 2325 8837 1307 6065 3976 5749 9329 1794 9789 9198 4971 5897 2177 6573 6445 9128 3445 8465 5109 3800 3574 7328 6123 2111 2637 3541 3506
28 8811 6772 5414 786 3425 4822 5870 6061 6928 765 4596 4602 1870 446 8184 4066 6803 7710 9678 3577 4025 1339 568 7197 674 8378 2461 3202
29 2265 4487 8548 1583 8310 8085 8917 9396 9866 3770 1551 1851 465 2200 1992 3912 4176 4827 6792 2589 247 9410 4707 7989 5766 2165 4508 8750 7751
28 1923 4447 4318 1026 5255 7768 2838 8130 2760 535 2866 8059 4456 5052 666 3492 4377 5854 6553 6227 3250 58 6572 7901 9742 5521 4481 8454
29 9167 843 572 9024 3286 6997 6790 5073 5424 1303 5010 4554 2931 3244 114 6281 9456 3646 551 7101 7177 3892 2288 783 3511 7560 4023 7889 7711
29 7678 5128 7390 833 8436 7307 1286 7671 2457 3949 8661 7865 4907 6849 8747 8767 2771 8283 6310 5078 2525 2058 4033 123 1907 3812 1876 4503 1401
29 9509 3754 1680 8066 5213 2985 9262 145 4916 5205 3858 2027 4934 5719 3435 5777 4636 5858 7123 1484 8091 7917 3776 2277 6071 3418 3954 4087 1658
28 8287 1118 818 9181 9419 6211 2840 2729 1536 8124 2268 5805 3117 7075 5434 24 711 9861 2853 326 6504 5919 2303 5259 7211 4411 4048 1650
28 9099 3126 3740 6474 5643 3918 6557 6139 6560 3772 3820 5710 8596 4209 1760 6243 5808 660 8507 9591 6855 2604 9756 2051 1258 421 9394 4649
28 6386 4647 1199 9632 7126 3549 881 7317 1525 3818 4012 4619 9379 1262 8170 47 585 140 4970 3965 8846 4401 7527 2458 6401 7744 2030 2164
29 5190 2784 245 649 8656 2822 5268 105 452 3393 1276 9717 3243 4610 6669 6076 2492 1720 8807 377 7370 4623 5979 9934 898 851 6072 3181 8722
28 8498 2638 4781 4543 357 4569 5444 9467 2841 6586 6150 5443 2566 7442 5246 914 5203 7900 3634 9098 7230 9885 6343 7406 1780 9201 8638 8045
28 8207 1309 3553 2015 8885 6022 8997 9984 1349 5774 8916 1735 505 773 5942 180 922 5588 1789 8349 4063 701 4281 9664 1798 2511 529 724
28 1092 4686 4438 5173 5508 4819 3959 7068 4403 4571 4546 7536 8541 6070 8670 4473 8370 9780 1467 9345 7626 6064 994 4652 5390 4036 4227 8206
29 7916 1416 9516 1600 4463 9732 8543 1939 1432 3495 5989 9080 7423 3120 9138 6176 9362 3999 9685 659 9593 1980 1204 7300 6616 5076 5756 1945 6632
28 930 3005 1751 1466 3460 7464 6333 6238 7554 8880 4920 9091 6079 4040 5717 3063 5641 7031 8165 3360 5871 2380 4355 7158 1535 780 3607 6002
28 6695 3964 3869 7244 9589 4973 5306 8743 9592 2534 6619 3337 4745 5176 9380 7089 487 2011 1712 37 1736 8400 4351 543 5036 9640 9625 1905
28 1315 2607 21 197 5772 7397 1827 5047 6047 2855 2338 5374 9458 782 2518 1037 8001 5922 4008 4860 4754 7854 8120 8710 6689 2256 1148 8728
29 3364 5790 7876 9676 2983 9901 4956 6961 8644 8163 3650 8702 6433 7135 5826 7413 7167 2179 5003 9542 8845 8328 5891 12 4631 7570 4301 5328 4142
29 923 8487 2185 2382 2238 9929 4586 8420 7613 7853 6635 3739 9960 5761 6146 4139 2350 6219 1888 5969 3021 1546 3514 860 6594 1299 2429 3284 8535
29 6795 5347 4926 3683 1865 6318 9644 4150 4706 4514 7956 2147 5235 3833 6 4709 850 7521 2725 7401 751 7478 4866 4807 4982 9253 9674 2836 9278
29 553 5311 1328 3722 5721 1475 7965 4238 5737 3591 2880 8171 8223 9859 8167 7457 8606 1806 6217 5755 588 4987 976 1248 4511 3220 9244 3738 6771
29 4895 1559 5726 2532 8176 5359 3632 8271 7057 9232 9012 8693 3925 5484 9879 9894 8020 1137 3593 8209 4175 5447 5194 2460 1477 6284 3790 4462 2092
29 9626 2814 5674 3898 7543 9688 6753 3449 7866 5257 4654 7181 8333 4813 1625 7165 2933 912 2122 7927 4418 8867 2948 9785 8752 8490 4665 3891 7522
29 517 6354 3642 8484 3188 13 3750 409 8965 9744 5384 4350 2370 8848 271 5648 9349 3687 404 7033 8607 6592 941 4752 151 5707 9123 7186 3762
28 4467 516 1957 1581 9955 2630 8361 978 7556 8684 8433 1517 6444 892 1483 4688 6113 1147 3993 5621 7911 4905 570 190 6962 2876 3371 9576
29 8528 1157 4137 6025 3254 4809 6313 8643 1935 5698 237 1363 7077 7104 351 4785 5735 7808 7952 4102 3246 7254 138 96 319 6918 9695 1790 3145
29 6561 1493 7281 8448 5833 4444 9083 3509 7830 3092 9704 8784 7234 4127 4143 1163 1238 379 6225 8111 722 9778 3817 1662 834 243 5694 8503 6579
29 7727 5221 1944 8315 4274 6465 2961 5308 50 451 3866 6277 1537 3177 5554 6776 4993 8265 354 4191 7500 307 5465 9270 7462 428 8119 3043 6843
29 8805 416 8093 2415 7140 4212 5996 7361 2172 1965 9130 8766 9003 3785 9249 3373 2298 9655 6603 1312 6696 9397 8630 1191 2134 1340 1073 7902 2570
29 6622 9407 603 6428 1235 29 8798 1718 1817 2536 1058 2504 8056 435 7404 3629 4359 2281 5981 8719 2409 1178 8218 3859 2214 6301 1976 2813 545
29 8685 1866 3429 5567 2606 3397 5658 6398 8410 5298 8741 2955 7753 2100 1384 7943 5195 8646 6952 6066 8480 1231 5297 4263 7497 1222 5065 6838 8909
28 454 3335 6631 9170 1104 3803 536 9386 6922 9470 2920 6935 5990 7056 7210 2104 4043 5134 5668 9528 4261 2684 7150 6684 2411 3815 9979 4692
29 2575 7600 9514 1082 7403 5495 1834 4922 4093 4373 6841 3505 8781 7376 5684 5118 7451 5844 2445 9216 4304 2581 3974 713 9710 9524 6254 1544 9372
29 684 6267 59 8391 407 3939 2474 8899 8779 9202 7156 6967 6673 3973 1820 1828 6443 6886 645 7278 1534 630 6652 5426 5518 2171 318 9390 6096
29 7729 5182 5352 2112 1753 7001 4283 9058 9031 4099 8076 9617 1668 4658 22 7058 2055 3745 6950 3018 7706 3661 2218 6555 8514 8517 5421 698 7688
28 9356 4791 3191 4841 874 7812 6902 4651 2186 9538 2284 7951 5499 7584 4661 7179 5435 6118 3330 4045 2929 3369 2624 6322 7843 2440 3378 1394
29 707 1029 3563 6977 5953 3532 2937 855 2759 4518 5485 3211 6712 9048 7648 5477 3710 1107 2140 1547 4616 8857 689 5332 9306 2152 9905 7659 5731
29 1036 8993 986 189 2975 9452 2936 2420 9025 8137 9180 2828 3395 4830 9068 2247 2994 970 8469 8868 1842 1300 2259 7341 2357 718 9378 7355 3060
29 2083 2034 4357 776 8999 4044 5245 7513 4205 394 3023 5916 4429 9073 9117 3275 9477 6577 9274 1393 1294 6809 1176 8957 7899 1396 1497 6754 566
29 9213 4196 4732 1209 8614 7456 8343 5852 48 5343 7921 9462 3814 3000 8146 8501 8443 3860 8699 2201 9741 216 6321 7967 4757 7535 82 4480 774
28 1560 7840 2595 2001 4910 2351 2831 7962 9670 4339 4265 5273 3442 4883 1766 8058 378 3150 5275 5681 6732 3287 7973 699 2600 3196 4327 2381
28 173 5857 3277 2372 4341 7362 6975 2077 9540 6807 1450 5329 3240 8341 492 6261 1150 9455 6024 3029 2029 3618 8774 5401 5975 5699 6305 1233
29 6042 1290 5330 6206 5184 9178 217 4312 9883 4294 8408 7662 1671 5736 2273 5759 1395 6691 4187 5274 1338 1959 195 8366 1240 3108 5851 4991 8113
28 4804 1257 9619 4790 7990 6802 3554 1126 3950 6552 4961 6642 2550 7882 4679 1577 9642 528 3699 8920 252 501 1574 6947 5720 1515 3137 6317
29 6593 7941 3297 3546 906 9830 5239 7219 1027 5705 5446 8133 799 7395 4595 2821 4517 3011 3262 9940 3709 9659 870 11 899 6863 1158 3192 9043
29 1575 2064 999 5417 8825 593 1455 8792 5669 9163 2732 4291 9225 1716 1590 4720 2289 1454 296 9571 1755 9740 1035 3133 1816 8706 1151 2441 321
29 3051 2966 2454 1447 5029 9651 3729 6699 2110 6152 166 745 5977 7844 1143 290 7632 653 7398 6783 6710 3461 1683 2640 8488 8634 3089 6966 8991
28 6587 3848 524 3484 9093 7836 8276 8024 6236 8882 6986 6274 154 9296 9493 171 1771 8975 3470 2363 8290 275 1500 6799 4664 4915 7035 3069
29 262 4450 4931 8891 3929 5557 2355 5378 2166 4145 3853 4381 9364 9081 2810 3681 8247 4390 8383 3610 5941 1098 640 1070 3388 2974 2068 7493 4338
28 6296 1102 2049 6773 888 9105 399 2543 5612 8872 1251 7897 2170 1689 3039 3279 6264 961 9312 5357 9333 7241 3565 3468 7877 5319 6090 8398
29 9954 3410 9065 7488 6823 4867 1684 7787 3072 5533 8595 33 1055 2191 8431 8103 2906 686 3508 2470 620 4525 2890 7848 4431 2231 2219 6971 5886
29 602 2583 6454 9729 1840 8384 5936 1244 8768 6788 758 4885 8593 8691 1174 99 5462 8417 3652 7825 8064 7894 3597 9237 7700 7677 6108 9316 9096
28 6452 7977 9855 8581 3151 6199 2 9858 9939 116 5827 2907 1532 9401 6717 8666 8961 8828 3351 2789 8392 4625 6760 9603 2909 3260 4365 5059
29 6470 5771 6266 9842 8033 2433 4653 4730 9706 9156 3311 7606 6850 5490 797 6210 4251 6924 7624 6188 1369 2422 5536 4074 5876 7108 4458 8110 1793
29 3040 7610 1812 7094 5037 8043 8216 3694 1332 467 5471 6120 4468 5038 5896 472 8269 5855 4798 5039 4484 2921 4531 8164 7302 5666 7508 246 3339
29 6597 7575 3990 5769 6667 3152 4421 3569 4534 3268 8931 6287 5635 3259 1765 7534 2587 3843 1829 6489 753 8415 5114 1527 9712 8224 7356 4657 2586
29 9438 7468 3116 7880 129 2997 2712 126 163 6086 4200 7417 135 2834 5671 9594 7422 6970 1373 6737 3134 3255 7712 2679 7145 9220 3599 3136 9656
28 5031 2128 5174 199 4589 4736 9271 6431 9484 4337 2542 9964 8687 4988 4148 7997 8288 3728 856 3131 594 5767 3197 2346 6806 3237 7353 4894
29 9671 969 3765 5430 6130 8652 7249 6136 6017 2292 8777 3291 8268 7937 7463 6009 7466 569 1953 327 2960 9392 8301 8742 9376 2908 3014 6309 8819
28 8839 7334 8200 8427 1079 7993 1068 7693 5654 6539 5924 2870 8254 9161 4591 8642 9662 9134 4138 2517 5200 2795 1883 5196 4537 1895 7551 2488
29 1553 9409 3624 9652 9002 4500 2085 1915 3093 959 2086 3985 7855 1047 2874 8590 8233 4756 1028 7336 8632 2378 8525 8639 2271 6045 6351 8554 2864
28 2065 9800 6479 9761 2079 8054 4817 1438 186 5580 6703 7201 634 525 1899 7487 2205 9194 8645 477 3703 3617 981 8659 1886 5131 2118 7257
29 5129 7730 5181 7311 6820 3552 8482 7109 3686 5785 2427 7073 8824 5364 3956 4941 2553 1053 9727 5991 8309 6955 3459 9657 7646 3180 3164 7054 769
28 5875 7454 9183 6260 6251 7904 8703 839 9240 3897 5560 3070 8082 7391 9497 5974 89 427 198 8727 8852 1639 3379 6566 8405 8088 9496 7794
28 1746 5019 9797 7512 5081 1350 8855 7690 5461 4696 4292 2309 5144 6751 3648 9391 260 6650 9547 2645 4100 9728 7382 6247 256 744 6822 8495
29 7566 4558 3305 3721 2549 1499 7664 5980 3343 5528 7682 2889 3994 5905 6417 406 5068 9906 7743 4676 2986 7485 6978 9586 6897 5793 7974 3614 4986
29 1441 2673 3066 3584 9573 6257 9063 936 7118 3679 7012 2439 1031 3230 2582 8751 3236 8025 7749 6388 5523 3455 1418 2408 4859 8679 9821 6159 2187
28 7837 2660 6775 6510 4857 328 4490 4358 5425 3342 7193 284 7038 7564 7936 305 8970 8090 7591 4231 3320 1326 584 7427 9737 7895 8094 4590
28 5033 6012 7972 2071 4032 4878 966 589 8793 2685 9969 4005 6818 3264 3162 8234 3310 6027 4002 2399 1317 3878 9208 9432 4548 3407 2295 3656
28 6778 9992 3583 7071 4479 5121 7418 9377 5835 4505 359 9124 9069 9133 8964 6228 7266 5962 6734 298 7759 3025 8354 2548 3825 6991 188 5167
29 3909 5206 8705 764 8894 7769 5558 934 3084 4892 4182 8945 9650 6532 5506 1882 8976 6829 4633 6106 5537 4024 823 2320 3052 7735 2406 4510 8096
29 9071 1629 5689 7359 829 3045 4831 125 7250 6054 6500 4848 2768 1573 2790 5321 3834 28 8109 1745 5337 3688 3732 9546 1505 5770 6384 1655 8765
29 1295 7187 2962 4134 8418 5351 5682 2544 1849 9299 794 6664 3368 7785 8834 4758 7908 6640 7218 8721 3385 5724 9845 4601 5968 1387 4856 115 2479
28 2924 6964 4406 9980 3028 2028 42 2487 9781 9970 4050 1595 7371 193 3666 4659 6013 8306 6160 433 4872 1738 8635 5865 8464 7860 8636 9436
28 4018 4802 7189 6330 5372 3467 2466 5361 4393 7912 3186 5041 148 3187 7407 2294 4615 2333 4303 895 9246 8263 5348 5856 4104 4563 6416 3876
28 4963 8395 4575 2119 7618 2973 8008 4396 7539 8911 1316 7486 4310 9987 1344 1979 7452 1220 7022 4749 8918 989 925 582 3497 6372 7987 1687
29 3845 1960 2374 8802 3821 5515 6068 7262 3326 3317 5800 419 8235 3746 6438 557 5619 6077 9596 626 2323 2074 7117 6859 2212 4782 170 3451 581
28 6611 9825 4472 4333 4218 3809 3067 4207 2562 4795 8456 2917 5394 6536 610 2290 4260 5212 7433 9139 4873 5507 1608 3873 9348 859 9672 2749
28 1430 4435 5061 4945 3755 7984 7957 6531 2162 669 9291 4101 7490 6019 2777 7492 4278 8617 7225 4247 3704 7377 622 6204 1152 1799 5051 5930
29 4853 6499 9368 3551 4230 1361 9247 7342 5371 8984 5525 210 8100 7818 5566 604 3037 7164 282 8585 3992 2809 9089 760 2861 7676 3766 8569 6336
28 5545 3081 4927 1970 8161 5356 5593 920 7963 8586 7034 7555 1069 688 6172 2872 8800 2995 9498 8428 263 1783 3054 8609 946 6854 160 8771
29 5912 590 9833 534 8937 6584 8312 4512 5502 6214 9875 5972 3576 3689 7636 5278 6705 2862 775 6170 662 2709 5074 8985 952 6440 9413 3708 2683
28 7465 9411 6442 828 5079 5069 4298 5576 4026 3426 4439 3917 4728 5997 1038 2349 5637 7929 1991 4400 727 7517 7305 5492 7823 6716 6666 3580
29 9114 7446 2465 1853 1459 1138 9446 2497 4933 5422 1593 1761 5122 6097 1208 5178 2386 7594 5748 7868 1185 414 4088 4021 9647 9406 9094 207 86
28 5149 4532 1617 1288 5097 2644 5914 5487 8211 6005 16 5860 2877 5945 1699 7414 7203 1302 7871 857 2780 3044 6867 4678 7748 4427 4741 5961
28 2450 3805 9826 276 5107 2078 1568 2195 9886 9365 2928 7608 1144 5584 4459 2348 4034 9457 165 6376 5023 5467 4221 1023 9515 3615 7289 6870
29 4572 3616 4489 1769 884 1987 3697 4660 5960 7574 8818 474 1482 6598 2999 1503 6634 4264 9360 1413 3777 7630 3446 6591 7514 4698 7716 6944 574
29 8844 2802 7247 1280 9867 2700 1940 5575 4947 842 7699 7411 8518 8144 4058 1409 7811 9040 4316 2719 7595 3354 940 3124 5573 5413 4476 1130 4903
29 3741 1061 9166 1167 3225 3578 131 5014 9101 3958 6453 2522 9864 3691 9639 5091 8191 3444 3427 3645 6581 3856 408 720 1867 7287 8098 6201 8950
29 2057 9030 5377 8174 8068 3249 7339 832 8827 4164 1360 7284 7628 2650 6871 7890 101 3247 4497 6665 9713 3242 4520 1057 2188 6680 7940 9947 2923
29 8413 4825 2918 5903 7504 1844 651 8118 5642 4492 6800 182 5609 3100 9400 1526 1815 5904 4783 362 4617 8996 5824 1265 5965 4710 1301 6163 4948
29 1986 9311 803 6623 3945 3362 4125 5733 9758 3087 9750 6142 1213 9701 2508 5338 8459 9110 3769 9621 1435 2598 5296 8394 3019 9517 5341 227 7572
29 8709 9796 8801 5376 2818 5862 9686 2442 5742 9143 253 5043 4181 5758 5831 7386 6911 4402 7313 9439 7154 998 9806 2499 746 6541 8605 9608 3775
29 6145 8389 7400 4937 4321 6730 5622 1725 6527 638 8440 4935 8077 178 5254 1702 1272 7435 4733 931 4322 6075 6368 5267 4022 6302 7670 4711 8726
28 1694 2464 8455 1446 5577 5602 7134 5474 2016 4908 9405 8252 2666 9599 14 1170 3165 3756 5984 1463 6602 2020 9321 1511 3530 2227 7445 7923
28 8416 5943 9747 801 3934 1190 1154 8012 8527 9474 932 6237 6690 7568 7754 6326 8936 9562 6127 1648 3408 3414 1921 878 4185 3807 6641 2957
29 3520 1473 5563 6811 1196 7024 6121 5324 8731 309 2763 5482 1622 8041 7387 9258 3199 8826 4228 7080 9425 8978 4666 9027 9561 9292 7578 5099 2425
28 4223 7128 5948 5208 6965 1101 5843 4131 7405 7374 8192 250 8862 3967 4006 2844 7282 6524 3008 4394 8601 4761 7817 8319 730 5955 696 9234
28 6903 9529 1193 5322 3977 5260 85 9890 67 3061 7484 7130 4286 7238 8074 9953 5734 432 1462 911 6476 1804 4491 3793 8429 370 2438 5108
28 9930 7822 70 3759 9224 9384 2059 4475 896 9404 6629 9076 5464 692 2393 6856 6323 6873 8914 796 8067 821 7324 6315 3502 4436 1925 5135
28 7850 1759 617 2379 6015 2082 2076 509 1379 1768 5829 4530 8677 6839 6972 7157 5048 4452 2467 2881 7447 5970 949 5847 7509 9560 5199 5810
28 4072 5909 185 7604 4114 3307 9564 1743 5966 5799 5316 8941 1641 8150 5137 4425 73 8934 3784 8667 550 6881 6708 1246 2193 6812 6764 1005
29 2701 8104 3086 4126 1351 1596 7687 2622 3594 5874 5928 7593 4399 8302 5556 5106 6938 8745 9840 9010 3278 1929 5716 8125 6808 2527 2285 3290 8007
29 4334 3436 3400 3386 8320 5124 8264 1514 7668 4054 6464 1161 6517 2944 1356 8572 7416 5505 270 2602 2958 741 4494 8087 9210 8272 259 9534 1398
29 7867 1333 625 1841 4391 1611 8275 2312 1223 5410 5281 5768 9382 2254 7869 4214 9182 7055 1250 9570 7161 2976 9956 7755 7740 9308 5995 9078 233
28 1155 5522 4385 2132 4287 7007 6651 564 752 9231 5479 1392 4078 4587 968 2443 6969 4236 3102 7738 3962 1512 3340 3931 9809 1452 3698 1692
28 8139 7498 8279 3135 7933 1400 8430 4662 1792 3529 1445 26 6341 1561 1043 4844 1528 8225 179 5044 8775 8078 1576 3538 1434 6766 8055 1880
28 54 1162 4940 9151 4501 1426 1911 9277 4650 2004 7235 176 3472 9469 8031 325 7723 947 1370 8016 3209 9187 8959 7870 9559 147 1495 8906
28 778 4815 9786 8509 2279 9846 6102 5483 6259 9978 8866 9991 9357 2089 6513 9912 4847 7315 4938 8463 1908 2938 3951 6774 9719 7461 4109 8172
29 6963 2075 8640 4814 8051 9583 9963 2395 8869 1830 2642 7499 1008 3761 2223 2705 667 3888 3229 647 858 5232 460 980 7507 7881 3316 3842 205
29 3477 5103 6630 5300 3222 5165 9204 6626 7586 9162 2590 4461 6069 5318 4308 7914 1996 6307 2388 5610 4747 8353 369 3944 8608 3269 9700 7297 3832
28 1808 4578 8762 1845 4865 6865 3280 8864 4116 4335 2805 3399 2402 1507 7884 9675 3465 3935 6202 9222 1041 4597 6628 1448 547 4634 7023 3851
28 1918 1685 9344 4632 1890 3727 2670 1518 1548 5531 4794 3239 2502 1165 2352 9633 2129 7505 9600 6729 2280 4691 9287 3654 9062 7476 2316 8599
28 8922 4740 9580 1117 90 8887 8325 438 9711 5934 9157 5937 9260 1439 4562 4912 4744 192 9423 2646 393 7274 8496 4417 6980 5863 7424 5314
28 2154 4851 5405 4541 4172 7364 7107 6931 2823 6495 2750 38 6242 1894 5647 6104 9427 6891 8114 8186 5100 8044 1754 5745 4592 9819 854 3969
29 6676 6522 2039 3121 5900 301 5813 6942 3726 983 1096 2482 2547 9816 3322 6375 2264 9938 2676 4077 41 6521 8947 3783 6030 8733 2158 3420 2447
29 637 462 2159 1112 9697 1510 7529 6615 507 9147 426 5677 5285 7399 333 4540 8485 8159 4735 8849 2808 2060 6166 3928 8878 7791 5355 2335 8452
29 3179 5496 164 7331 380 5811 6119 648 7409 2095 3664 5146 3978 905 6501 2230 1014 1264 4108 9851 6399 8711 840 5290 4028 5821 5468 2677 3357
29 1066 4157 987 4965 3031 9598 6840 6446 690 9487 6551 7439 231 5510 201 489 3338 3095 8892 6143 5234 2984 9565 5092 9966 606 8568 9745 4059
28 668 8610 5243 9052 2806 755 218 1730 9412 3112 1589 2093 3078 8534 4524 4797 2342 9989 4842 150 7614 6985 3586 591 6270 639 2377 6599
29 8097 9313 5411 375 449 20 9769 5603 2819 2748 7819 2951 7660 3503 5661 4581 7681 9983 5993 4332 1146 9850 5798 3789 1049 5454 7228 2699 2811
28 5516 6396 9503 488 3437 5403 4330 9330 4624 1094 8921 1403 5379 5222 8461 8062 2053 3715 4566 8555 1682 7180 1242 1114 6904 8152 2105 7821
28 7239 9545 111 862 1298 8273 7190 6675 2616 349 6327 8435 8662 9810 3115 2375 8749 8736 9839 8332 3172 805 7052 7944 2752 1833 3672 9113
28 6269 6200 6670 341 3995 7019 7665 5008 6885 500 405 739 5012 3946 1496 7546 272 5987 7444 8307 2160 3493 9972 8108 6848 8323 8019 5448
28 9731 8602 8256 3200 8574 7826 9173 1182 1121 6882 4835 1051 3658 3168 7562 1111 3979 8070 411 7598 1180 8086 1458 4877 1305 8318 6156 23
29 3079 8238 2649 848 8803 5582 4368 6927 117 9869 7093 1374 8946 8149 4882 9399 9694 3753 4168 3489 1237 8860 1569 6319 5789 4224 7132 6548 3899
28 6720 7954 360 7703 6810 6826 4672 9489 3381 403 9852 6459 1825 6039 9853 7064 4946 6609 6700 4846 8924 7620 6814 3350 202 4742 7224 8364
28 642 1917 8372 6036 1954 4177 4068 6060 873 3774 1796 3195 7294 9916 3128 1186 2347 9721 6473 6894 6116 2897 6913 5252 9045 8676 2654 4704
29 7099 1705 8521 1896 8875 6612 1285 7842 4416 6768 1283 7125 4950 6740 9414 4677 9526 383 1667 3881 1645 4668 9426 8897 4772 7878 3763 3665 2800
29 8838 2184 7926 9148 503 2886 1433 9442 6659 9242 6092 3808 2614 3201 3544 5431 5617 1145 8246 2733 6051 643 835 3982 4046 5423 3341 3550 4192
29 5046 1132 8294 4262 9643 5428 4183 5868 4801 7217 3906 3057 6747 8657 3441 1076 8653 4194 3272 3655 9461 4353 9116 1728 133 3328 3742 3936 8249
28 955 3915 4627 738 6314 5301 985 7526 3640 8928 2627 412 9587 8649 9420 5305 9726 5159 4453 8530 2655 7491 7090 4060 1420 1543 1513 134
28 6184 6400 9928 4803 371 2972 8 8692 9331 9221 4630 8355 4009 4189 5595 7236 6498 9935 1325 9268 9429 3228 5693 1219 520 4319 7932 9888
28 7183 3523 8682 7563 4567 7383 7905 3158 169 3355 2956 1910 6677 2664 2893 1862 3283 2903 9227 7325 8619 7147 8821 2176 3308 5887 556 1075
29 7015 6752 2452 1810 2430 6861 7691 6759 6294 4098 5419 1085 8618 439 7182 4222 6084 102 2953 5058 9035 974 7829 6898 9502 4994 6526 7805 4186
29 8434 7616 650 1742 4954 4864 7915 3867 9613 8017 8219 7375 9682 1268 6186 9975 76 8612 9480 5169 4311 9428 7084 635 5242 1159 342 2216 548
29 3349 864 1397 7285 5084 149 3258 6216 5500 9784 7138 7585 8084 8773 6565 3963 4053 415 7173 8274 5944 2023 2910 6035 2883 9061 5204 3390 7663
28 5180 6291 2251 3988 1919 2626 8905 3566 1767 9145 1770 9887 410 502 1610 2322 5312 8522 663 6785 3826 9824 7548 8296 8047 5115 235 4451
28 8053 958 4928 7496 3930 2070 9265 9829 3971 719 5620 3363 2827 5883 646 3235 9950 8407 558 6497 7096 1920 499 9958 4951 7458 2737 8863
29 9569 9288 4700 2096 8571 3781 9668 3941 3857 5123 5638 8213 7542 6507 9082 9889 2762 8299 4942 5202 6185 8426 1136 5550 2717 8537 7707 972 5890
28 9941 3241 3943 3556 9005 4378 3041 6488 1550 8600 56 5369 3356 9803 5331 5546 789 5292 9060 4398 9310 3830 9702 447 577 3380 1934 3507
28 1797 434 8930 3348 7666 2603 4201 9075 9036 8468 8034 6265 7760 6222 5807 87 6324 4550 1837 8754 1362 8331 5543 1067 3837 3695 4670 4989
29 9937 4516 7026 4816 9235 4414 7265 64 141 4349 2491 3122 4374 3731 2825 9488 937 1311 4997 9107 6111 5547 7222 3920 5978 7950 6639 4208 7601
29 128 4254 8944 6421 7438 777 5729 3662 6671 5349 5373 4580 9973 5894 3138 697 6408 1210 3512 8927 6624 8013 5231 1391 595 2537 7815 6578 8833
29 7067 1975 9609 2751 7640 1241 2744 2779 2311 8545 8613 2387 6356 2501 8023 9341 224 2913 2468 5387 1691 7008 1417 8633 4141 2239 1249 2585 2747
29 3913 7343 8604 670 4565 8220 4485 4936 890 3296 847 6857 5011 7925 1811 5801 7018 4001 6091 1772 340 1711 6698 9533 5249 6418 9472 2494 900
29 1578 7393 3747 2648 9499 3226 9354 6715 8986 3282 1468 8393 9074 4086 4395 8952 4295 2480 5592 7720 2521 103 8472 5828 747 4171 7684 7643 580
28 1998 5872 3904 5393 7680 5408 714 1884 2515 9199 908 8567 3123 2781 4132 6614 8940 6038 8005 7922 7647 1084 5631 5244 8166 3901 9453 7992
29 7657 2329 7467 2455 7437 8286 6617 1255 6518 2901 8250 4356 8523 1364 5818 2842 6817 3452 7739 963 9794 5992 8651 3895 8374 286 6653 4347 3383
29 3663 7520 2791 3346 2414 2718 4824 2148 1628 1042 2267 1557 9135 2919 2463 3835 5591 1017 2262 1555 5148 302 9381 4863 7120 6074 1795 4690 9535
28 6082 4289 3301 5342 9802 2099 768 1485 725 2310 954 852 1442 836 8262 6937 2943 8933 3980 3142 7114 8197 9631 732 19 2167 4603 1597
28 6007 6034 902 5130 3056 4887 4306 7633 1552 4383 6460 5018 3780 7857 5889 5817 4239 7969 4073 7685 7834 4041 4258 9421 1019 3794 9334 2237
29 7961 137 3723 7661 1056 9548 7013 6001 9898 2044 7966 4891 3811 5026 3046 387 1926 8040 8840 3706 1443 3035 4426 1582 7372 5075 5432 2308 6750
29 9648 7641 1091 2898 1659 8337 1004 6895 4917 8566 2138 3050 6761 2541 7045 5286 5783 9957 445 571 6088 4499 8112 2845 2009 5885 802 3883 8231
28 2788 3926 9021 39 3221 278 7845 2446 8907 6901 2970 6562 5590 2597 6450 6114 3487 6223 7204 9435 6245 2949 7893 2234 6430 6866 5982 6303
28 943 1487 3189 9337 3498 6582 6207 1943 7569 3431 2692 3361 2133 9897 3631 2203 7945 4904 9315 3217 6923 6702 6878 2217 6862 84 9172 7653
29 8063 3184 2084 3705 1444 2848 1690 9606 4766 9567 7506 6067 3253 2130 6154 7011 9974 3620 4234 2283 7419 673 9230 9047 8481 5475 6824 8304 7119
28 5288 6147 4992 5358 1428 2168 5849 3409 1807 1786 9895 6606 5094 4380 8324 9541 6945 5541 2552 6412 1453 2274 3154 7756 2667 5272 5264 6558
28 2634 3816 5683 7006 5183 6124 623 1857 4455 3852 1081 4545 1541 5113 9899 4367 4107 153 3717 9783 3227 894 1838 9620 3813 4007 5534 8620
28 6523 997 6182 1278 8776 8280 691 4868 2982 4880 8375 7872 1108 3334 5284 9370 4990 2505 6983 2389 1139 4083 779 1197 7796 3062 2689 4714
29 9272 168 2073 9361 9174 7292 5949 5529 7581 9813 5238 4110 7153 386 6087 2764 3846 7736 7721 3916 6383 6988 7793 8032 3058 9581 1643 5470 2766
29 7062 348 4793 4606 567 1904 4911 5882 1732 9451 5762 4031 2686 5344 4090 9814 4899 7781 8770 766 8904 420 9932 6162 5544 4529 2632 1704 5691
28 8926 9286 5277 2098 7803 6508 6686 4198 5952 5020 9936 7194 5908 8988 9998 3273 2392 6505 8424 8698 8502 9189 5662 3545 4609 2911 9389 6739
28 1571 9408 8843 6939 8515 3433 1660 7174 2656 6758 4614 300 8714 7363 6032 6906 9109 483 2794 2240 886 8248 3927 8326 9844 8342 2483 6585
28 5797 8884 3141 2551 484 7221 1936 8471 1693 7518 749 2407 3865 75 6746 5569 9165 4460 368 206 9610 8861 313 9835 5552 8049 2524 4656
28 817 9340 578 7981 7798 8835 1654 1956 6718 2038 2141 8000 7213 4620 8046 1149 9736 9087 5049 2304 8267 9914 2946 5336 7752 5228 8116 1724
29 8444 6174 1119 9044 3961 1554 1194 5241 4555 4737 9018 5791 469 9463 3771 1916 6916 1411 6876 6195 7354 5895 4705 8557 9683 6662 8101 8655 6190
28 7741 6475 9251 4064 865 4188 5625 1239 2043 9276 729 7318 1331 6275 9395 6725 104 6208 162 3464 5370 2613 7063 5229 7774 108 3788 5514
28 1230 6736 6893 2052 5940 8313 5597 1502 9703 9746 825 6031 5663 7875 512 5363 2829 9369 9417 8783 5494 519 554 5760 5740 9563 8696 5913
29 901 8960 6920 2153 5935 9186 973 3582 2704 7807 311 7634 1021 3676 9142 2815 1630 5334 1140 8529 5459 323 9298 8414 9661 6974 1656 2047 3526
29 7415 7531 2850 822 4371 2371 219 8151 5340 2364 1456 5836 7223 5442 8540 8476 3091 6830 4483 7810 5672 9944 3083 7097 2693 807 4921 93 9754
29 3533 2017 3924 1948 542 9795 9918 8390 2449 6844 7750 4486 8479 4535 442 2799 7799 3562 8815 9759 4277 6117 1501 4837 8544 5460 1270 6741 9214
29 5185 9893 7042 2934 6875 9320 7330 5163 6998 4071 9904 196 1678 8532 1498 1647 2833 5223 7298 7304 3289 8982 9900 6462 1665 1695 6255 5644 3718
29 7733 9424 6352 7095 5463 7470 4440 2115 1382 2385 9628 6742 5739 4836 2535 2094 8065 4583 6081 306 1404 3473 4805 2871 9556 1947 4135 4375 4506
29 5713 7907 1205 3600 3001 5804 6994 3372 5450 6781 4716 466 9919 9346 6059 6704 9402 5660 6529 241 2730 7689 7348 448 1881 3401 9949 683 1652
28 6458 4593 7142 9860 7263 6432 7200 4967 2900 9654 5725 9544 4257 6719 5433 1542 1506 8504 2026 1521 2618 6797 2211 4055 8048 3910 7185 596
28 2561 8181 5266 8560 8681 9891 1856 3515 2413 7267 9158 5837 6415 4919 560 3696 4326 5763 3760 6868 4123 2867 3714 1974 3622 9004 6100 8717
28 7209 6496 5007 4879 636 9492 5282 3804 4204 3677 6044 6181 25 1504 9722 8203 9430 5025 8948 871 4340 9387 7340 8963 7561 287 2774 8673
29 6564 4313 1646 9352 1415 1319 7352 5820 4079 1869 6877 6253 9085 7790 8121 8006 9494 1329 2990 3798 1480 9264 2109 3849 3543 5727 3175 5476 2485
29 4272 5005 5345 3125 7113 6621 4584 8358 4760 3017 8707 9102 2403 7655 6286 1406 9525 7020 7580 3749 3214 1095 4325 1950 9152 480 3327 1025 624
29 2014 5143 6907 2035 5333 5436 9445 679 4560 1267 2131 6789 2156 7667 1966 1429 8180 826 2169 9692 8081 2743 518 3428 1713 8915 2181 1423 3831
29 1160 5701 2631 1619 6226 429 9037 9602 3314 4199 2745 4276 8229 9521 7320 9104 4829 8647 4862 3144 8669 754 6461 8140 316 4646 1821 7171 8938
29 5302 4038 5613 5608 6028 2340 2688 6191 2163 3281 8902 2368 8758 5022 8816 3669 8795 3919 2426 5884 7049 944 8621 1308 1781 223 8107 8715 3022
29 3127 9281 6040 5294 6055 5925 1120 5822 5155 1971 3496 5702 9646 9767 347 4130 7587 6363 9709 9295 3711 6239 2639 5350 1320 8737 2361 1399 6900
29 4443 66 5440 7552 91 3238 9016 350 9641 7524 7459 8628 885 4715 9095 1715 8226 9982 9923 5067 2843 4725 2486 5317 7846 8724 678 1245 7047
29 8099 6692 2245 2964 5850 682 2210 5950 2143 7820 6858 3810 2365 8690 9132 5688 6231 9804 400 3737 7030 5746 4084 232 8562 5407 3027 3462 7261
29 9820 3673 9375 152 2278 2996 3986 2571 5398 8425 5215 1726 723 913 277 6288 4252 2410 3094 1983 4146 1476 903 939 7968 181 2125 3263 5028
28 1749 1632 6395 8135 2204 6661 4345 3481 2858 2546 5589 2150 9660 8780 9753 2313 5859 6727 9192 5623 5154 2301 8162 9836 5438 4605 6229 9196
28 1168 6981 6583 5998 1509 9416 6957 6101 8334 4734 2318 9990 4474 6168 5718 6339 4160 5388 8227 1013 2868 6364 334 2965 4471 1801 4441 938
28 2244 7651 1195 4488 9903 7004 303 2236 9304 3419 1762 988 5251 5938 4726 5639 7718 7308 6530 7275 3190 8594 7043 6912 3482 3213 8870 4140
29 3922 5673 1831 8756 6171 7009 8348 6448 2224 7271 2740 6512 2702 5640 3394 4133 4233 3725 4324 423 2875 2336 4999 9638 1449 2731 5549 1115 7550
28 2253 4958 4408 5191 7862 1385 1123 6016 2459 7789 1984 1033 1359 6420 3839 1354 5687 1345 5032 5917 9431 8512 4097 2738 6796 1585 5866 6477
29 4808 2884 7813 2199 9931 5596 9834 6801 3595 6636 712 7545 3347 9284 7279 8028 7349 9388 8850 710 4240 687 6018 330 494 7475 2980 4275 4115
29 3638 3604 2344 2435 2851 613 3598 6568 9832 265 1901 4 2215 4152 5892 88 1287 3670 8314 733 759 7549 2067 2091 3415 6601 6989 4174 672
28 2189 1367 1125 1256 5237 8168 1378 6948 3802 1698 7938 5706 7679 2510 4029 8071 9289 6304 1903 5825 72 9090 7151 364 2025 1814 6083 9848
29 2417 2330 7949 9146 5709 2668 4039 887 6932 6879 2651 6331 5062 8412 7086 8214 2540 6946 8002 4129 8949 9338 2528 9689 4432 2423 3838 1060 3104
29 4759 661 4346 9673 2671 2563 9054 6215 7243 3171 3668 6078 8788 9718 7849 2998 4570 652 1750 8836 5675 7623 8729 2991 7412 8204 5902 897 9531
29 1436 2353 4635 3637 7251 8153 2596 4151 615 2824 8037 8251 5918 3432 8282 2792 1016 935 3561 9933 8791 7544 4876 7133 8253 2735 4448 4119 7273
29 2912 5437 2757 3463 1708 2916 353 5339 4344 7637 5679 762 1677 8588 2652 213 5147 4890 8105 3212 3947 9120 2242 4792 1225 9019 3098 9500 4226
28 3030 374 3758 1337 8155 7124 441 8694 6941 5024 3987 1739 8069 7207 1791 5125 9239 6646 5861 6456 3032 9307 6349 7172 7002 3026 4010 3110
29 8641 1719 7532 6063 4477 1863 2663 1279 9575 7771 3398 4014 1236 2728 6831 7746 9491 1357 6472 5083 9434 750 6374 3475 7309 7934 62 7541 8376
29 2711 5034 3107 7214 2434 552 1216 106 2954 4147 599 3882 2367 4156 7864 2421 9720 3252 5189 2591 8763 717 9350 2839 5451 1822 1740 1471 6514
29 7351 5060 8570 5571 9768 9443 4751 9127 1314 880 7964 470 1071 8122 629 4800 7958 2477 2878 9034 2072 2362 1347 9911 4694 8611 5786 8913 1601
29 4594 2739 3680 1900 2778 2608 7515 5117 8734 172 1135 3713 6328 9815 6316 8450 7589 6917 3983 608 3751 3015 1892 4259 2554 9551 2069 4834 8980
28 1606 4428 7482 9738 9195 1871 7408 1952 9332 6212 3315 9967 9064 4370 6735 3603 3169 3476 8362 4300 9319 244 4302 1034 6542 9007 9001 167
28 7014 9653 9049 4469 2317 3274 3611 4246 2126 258 3215 8356 3937 3692 7859 3736 1906 9177 3644 8912 1785 1701 6723 1567 3129 1946 8524 5304
29 6278 9009 6392 2580 6141 7191 8442 9481 7112 4244 5293 798 9799 6815 3525 3466 1380 1616 4923 830 8851 5116 9447 7827 5503 7333 7828 6925 7152
28 9343 3801 5751 5927 2469 5614 879 392 9339 7036 4372 6246 9896 6335 1063 3140 975 4206 5888 7918 2213 2396 5457 3010 1777 4495 7603 8027
28 6426 3336 6643 4154 5050 7345 2424 3146 8292 3819 43 1207 7495 8386 119 814 8473 995 2594 5104 4288 6295 2012 9218 2722 7779 1846 8962
29 6180 464 4585 2568 6107 6713 6155 7686 2509 5548 9522 5598 2869 7530 7453 2136 1697 1802 6484 7146 8329 1709 6987 1549 4687 5217 4729 7434 4884
28 1105 4118 2905 49 3295 2356 7971 2106 1618 382 8185 5988 6014 3377 7260 9263 5472 5867 7709 9203 6604 579 1479 8583 4507 3874 1266 4738
29 8718 3082 3513 312 4773 5601 612 4568 5320 6306 6062 6694 5664 2220 618 5986 9437 5198 1431 6791 6936 1635 513 8622 4556 6953 2658 8029 2037
29 2672 9233 5085 2556 8236 225 7577 5511 8127 6397 3712 6777 2339 1982 3605 8178 4712 2894 7672 2108 2628 1928 8552 3875 2404 384 5164 2873 9238
28 4364 3863 8360 9279 1074 5615 3359 5572 7215 6575 7338 7010 8169 2506 837 8483 4419 1539 345 9735 6080 9924 9585 3331 98 5395 6471 481
28 2022 2754 8371 5258 367 2048 4052 2734 6627 475 2988 8796 9259 1805 6687 7443 7683 4103 7141 3178 656 4871 4464 6189 9856 6681 1065 4167
28 6050 7295 8744 1999 8134 4767 7511 1644 3391 4778 5744 6756 6427 8842 7232 3735 6951 9880 601 6249 8123 1229 2151 5263 2008 8977 6608 1040
29 9636 5452 1813 8983 1172 1052 5382 3743 4787 136 8291 7396 6765 9440 4297 5412 5105 6910 6607 9755 1604 770 6954 8689 6425 9878 5999 6919 3440
29 9677 5803 2625 1425 7528 9926 7650 4348 1166 1580 1679 3850 1545 5626 7852 1737 644 7942 6556 1519 4896 7226 4120 7519 1386 877 4574 3885 6187
29 3902 6122 781 546 496 9122 3389 3894 6089 2706 7276 1054 280 9017 346 5775 6887 7896 2859 6220 2721 81 9986 7948 5456 9578 7722 2503 4159
28 2981 6197 4638 7469 3173 1776 3940 6393 1383 5230 3571 8437 2519 9215 1741 514 7806 3806 3601 4329 1275 6683 4547 8896 6010 7337 677 8052
29 9008 5236 3767 1227 4255 437 2992 6633 3153 1181 4144 8336 2196 6085 3579 6638 7906 2782 476 4918 8995 7202 726 3261 3960 2056 4336 7930 841
28 763 440 6439 5486 7092 2724 6175 4047 7212 7329 7256 3606 7874 4307 607 9468 3406 7381 6144 2332 8538 965 5072 5983 6679 3251 8132 1015
29 9309 2326 2269 7559 6414 9190 8345 1572 4184 9822 8491 4070 2576 3366 4423 6835 3854 2715 3020 1352 9028 9511 7590 1000 3412 8340 468 4017 5093
28 6846 1059 6709 3206 8559 7283 8761 9020 5764 8199 1282 1588 2437 4932 8259 4974 9505 1313 4037 2578 6037 583 1273 7797 9055 6644 8615 9261
28 9519 3042 2610 2005 1874 9604 5360 422 8129 6362 3621 220 4929 6511 929 8131 5365 2865 6749 7477 1142 5816 5676 8785 7489 4739 5504 6179
28 8387 2207 4225 3626 3773 6366 8556 9119 5261 4527 2804 573 268 7731 3797 7726 7838 486 9433 5404 5555 4454 5136 8385 1228 2250 3968 7029
29 5247 3205 9733 9013 5142 294 5082 3248 2024 6909 3267 703 3491 8951 3157 8106 700 5535 8769 4818 2621 1321 9464 1836 4618 7579 3861 7192 7596
29 9140 6872 3163 6263 7110 5102 8812 3392 6359 3534 8404 9176 7366 5530 5624 7652 6402 2300 9444 8346 7293 3557 2258 1405 4299 381 8624 7702 4082
29 6115 7070 6722 6707 7389 8142 9150 94 1651 5066 910 3627 8817 4536 9775 1106 2891 4985 1967 8126 7046 2675 5832 2659 7728 7431 6134 2252 4914
29 3768 6821 2538 9764 2061 6827 6485 6605 2690 4697 1703 5158 8856 80 1358 1587 5757 177 6373 3055 7040 8092 1649 3003 5056 1696 3840 2636 3609
29 4682 6545 4216 6648 228 7975 6999 6258 8513 6282 4930 5907 868 9460 7149 1623 533 9793 4968 4775 8746 3159 7380 6884 5985 211 3479 5841 9787
29 1748 5152 4369 4519 8730 2384 8183 4771 9032 5399 4061 8895 3792 9342 4600 9466 7248 2707 8589 2006 6423 3847 6183 7719 4780 4163 3659 34 6194
29 9555 4855 2495 5616 8257 365 2291 7079 2369 1612 3923 336 9708 8009 4117 1529 238 1390 5776 4671 1993 6026 2002 4799 4113 993 3059 8577 9266
29 8042 5140 7654 6794 2390 4449 9818 2462 8990 3981 7322 9053 4765 453 5542 4643 9112 2837 4755 3411 788 8626 1368 1942 283 8565 4861 4243 1355
29 9088 1989 2327 8458 5080 3114 8760 8143 7776 866 8403 4282 6468 5439 5156 9303 8925 7432 9070 4641 261 2021 2013 6403 6731 6483 6769 3564 9772
28 3914 3109 9681 1192 6571 1615 3997 8695 9770 2145 266 8879 4382 616 5368 6290 7069 3555 4323 2428 4663 7946 9473 9854 3989 1686 497 71
28 2000 8888 4582 7979 4577 9827 8753 6157 9022 8061 9108 9584 9507 7692 1782 5600 204 6367 490 8193 281 7105 6345 8573 8889 3216 1533 9179
29 63 609 9403 4266 6429 1778 1324 6813 7021 7770 6492 2046 7715 4900 9907 1 5354 5697 9622 8886 9347 2116 331 510 8853 3033 9366 7016 9241
28 9042 2978 3903 9530 3009 6767 8723 2945 984 5303 436 3036 1672 4136 1330 1620 1304 1564 8631 2971 5315 5923 7083 1614 809 598 5110 3536
29 9257 6655 1099 5219 811 1673 8243 461 2036 7538 9658 295 7429 8678 222 139 2146 6377 9951 8079 1419 455 9945 9902 8298 9153 2579 5628 5795
29 57 7856 5539 337 1110 521 191 8423 9841 5743 5834 6744 6787 8740 9512 6654 6847 4996 8095 8379 4016 8399 1599 7772 1465 1988 257 6371 2611
29 4870 1010 8344 8039 2319 5910 1594 4897 1408 2633 996 7695 7537 4561 6993 3143 5063 6177 355 3443 1579 6660 8831 3309 450 5879 9791 7074 32
29 5585 1969 7503 2107 7635 3458 792 324 7582 8281 4422 967 5703 4612 7233 1012 4314 5649 3884 6491 1226 1421 9103 2121 208 9637 9766 8932 6073
28 5838 8242 2031 6486 388 7619 4155 3540 1007 9734 9504 6570 3575 2418 203 575 5933 2758 4128 297 3827 1263 1253 6380 9915 2665 2472 8738
28 9693 5409 2197 397 3313 4305 6138 6546 7935 7198 2249 6996 8823 1469 5839 1366 4533 5652 2723 2769 3256 3589 9280 953 6244 8578 8297 909
28 8648 655 681 951 8369 4522 7088 5004 5449 916 339 7786 6755 4465 9255 4197 356 6250 8582 2888 6053 1343 7178 6549 7988 6502 3234 8900
28 1570 3649 7208 5392 7617 5579 5667 702 4328 8804 4943 7428 3469 4975 479 2530 1377 4655 5540 6554 7028 3547 8330 3641 6478 4972 559 7280
29 7802 6793 3160 6224 7863 6262 8519 8311 5802 3734 6148 9448 6126 8195 6098 288 4354 526 1064 2849 4202 4279 7286 1850 8549 157 1721 7127 2736
28 7861 7003 731 6995 9273 7162 8217 2942 921 9882 2798 8561 3292 130 8492 3623 7301 5728 7841 285 5030 6934 654 4607 495 3155 772 8697
28 1122 5715 9971 5253 27 1247 6276 4407 9590 7804 4552 7065 3674 4415 7176 6340 7288 5784 1003 1773 6711 2697 2674 2899 7426 229 5132 9601
28 9877 1714 215 1234 292 9623 9324 4845 605 6929 5686 5362 4412 9039 5778 1826 6218 1924 3716 3376 1491 8196 5869 7139 3294 1030 8558 4089
28 2959 3384 5175 5632 9792 2635 7195 2401 9549 3233 2299 4404 6093 5145 761 891 8772 6516 1080 7155 1252 716 5794 3105 8445 4576 8050 1457
29 2832 8373 1414 1938 230 4253 8637 1024 3608 6049 6394 5445 3957 5659 4161 1292 1949 9118 2703 6697 221 5161 6625 4085 1861 4386 118 267 1124
29 7253 269 5193 5665 3764 8128 5480 3911 4644 4645 5814 979 2710 2127 1215 4849 6896 4796 6869 819 5815 3480 5629 4621 4096 3375 3701 8908 6161
29 1531 2175 9209 5188 2033 1676 4703 9618 3387 8883 4913 2935 4242 693 3424 6230 8160 6308 6041 1854 3996 1603 8587 4091 7747 1914 2286 6798 6899
29 5819 8841 5636 4701 3285 9871 2366 4410 4092 8732 6020 2564 7220 3090 742 9977 6149 2963 5956 6649 4248 1022 65 2601 459 2405 8141 4388 6133
29 4035 9715 2533 6481 4843 6390 255 5899 194 2114 9566 8700 1633 7072 7982 3302 7258 3517 5090 2007 1638 5087 4442 2930 8627 9582 9634 4924 4820
28 9383 4268 728 4768 6103 6196 3991 1530 4162 8663 7483 9857 9876 4828 6338 8497 6595 5845 956 7231 4642 5226 6232 8759 3660 6209 1565 5604
29 8102 5599 6361 3870 5830 9868 4669 8316 2062 4966 4081 541 4122 2653 1859 8182 7629 7388 4977 675 338 1540 6490 2481 7588 4245 907 7674 5696
28 3422 7163 3528 444 3161 893 9079 2773 2529 5633 8261 7732 6132 8321 5653 1631 1437 540 844 9999 1184 3630 8516 9476 6353 9326 8173 2321
29 9690 4702 7059 1835 2559 9363 2560 4983 6205 2915 4539 8010 1731 9033 6413 242 5685 7037 8221 3975 4719 9323 3265 9155 957 6892 6298 3690 9917
29 1175 2135 5310 3799 5864 7998 2695 4810 2101 3682 3101 4509 9513 5366 2003 389 9520 2691 5042 4838 1365 9212 6779 5478 3636 945 532 2895 4538
29 8967 8232 1310 2416 1472 1293 4723 5346 2222 1763 706 2157 8981 2820 3434 5607 8526 1707 5501 8367 1271 3535 5971 5045 2817 6890 8351 7516 3077
29 9290 2812 2927 9666 5911 9782 6008 9115 9537 3430 8245 240 3567 2617 3352 9479 4445 1878 30 9207 4237 175 1261 2248 299 5570 685 8422 1626
29 4526 7995 6293 8858 734 3791 3139 1775 1809 8809 2080 4806 5017 8359 6543 3097 5313 18 4608 771 5291 7017 2334 7986 8327 6515 7777 9948 9884
29 4178 5513 9837 4392 1277 7757 4317 9154 2137 6350 4953 5207 5096 5157 1664 5119 8808 4015 2565 8580 3402 8994 385 2297 2194 6915 5963 8156 2856
29 3921 9752 9059 3298 7983 4823 7005 3585 3321 4420 3896 7615 5565 6365 418 5493 7129 3231 6487 2272 279 1955 8720 8212 9649 4731 6342 8136 7991
29 3176 3719 3524 7835 849 3757 3942 200 7087 2306 1259 804 5397 2202 6982 3208 2526 4376 5381 3519 6956 1607 6678 872 4685 1636 6576 7502 8148
29 7199 8038 9168 8460 5893 9355 6637 1602 5527 8972 8873 5077 3130 2783 2042 756 1284 2512 2572 6853 7553 7985 3972 9724 721 6105 7479 4777 7082
28 8789 3504 6256 9111 5070 7708 8579 457 8966 1556 6580 6930 1734 1011 709 4124 9336 9318 3518 889 6851 7246 8022 6272 7725 8847 6874 7742
29 9997 79 9014 2657 7833 1681 6714 3651 6726 7252 3457 1323 6434 1116 4962 1913 5287 9705 5481 9086 3293 6819 1843 2770 7717 2904 5168 110 1440
28 3103 8958 9057 5265 8712 9149 8057 6057 3080 632 7978 1492 2358 586 2979 6422 883 1933 6173 3345 4683 1376 9252 5920 4270 4699 9892 5120
29 816 676 7344 2567 992 3733 3453 6645 8935 5926 4409 3829 4528 3312 8240 7472 3952 9275 806 6360 9228 3167 8672 5071 7571 4165 8814 8716 8409
28 391 4637 7098 6455 5054 820 5325 1997 7321 184 7558 2232 4203 1336 9077 6836 5583 1566 4215 531 2593 4433 8230 9790 9716 7346 1538 8665
29 109 9760 7316 9041 3778 5227 5013 5367 4875 1733 2882 7268 7745 5276 2397 1674 2612 2102 3890 5680 254 2208 6672 2120 5177 1858 2727 361 5491
29 4693 1460 3782 4629 2432 6600 4675 6620 7892 1093 402 3325 824 2182 5179 4826 6674 8475 6389 2241 2989 2228 9236 97 7044 3016 1717 1977 9136
29 7449 7144 8810 7103 4179 3374 9243 1087 4713 7673 1412 8871 6921 1972 8457 4667 3796 7701 4717 2678 5650 6908 737 6410 657 8339 7291 4170 1214
29 7050 3096 234 4235 3596 5406 5881 508 5127 6959 2720 4273 5656 1727 4949 9450 6535 1508 2680 6344 3271 9485 527 2032 6724 7658 2103 8228 9981
29 538 5976 69 443 6369 2694 3065 3456 6378 4493 7782 1927 4774 9175 1388 6738 7473 8194 2124 4640 5812 6728 2776 2235 740 9518 6889 9393 4549
28 7384 8322 6235 8874 322 9863 7621 8704 1661 4553 2266 5840 3210 2629 1346 5218 3862 9314 9553 4121 1109 7206 1341 9691 3730 4748 530 4256
29 2090 9200 8553 9996 1875 2040 3194 113 289 1217 1133 212 498 1211 159 8357 8208 3653 6419 5186 7240 915 6023 2293 317 7367 6860 9325 9051
29 9374 5634 8338 7111 2941 7609 4850 107 9000 9696 1524 17 161 8943 4430 4387 576 9482 68 7066 7792 5256 4902 1902 8462 6357 2444 933 2229
28 3276 3454 5538 6467 5283 962 3613 6770 1823 5389 3119 5551 1188 8441 3560 1128 9398 6033 3537 8210 614 395 2498 6451 40 3531 9988 5098
28 4067 308 4821 9097 2412 4979 6574 3542 7758 3303 4094 5383 4939 7137 9812 2117 120 2394 9763 6466 3887 2753 7649 3012 4342 5939 493 9577
29 4604 4542 7303 4762 6332 2939 9067 1855 1103 7323 9557 9922 7106 3700 7976 4095 3720 78 1402 664 5690 3156 7960 8255 9629 7436 132 790 4153
28 5929 8876 9550 1077 5225 9206 1202 5788 7385 4557 4027 7713 2558 5497 5166 6003 5160 4056 3955 6165 1981 3908 8278 5906 1072 9245 2669 3485
