3 213 174 157
3 0 273 57
3 140 235 99
3 127 18 200
3 276 60 53
3 223 192 9
3 284 158 195
3 151 183 24
3 121 61 31
3 10 248 66
3 11 6 255
3 12 30 36
3 13 74 44
3 258 237 291
3 15 198 230
3 16 250 46
3 233 178 52
3 185 209 191
3 282 14 23
3 156 217 3
3 21 32 64
3 119 138 251
3 148 91 28
3 103 62 263
3 25 35 55
3 257 175 167
3 27 124 51
3 204 82 253
3 161 105 129
3 288 37 65
3 244 236 22
3 207 81 199
3 256 153 87
3 294 92 225
3 208 149 88
3 114 283 100
3 290 125 222
3 245 239 268
3 143 173 108
3 42 139 110
3 43 262 130
3 135 247 134
3 285 113 29
3 106 228 164
3 243 76 115
3 48 287 165
3 49 132 168
3 50 160 90
3 226 277 128
3 116 136 193
3 214 202 109
3 54 159 58
3 126 69 169
3 272 84 179
3 155 97 184
3 170 269 118
3 59 297 186
3 203 102 254
3 181 266 210
3 259 107 267
3 63 39 172
3 141 194 211
3 101 5 182
3 104 47 220
3 67 123 221
3 68 298 147
3 249 227 38
3 295 163 117
3 219 71 229
3 205 292 231
3 73 70 234
3 271 177 93
3 75 150 188
3 242 252 270
3 293 2 275
3 206 189 286
3 289 120 278
3 80 133 56
3 216 162 137
3 224 241 122
3 83 20 280
3 196 215 299
3 85 144 187
3 152 279 4
3 265 145 17
3 201 78 34
3 89 190 264
3 131 238 41
3 180 218 261
3 260 19 166
3 111 197 45
3 94 274 246
3 95 171 26
3 96 146 86
3 212 281 40
3 98 142 33
3 296 79 232
3 112 176 72
3 1 77 7
3 154 240 8
