43 8671 6630 5439 4731 6378 1590 8805 4784 8507 2649 9798 3871 6392 3850 8978 1139 5357 8812 8559 9667 7220 7815 9400 8488 1112 1354 7604 4700 7793 9921 6880 7770 9342 7634 6977 3836 7614 5522 3784 7790 6570 9318 5462
43 6755 8011 6402 4242 7766 6473 2290 376 7624 6899 339 706 359 4332 8941 7972 2081 1553 5615 8012 581 6200 5820 1337 9618 357 2173 1615 3408 8747 9594 7738 3213 7749 5768 9752 5101 5595 3127 2200 5588 3530 878
43 5186 631 5148 7154 7203 8922 7446 6697 6064 8674 8696 4880 3386 4182 7523 1165 1231 2314 6016 6092 2955 721 9504 185 2019 3720 2030 1087 6571 2863 6310 9793 1639 2809 5493 7966 6799 3657 9153 4474 2349 2429 4600
43 9607 8254 4198 4060 8324 9106 1245 2974 1031 2865 3214 5438 8731 1555 8710 9374 4179 2688 4515 5933 9498 1972 7236 847 2678 1466 667 7796 131 5626 7553 6352 8644 6334 6726 1449 2180 3654 7427 4378 6223 2789 950
43 3729 926 3692 1114 6883 1583 6704 8909 4274 575 5591 8010 6519 5643 992 9803 6514 2544 9373 5198 7 4964 3754 7388 7592 5126 8059 567 7840 9617 7576 180 4927 2896 4382 1278 6403 5283 2587 697 1969 9476 3907
43 3050 8363 863 9274 5426 8844 3821 8575 2198 9051 1156 7083 8409 694 2058 8721 7586 504 3221 6040 7308 983 5082 5326 4610 7199 2998 7569 7142 7751 2252 11 6202 5989 3155 8753 1919 1317 1015 5518 9563 9794 203
43 9189 4476 8817 165 5155 3490 9741 1393 5609 3594 7146 9281 196 4742 2985 9174 7469 458 2178 5945 4270 7239 4771 328 2435 9337 8101 8965 2131 213 1043 9537 4805 8475 881 401 6431 7922 2973 5318 1111 7994 6432
43 5440 336 2336 1629 4831 1318 6142 4398 2104 7600 7200 9 5773 7763 361 8520 6986 8500 7374 2161 5538 4521 8032 7947 9599 2306 1019 576 1685 2798 6278 6827 8862 4911 2700 9182 7560 3961 7082 5465 7501 6444 835
43 4495 3164 3726 6972 7543 7051 2449 3210 2979 2155 861 468 1907 737 1516 8343 1279 4996 9450 7453 98 580 4009 4227 976 503 7366 2240 6286 8297 9018 15 3647 3959 9289 2140 5360 8167 222 4959 3234 5546 2656
43 1247 2106 3869 390 8624 1125 9071 4969 4276 6579 7360 5284 12 8983 8647 6162 8489 8253 7708 5871 4862 9799 593 7099 6540 3382 9532 16 9528 6646 2029 588 8261 1033 3525 3788 6394 5206 256 9718 3660 5704 4664
43 9128 1091 2307 3742 3019 8366 1887 1372 5135 9768 1229 9200 8374 360 2272 8372 4906 5078 1632 2453 3718 2970 7212 9558 368 7025 8384 8317 1563 2394 3375 1626 8339 7347 3643 253 2228 4892 3467 1040 3390 8415 5307
43 7830 2213 6761 583 2947 3797 7954 6994 4200 1620 6277 3573 435 4963 2338 2683 9184 9622 2206 962 1609 2071 8569 138 4202 4853 6817 1209 1216 5515 1773 8450 778 9183 8578 1998 5868 9682 2779 7646 9468 9326 6466
43 630 4017 7431 8925 1455 4943 2891 4172 1375 8274 2964 413 6551 3578 6144 3687 2841 3677 6478 2231 2861 3161 4966 8733 2963 2813 3453 9167 7801 5629 9669 9726 1898 4956 179 2540 1512 608 6959 6339 3093 9358 9995
43 4130 1010 2925 6371 8900 206 5132 7827 7355 1030 6923 9291 9856 9690 4899 2556 7323 4713 9739 8972 6337 3956 1745 1063 9731 2096 7261 1101 5272 4516 7855 1589 5066 1964 7547 2367 9685 6876 7420 9062 9761 2764 3289
43 4733 1591 7319 5065 7409 2664 4909 5983 6124 8251 1809 1028 4858 7011 7539 3325 6037 8804 4948 6381 3176 8544 5585 7737 5428 132 410 5753 377 9214 775 6976 9279 9084 3631 260 7401 793 5940 7102 5475 5151 7003
43 7135 2386 9386 6438 2478 635 9064 7775 4375 5025 6426 6450 6181 8529 9205 6080 1960 4987 1981 2007 3111 3985 8162 4387 8869 1129 8897 8456 3058 1600 4812 473 3886 9606 8728 9220 858 2613 5708 8187 9330 1819 9470
43 85 2013 261 3060 9636 303 8934 1422 2280 3064 6003 4785 6699 9521 4469 563 6210 1798 1042 6667 5640 5821 7961 8565 3364 7687 7649 5087 1831 3669 1374 6076 5925 1661 6043 6184 9557 5793 1846 8825 8244 5421 4808
43 2836 1117 663 5598 9322 990 2133 8232 8180 5737 2554 8773 4754 1567 6320 3264 2850 1608 120 3792 1109 8511 2157 6891 3117 8002 8742 526 6285 897 8651 3146 3063 1473 7182 2281 4445 759 9058 5097 9195 8284 1968
43 8552 1413 1137 7297 6393 4928 1635 3243 524 2586 9268 20 4851 338 7186 1829 2790 7607 8579 7713 9910 6364 4681 2611 4877 3336 9520 1198 4611 356 821 2285 8769 431 3162 7356 2260 3653 8548 4155 5127 7856 9428
43 975 6436 1026 6295 7617 8830 9727 993 2969 2308 3296 8041 4045 2042 2561 1574 3377 6009 189 9716 3132 3159 7105 1269 8049 9914 8240 6208 6471 2632 8078 6298 590 6715 2222 7176 6067 1044 686 2080 9942 4110 1309
43 9835 8079 1523 9366 3884 3897 3562 2811 8536 4871 1873 6814 5247 4679 3442 6597 6656 4687 6643 5789 4403 3835 4775 3194 2433 3396 6114 1038 4613 3333 2315 3152 6916 5942 1586 7609 1070 4945 8861 1784 1914 9424 8255
43 5034 6751 5399 779 9072 6931 2717 8617 9032 9548 8532 2794 1199 6244 9886 3887 9041 5772 6841 3758 3488 9194 5992 699 316 3873 1576 8670 5215 2028 2086 2123 8215 6857 7960 371 791 5543 9878 896 221 34 9696
43 4818 134 2895 7148 467 8233 6865 8009 9887 1546 5223 9550 9717 2194 755 9900 7352 7668 4581 4564 4924 5632 3103 9620 5298 9102 4828 2468 5919 8829 31 2377 6777 2162 8051 9465 4520 3560 2546 7915 5422 8445 9581
43 1248 175 9407 5467 7911 1077 4714 8075 7896 2857 8362 4842 7606 9670 8884 7710 3098 6234 6914 5463 7785 3688 2530 8097 8828 5330 6647 7816 4291 9993 888 6536 4289 8937 4677 4721 5876 2990 7695 7162 5128 4443 3499
43 6470 346 9000 1916 4258 5754 517 3346 6796 4514 299 2987 5781 2244 3469 9069 1888 4548 114 9611 6141 4995 5679 5918 9454 8512 8042 4273 5227 8146 8214 6724 2372 2557 3926 5818 8596 5802 568 1445 3504 229 9397
43 6492 5207 574 2090 8423 4307 1076 916 1148 8043 6409 6747 3121 5696 8133 3856 4452 5231 2604 9924 8779 8329 4905 1834 32 3912 7913 7460 970 9926 3436 9008 6969 7672 4895 7776 4116 488 5718 6920 9073 1801 4867
43 1533 6530 1183 9957 1170 595 6577 5968 8126 7266 3765 8257 4602 3895 2532 5261 6797 1681 8993 5185 9511 2762 8349 3634 3638 6922 9464 6333 7053 3052 544 3611 3298 1811 4937 2879 2526 7500 7040 4908 6559 8494 1897
43 232 6719 4376 5455 6261 6228 7130 760 2690 2003 7055 6290 1905 7138 4094 2788 4668 476 2022 1418 1035 5616 4041 3818 9589 5810 1705 661 6025 5603 7928 2271 1463 4627 277 313 6611 6458 8023 9763 7506 2291 5523
43 7258 3339 4930 8767 6212 6583 7354 9208 5470 6496 8901 8936 7579 1158 3664 4573 6590 3908 5321 5644 2165 828 8845 8112 489 2725 9370 9083 5216 4058 2730 6882 3828 8491 5999 1975 6869 5526 2261 2972 6104 5049 1403
43 5986 9155 2176 2686 9135 5333 8429 7538 570 5833 2625 2959 8419 4402 2073 3320 1377 4934 3001 6297 1883 4176 1511 6900 5741 3616 6073 8639 1945 4327 8200 1287 2720 6664 9538 3918 6864 4357 1458 6516 9441 4279 3055
43 5798 2215 6057 3451 8266 2150 4661 6108 8560 8196 7583 479 4736 9123 5837 9478 1157 4059 6012 1940 2702 8833 2685 7116 6453 681 8250 6183 1141 6188 3891 2981 9120 3684 2616 4511 2067 7013 6096 7605 3480 7028 4178
43 370 5941 1694 7165 6847 5244 3452 4118 702 3585 3872 246 9365 3003 366 5739 9096 8620 9201 9743 6641 4253 9145 2504 5414 6968 9095 5486 3855 5874 2249 4915 8794 3612 8588 7340 6464 2694 8071 8592 9575 4709 5311
43 1379 5840 4426 8174 2824 3812 6622 819 3440 9203 960 5499 4876 5280 9759 9818 774 3353 9923 516 4254 6293 4839 9393 7542 6324 312 4186 683 800 4203 307 6400 8014 6525 47 5295 3303 1796 5759 4768 4031 4334
43 5071 4821 5633 4672 2296 2006 8287 6373 7784 128 8431 1054 7660 5344 2340 293 1851 5814 9614 4935 4170 8752 7458 8193 7507 7847 348 654 5293 8940 9507 5648 7163 7632 925 408 4440 9628 3997 6621 2747 6482 1736
43 9199 5193 710 651 7093 7844 1073 3714 9121 116 7943 2277 9771 7924 4588 5726 8463 9479 6060 258 2708 1066 7764 9022 8792 4667 4855 7127 5883 8967 3749 5570 1500 8424 8959 9541 6273 8528 7149 6663 432 3514 4654
43 3099 1381 7254 2128 8716 3830 8526 5826 8224 9543 4951 4479 7967 41 4761 2089 8460 7338 5920 7937 1017 842 7613 2934 143 5335 548 8226 5698 3379 1177 1894 481 4694 5338 7228 4195 6521 4411 587 5811 5997 6692
43 3778 8234 6365 7694 7030 1441 6401 3031 7251 1404 9808 8720 798 1371 4641 9964 4339 4823 4323 8130 9508 1572 193 9526 8273 5549 8479 3023 1948 4657 6648 7018 2207 8545 829 9467 4098 2948 6248 2887 8433 2059 8202
43 6119 3787 1886 9954 2919 6385 5568 7100 9420 4505 7452 2411 874 8220 597 44 353 4460 6357 5847 2659 9770 6462 4335 1021 4891 8229 2822 6610 3145 4512 3262 1468 6835 5765 4551 9576 6354 2355 5824 2838 703 8749
43 3793 9967 7411 4271 4299 2070 923 640 5913 8271 1291 3848 6861 4175 1729 5337 2845 7611 6858 838 3073 8850 3565 3686 9852 8270 8602 795 4267 7752 3755 3715 1339 6055 6168 3474 7109 3500 9596 5094 7444 6888 3178
43 9502 7715 7973 3366 2404 1392 2911 8584 2417 9391 6263 6563 4781 5978 7732 4209 854 9246 8176 4015 7108 9107 3673 7395 3702 2984 4856 5184 5114 4707 9429 6784 9141 6909 8780 4190 8027 5934 1790 4146 2254 1256 8948
43 4372 6167 1541 2434 2324 7762 3701 7000 3083 3041 6767 5403 2241 3581 4255 5480 1478 2978 1214 8906 2784 347 3297 7298 4532 2594 5977 879 5235 9299 6615 7716 3602 1830 9497 7088 3924 1472 1197 7466 7189 6509 7324
43 5961 6260 3141 2980 6485 2750 5835 4362 7765 6982 9001 9035 2197 7223 5748 6046 7269 6998 4533 9928 50 6094 826 5136 8370 9703 7933 55 4079 6281 7418 9055 9679 9359 3128 1927 3771 5205 1075 3552 592 2052 6674
43 8521 5472 1227 8697 9218 7675 1631 1759 4980 2576 8988 8802 527 5599 9324 1668 8726 6454 7010 8724 9173 2803 745 2295 758 1621 6776 3898 6620 7828 7024 5370 5990 9216 8145 2018 297 4574 7697 892 1122 2292 6733
43 3248 9175 2516 790 9460 4509 4872 2585 8171 1836 7513 1319 6804 7677 4248 6077 3475 1757 2542 1022 8541 7396 1366 9879 6548 5728 4547 9248 6135 3124 7977 9890 8283 4456 9779 7096 5665 5145 1090 7447 1152 6235 4266
43 9004 7813 9663 9269 8681 8687 7210 5607 4225 880 194 4181 7926 4262 3407 4638 7522 247 3034 8832 8499 4918 1949 7886 234 5600 9066 1711 7133 7164 2441 3335 154 1536 5109 4068 4390 5782 9593 4322 7303 5009 4840
43 2048 4656 906 9307 4087 996 9213 2199 4631 2880 1219 2940 9788 5104 5123 1284 9448 1568 9285 5296 585 1059 1421 4235 6845 1326 9300 466 249 7247 9019 8952 65 886 542 3703 9474 176 8960 8666 7456 8470 2026
43 8100 2405 9780 4502 7270 787 8106 1634 731 8874 2958 2847 4076 53 720 982 2000 2639 6703 1818 4666 4144 9585 1781 8864 3384 2284 4773 8896 9789 3231 6369 9712 8249 6756 6134 8222 698 8228 2265 7372 9764 8870
43 5850 1461 4424 1460 421 3509 1399 3503 7779 49 743 2923 6787 3228 5944 7477 4883 8294 2461 4900 7213 3394 7263 8039 2310 5365 9998 4103 2008 2634 5506 6465 233 7211 9922 5174 6884 3494 2219 9812 500 5213 1525
43 6071 5502 9518 5314 6379 4381 740 4919 7197 3404 9461 2854 4972 2024 5483 2870 1355 5757 6457 9452 1192 2643 6587 2535 5496 9061 8944 4859 9036 2108 6213 8211 3134 7205 6447 1357 9139 2076 1987 2884 6592 3734 1074
43 696 5650 7066 6498 3139 5189 1342 7067 2416 6655 5265 136 8331 8605 7862 5994 3476 1000 1918 3153 4770 3618 2904 4070 8863 912 7906 3395 981 5050 643 5667 6039 5658 525 6650 9849 2390 6459 4628 647 3202 5240
43 9040 7389 2421 6695 4797 5628 4007 5256 8021 3949 3196 6545 4531 426 4596 2035 1537 1006 4051 3540 5524 6775 2996 9278 4034 8530 6698 201 7724 5803 5194 6254 6152 7580 6065 7530 8856 1311 3227 238 6528 5668 4275
43 2650 2499 6121 1823 7554 9005 5376 6406 8626 9239 3017 9494 1193 7963 4738 2761 9758 6033 2191 2084 4115 63 6950 9997 9837 2099 3251 915 5655 2712 8161 8015 6557 7195 1474 5636 3454 3878 523 6175 9054 3975 3564
43 7771 9948 3556 3226 7534 4075 1495 4151 7238 9888 9453 422 2647 4755 4782 398 6214 3882 2906 4042 545 9493 3307 873 3163 4216 5069 9472 9345 1180 8438 1065 3045 2568 8127 1603 7836 8668 5552 6363 9894 4315 4498
43 5003 539 399 9978 9969 3794 4212 3094 4811 9033 2111 7291 6300 8452 2774 130 9867 8949 8958 367 4698 1368 2127 9363 8611 5106 9792 1692 4590 4268 8400 6031 3417 7795 1726 290 5092 8426 2495 1476 4850 9329 7390
43 1954 1360 8425 470 8230 4196 3261 3834 7244 5583 4393 8394 7692 894 7893 4539 9079 5444 363 9301 5233 7379 3187 5068 936 4640 3254 9232 5851 3649 7031 7277 3487 508 6689 2541 7515 6112 9786 709 6166 6600 6001
43 4162 6893 9288 87 3276 7953 7706 9968 3067 8298 7046 3355 1281 1396 108 5156 3415 4413 7909 5621 8096 6811 1943 4033 6846 8487 4660 8360 292 1993 9870 209 9043 1023 6218 7039 678 8583 3421 4746 3777 3807 682
43 5429 1982 9132 5442 7283 227 2333 9463 3435 5716 4577 358 1934 1482 1434 8003 2849 8276 5308 1159 9403 1676 7505 7009 979 7879 8342 8340 2258 4473 3188 7581 8335 9813 2033 5142 4953 1270 1134 5022 5402 6241 7633
43 9855 7383 1147 240 4820 8102 3880 6048 9017 3434 9115 5091 9869 3464 9186 6743 6494 6240 5329 7509 8550 1743 727 3342 1412 6013 2362 9409 6749 4795 6801 2957 8269 812 9379 3076 172 6793 2581 5903 5363 82 8913
43 7725 7068 6143 8288 5497 7974 5346 3917 7873 8976 4994 9002 4705 4992 5409 9338 624 3051 3694 4455 9983 2491 9170 7110 959 9725 166 1654 3069 2297 4347 5902 9258 6259 5473 6739 9650 3506 5766 8646 7465 8702 2342
43 9068 940 9686 4298 6163 8599 9193 7952 6294 6102 2082 5157 5531 3522 4816 1315 5418 6567 636 3311 8669 637 3748 3904 9777 4342 3201 354 725 9451 1653 2670 5950 6199 4256 8080 5574 7139 133 145 899 4391 9349
43 9689 1249 6066 2116 6109 300 747 8388 1738 3599 2580 9582 6629 6058 7481 851 1971 3547 8914 7141 3130 3743 7931 5970 8498 9484 9897 2458 9941 9864 302 342 1166 4890 6657 9025 156 3447 6844 6126 8323 9078 3900
43 7278 4370 9681 6398 4287 6035 1695 4465 9519 1290 7574 7679 5886 9693 5715 921 2402 1013 1228 1222 895 314 4566 9740 109 4704 4461 8551 3429 7249 2892 4825 5534 8008 1565 6723 117 8977 6349 1841 7721 2672 5879
43 6264 3838 7499 9466 7224 2715 2817 1521 945 6830 8497 2477 7078 7745 4213 3741 2074 6720 670 7121 1027 4692 3426 7185 1483 2691 7419 5305 6467 7333 7528 1203 7700 9713 3403 4032 3841 6759 8822 5163 8144 1714 9280
43 7329 1105 8590 2636 3681 6569 449 2039 8943 9253 2652 5620 4635 8408 7979 891 9094 6075 5079 2916 5125 6237 9577 8201 1876 9805 6766 2626 869 6860 8882 4286 3604 7786 5388 2484 1789 3091 3991 1453 642 6934 9825
43 7479 1610 9987 4326 5799 3224 732 9698 5026 4993 7378 7778 70 7158 2412 6826 9134 3852 4986 7368 4970 7252 3774 259 4594 1825 6515 2409 7172 552 736 8717 244 1225 6988 9251 3332 8024 5688 4865 7371 1839 2121
43 9615 8375 1794 9724 4585 4396 5353 3028 3021 4466 3491 1140 977 9706 3082 5681 2083 625 8135 521 937 2077 5044 7305 2710 3253 8028 1664 4524 5046 2621 7993 9854 6194 3589 6722 8348 1164 3242 3100 4345 6461 5287
43 534 3190 67 5880 437 4575 7899 7846 7669 1447 8218 7014 6582 8542 3744 1612 6251 2766 4016 5153 7405 6113 3284 6045 6187 5839 3842 4014 2419 2525 4788 9973 5064 1493 4708 4269 6098 5401 1538 5433 1095 3027 7294
43 9435 5246 5947 4889 2741 243 7235 6093 248 9704 9674 8121 335 610 7181 9845 6321 714 8094 6735 6675 5469 484 6245 8247 7817 4419 2454 3334 4210 141 8258 5637 2951 9490 973 3672 2392 6995 3075 3559 8806 2247
43 852 933 155 7780 6789 2359 814 9165 6316 7498 3173 8803 3722 1816 4005 9517 4358 9546 2014 8999 5288 8957 5893 6099 8956 2982 9044 2164 8793 1967 2303 4226 3246 3309 931 6138 8531 3940 4621 6820 515 5912 2510
43 9099 4194 89 4442 5445 3815 9011 2011 3546 6151 427 8564 2707 3479 269 4568 2933 4526 5407 2185 914 3632 7178 8627 6051 3497 4620 9108 7782 7655 1624 5451 713 1508 4861 5162 2275 2001 1153 2380 8307 2488 1547
43 6644 565 2088 280 3062 1048 8053 4637 8293 4078 3119 9257 4220 4931 3437 7462 434 9600 7007 2214 1479 5617 9828 6898 4913 345 8473 91 6586 2274 1703 2518 99 7054 7854 6164 4787 3527 3583 6346 6410 291 4261
43 6896 3183 6186 3727 5192 8814 8573 4135 537 6897 8477 6727 6230 4457 550 8435 3875 2242 2225 764 8719 6296 8604 2912 8570 2343 6595 9237 2749 609 4719 1171 4752 4921 8729 7921 9673 8158 5729 9661 1549 6274 3548
43 7902 8404 8505 4529 3203 1625 3025 9381 4360 5960 1953 3065 8616 1741 4351 7936 4205 7970 2757 7331 330 7597 997 2777 1731 1347 8840 4282 4237 9321 957 4126 9117 5738 5801 276 8954 4318 4608 6936 4597 4536 9980
43 572 4981 96 101 8403 8787 3273 4026 2470 9380 167 8798 2718 9050 1003 4603 5239 6411 5736 4486 1526 741 5175 4689 2709 6607 5057 1662 5946 2489 5310 6566 2942 9873 7262 9357 633 7091 5392 2877 1826 1068 9844
43 3545 423 9542 1435 2760 5684 5000 6790 5103 7656 443 5594 2253 8911 210 5474 9192 2132 9097 436 4301 6701 1861 2752 4985 3760 5936 7651 6355 8163 4192 8785 215 5219 6708 8280 8847 8405 2732 9626 8221 2105 5255
43 2492 2578 1345 6686 4400 6813 2456 2476 2773 6383 1601 4489 3002 8205 6022 4716 824 2787 5203 424 6375 2885 1828 308 6974 6421 6806 9070 2829 4669 1487 267 5230 3932 8991 1658 266 8493 2976 561 7435 384 5587
43 4622 2175 2431 7727 9996 78 3533 1411 8029 8867 394 1304 5745 284 1515 9204 6081 6742 2064 6993 6090 5630 8132 5491 7156 8962 5447 8381 9052 905 7755 9211 3006 9933 4083 4352 471 4433 4836 4869 7566 9647 9265
43 5670 9223 6985 967 4522 5685 3131 3534 6117 2638 5572 1810 6010 1211 1606 5580 6123 1944 5807 8955 3894 9344 6639 3822 2776 8084 8054 2676 7742 8886 170 2705 7157 3974 5614 6556 4406 7743 1072 3968 7478 8676 8289
43 6074 7747 418 6390 6233 3012 1775 8383 3849 6731 2447 275 6311 980 199 8061 2771 7020 1081 393 107 7529 3385 8256 505 3721 4645 9646 7225 7391 493 1877 7670 9705 783 9625 3993 8265 1262 8212 5605 4159 4428
43 8107 4229 6158 9547 5300 1 8386 311 3129 447 1707 9059 2 4629 7129 5749 4766 7991 4154 7346 8665 3232 4063 2727 1133 8159 3 8513 3963 6070 9586 4169 8259 600 5733 4218 8688 511 6802 2196 4902 1673 7037
43 9829 7756 1312 3757 5443 8077 2550 5352 4799 2443 3857 9719 419 999 2345 3275 816 9631 9935 5085 3645 5973 9111 1034 7070 2509 3710 4167 3719 1425 4758 5959 2517 2770 8169 3225 8811 7739 6877 7059 9425 8990 9936
