2 7468 4559
2 8071 3111
2 9483 3635
2 4887 57
2 7972 1562
2 4528 4438
2 1159 11
2 4483 15
2 7862 7373
2 5903 19
2 5553 8929
2 4948 5721
2 7347 9985
2 8719 3389
2 5975 7767
2 6600 798
2 9360 22
2 4471 24
2 8878 6647
2 7433 27
2 4604 29
2 7383 6499
2 23 5589
2 766 32
2 1194 854
2 7804 7940
2 4523 1459
2 1246 229
2 9803 34
2 6252 8028
2 8711 8326
2 5573 5190
2 3696 6541
2 8330 37
2 3638 41
2 4588 2812
2 7196 9109
2 9520 47
2 1555 48
2 9489 388
2 2177 5272
2 6527 50
2 2887 52
2 1022 55
2 7362 5597
2 9459 4500
2 1002 6200
2 4138 9569
2 2359 6855
2 9019 1016
2 7613 3388
2 3252 6509
2 2176 3774
2 3272 0
2 3824 1439
2 7013 693
2 7432 61
2 1785 7483
2 1563 9289
2 4352 7609
2 5332 6762
2 3614 379
2 3861 62
2 4838 9258
2 9451 1713
2 4411 879
2 1190 65
2 8433 7937
2 1192 350
2 6610 9509
2 5991 9528
2 7632 67
2 7015 3755
2 7990 605
2 2669 72
2 3560 74
2 7684 7835
2 1626 9600
2 2981 6548
2 4070 9750
2 8571 9921
2 2418 9999
2 3367 81
2 4065 8073
2 9914 1131
2 7284 6801
2 1376 8895
2 89 84
2 6018 85
2 3729 7218
2 5886 87
2 2412 8975
2 4329 3312
2 5979 995
2 773 88
2 978 90
2 8824 91
2 2541 264
2 1880 92
2 4793 93
2 4818 94
2 3225 2593
2 8670 5909
2 6403 2112
2 4557 95
2 9723 96
2 3760 5813
2 5067 97
2 5649 3030
2 8047 8345
2 4390 5950
2 7110 100
2 1146 9519
2 7075 6207
2 7458 102
2 3161 8661
2 2709 104
2 3341 7519
2 1344 109
2 8758 6607
2 8994 112
2 7122 5147
2 3539 4580
2 8253 3809
2 923 7641
2 9359 119
2 3578 8373
2 2660 3246
2 1140 1706
2 6583 9601
2 4417 121
2 5742 6520
2 5444 2308
2 8730 125
2 9910 126
2 7346 6692
2 7061 127
2 3202 8722
2 9249 9840
2 7025 128
2 1381 9848
2 1284 130
2 5968 133
2 2015 3693
2 7108 4068
2 5091 8139
2 7227 1670
2 6463 454
2 4520 7534
2 492 138
2 5578 141
2 3362 2777
2 7482 146
2 3288 147
2 1695 1959
2 6745 3557
2 666 7097
2 1208 249
2 4450 3833
2 6686 150
2 6753 151
2 4027 7813
2 5226 154
2 3708 3508
2 8553 4361
2 4048 5679
2 3086 1118
2 3936 8982
2 6515 6365
2 6377 5255
2 2430 4023
2 7581 156
2 174 8340
2 4646 1452
2 9449 6293
2 2736 3298
2 4006 1442
2 2717 6208
2 180 159
2 9349 8200
2 3088 4022
2 872 2191
2 7621 161
2 8727 164
2 9252 8244
2 3608 5307
2 5513 7264
2 476 5325
2 4317 5296
2 8890 4629
2 9868 168
2 8303 5705
2 6879 8632
2 9515 169
2 5254 172
2 9377 5821
2 1922 5141
2 5982 173
2 3827 4778
2 5983 31
2 9693 177
2 7376 178
2 2718 1751
2 8227 7854
2 3705 7368
2 5441 5230
2 1027 8397
2 4679 8102
2 211 9702
2 5562 742
2 3870 186
2 6190 3559
2 1105 549
2 4301 1586
2 563 8290
2 218 190
2 9044 486
2 3207 193
2 1956 1478
2 8788 613
2 1061 2237
2 9287 194
2 3193 7528
2 2346 6441
2 6912 7891
2 5281 251
2 9824 196
2 1018 199
2 8578 3334
2 1546 200
2 233 9636
2 3291 6129
2 9186 2678
2 1319 8886
2 7760 722
2 9927 1356
2 2384 5382
2 240 203
2 3230 3694
2 9954 1736
2 4941 206
2 8402 8753
2 7206 209
2 4796 210
2 1178 4255
2 2053 212
2 8968 6914
2 7147 9048
2 2297 9436
2 6031 8792
2 6517 214
2 4325 215
2 4644 1040
2 3147 3986
2 2573 5891
2 7913 6222
2 2448 216
2 1973 688
2 3321 894
2 1135 1421
2 2099 8606
2 2212 4465
2 7773 217
2 8111 1427
2 1855 219
2 8599 2343
2 1803 9920
2 8967 576
2 5780 6665
2 1545 222
2 7678 223
2 2591 225
2 3358 9686
2 2007 6995
2 1399 9541
2 6238 9732
2 873 3027
2 4321 227
2 1269 3739
2 1000 230
2 9530 232
2 7355 7662
2 1037 1821
2 6834 237
2 1114 239
2 7716 3516
2 3381 5858
2 9925 1610
2 7575 4084
2 2265 241
2 6960 5225
2 6321 8679
2 5480 1411
2 3491 245
2 908 8793
2 6090 1559
2 6544 6285
2 8773 2710
2 6591 8809
2 7948 807
2 2951 252
2 5914 6197
2 9864 39
2 306 6988
2 7655 9525
2 8184 9744
2 6143 254
2 310 4052
2 311 5295
2 7506 6911
2 9049 8815
2 641 1087
2 820 260
2 1778 5954
2 3028 5646
2 7444 2481
2 4829 6910
2 8192 9372
2 1067 437
2 4467 2649
2 1015 3749
2 2445 8825
2 1143 6382
2 9346 2582
2 5969 1682
2 2944 6913
2 2866 3964
2 5985 6521
2 7453 3178
2 4717 408
2 4836 5437
2 8605 3926
2 8563 268
2 1529 3145
2 1844 2851
2 5919 4810
2 9121 9754
2 5245 6547
2 9251 6904
2 9763 1763
2 3647 2977
2 7600 2693
2 5071 271
2 499 4058
2 7109 6076
2 1206 5317
2 6744 8245
2 6039 8950
2 2528 272
2 8088 2502
2 2486 262
2 2939 273
2 1874 7119
2 7909 4181
2 3654 6319
2 943 7239
2 835 277
2 4469 278
2 4420 3507
2 8965 636
2 7522 279
2 364 789
2 5371 7153
2 8422 7713
2 4949 282
2 368 137
2 7779 3650
2 8306 8119
2 4868 6080
2 1817 4476
2 9418 9663
2 2288 8070
2 1023 7113
2 7464 584
2 8000 285
2 4736 1064
2 9550 2171
2 1339 290
2 2758 292
2 4011 9021
2 5059 293
2 384 3163
2 3751 1789
2 768 6150
2 1998 297
2 8596 300
2 389 594
2 5478 2463
2 2620 305
2 7809 4337
2 719 1433
2 9913 7088
2 9740 3324
2 2751 5498
2 8546 6825
2 9579 1676
2 3767 1776
2 7379 799
2 7325 4419
2 3709 4191
