3 3663 282 5470
3 2882 6438 1376
3 6948 799 9
3 8532 9818 5603
3 5198 1352 8140
3 3909 8409 4762
3 2810 7417 13
3 2484 5816 8973
3 1877 1396 6377
3 555 5053 739
3 5533 6976 6378
3 4819 211 17
3 2025 4222 9353
3 4669 3662 7676
3 8845 617 6947
3 1397 7010 94
3 3029 3002 9819
3 473 7117 3821
3 797 9108 7019
3 1714 6916 5870
3 5280 6157 7153
3 832 3609 5577
3 464 8672 79
3 4594 7364 102
3 2546 9729 7888
3 2382 1261 7692
3 2634 3810 152
3 7310 2290 4118
3 1216 6691 9269
3 6872 5304 9664
3 1181 2467 7805
3 4309 8798 2771
3 5171 6460 5332
3 4490 4437 287
3 7533 7368 156
3 8135 8095 9659
3 6670 4340 6768
3 7322 224 7492
3 5346 6611 5627
3 569 6552 3416
3 610 883 4454
3 6975 9561 553
3 43 9267 7374
3 2524 1700 6815
3 4694 1917 3647
3 7069 7626 716
3 2174 6957 5754
3 2930 8418 8933
3 1661 5426 758
3 3853 7750 8310
3 6646 9411 2342
3 5896 8462 1342
3 6211 941 4566
3 7362 2296 9307
3 974 7032 2656
3 3034 4414 4027
3 7899 3399 175
3 9229 5084 4785
3 5361 5987 592
3 5275 4695 9071
3 9309 1102 5122
3 2729 4287 7923
3 8941 9918 8805
3 9214 4094 4016
3 2182 6152 6168
3 3178 622 6465
3 67 7237 9081
3 3790 4439 1296
3 608 272 4508
3 7100 3906 2099
3 2453 3600 3597
3 5411 1103 7363
3 547 9423 5021
3 5412 1747 916
3 1598 8996 649
3 6513 9847 5392
3 2135 6123 2106
3 9849 1841 442
3 7495 1478 5872
3 9200 2916 9286
3 4453 7168 5087
3 6246 7264 280
3 6008 6271 5365
3 6600 1779 8464
3 8626 9519 7140
3 1442 2355 6719
3 4083 8728 1290
3 8791 1098 465
3 5178 6806 5674
3 7650 1575 2801
3 5359 6415 7741
3 92 3464 5027
3 636 8666 1621
3 5676 1859 9374
3 5016 1533 3334
3 7924 2292 6760
3 6556 7910 8577
3 6774 8032 6577
3 8763 1061 1812
3 2702 5750 1101
3 4780 6443 3263
3 5715 699 7734
3 624 6435 7885
3 1595 598 8906
3 9377 8084 6324
3 6751 6907 5795
3 9673 4815 5205
3 4032 8558 5259
3 3397 9331 4426
3 5629 9633 6447
3 7804 1697 3530
3 7938 4866 6279
3 8982 381 7103
3 3242 2021 7931
3 9898 689 4577
3 3412 1996 5010
3 6433 3102 8139
3 756 8684 759
3 4105 4516 7471
3 4123 4355 7327
3 121 7788 6573
3 2975 7095 9102
3 123 8482 2984
3 5216 9643 2980
3 2394 901 4174
3 1402 7056 600
3 5360 7597 9562
3 9018 2668 98
3 5867 2096 8264
3 8110 1428 2895
3 791 6866 6215
3 477 7976 684
3 9597 104 6923
3 8339 551 5815
3 1046 8148 6998
3 4075 7490 9572
3 5292 3246 7702
3 3234 7450 2928
3 5029 2719 5453
3 4145 9760 3548
3 8096 7234 327
3 5232 7517 1705
3 8682 8574 4585
3 568 1413 5479
3 9715 8075 9004
3 8100 2329 8918
3 4806 6019 4968
3 2337 4079 6256
3 5436 7607 7349
3 7359 1433 6750
3 743 4520 4293
3 4013 6858 6478
3 9940 2195 4393
3 1223 3723 9325
3 5536 6673 578
3 5201 2410 4017
3 4976 6657 6304
3 8901 66 1977
3 9043 4943 2549
3 3891 6526 4686
3 6756 1250 8910
3 9823 5531 3004
3 4602 5072 6837
3 5002 9837 6091
3 1910 5099 3749
3 5513 8932 2288
3 6210 8859 7007
3 6490 7223 9152
3 5854 1853 3152
3 6784 8225 5257
3 7854 3436 9346
3 6506 852 1327
3 8833 1961 2439
3 5651 5463 5139
3 653 167 6221
3 1797 4732 4375
3 9914 4087 482
3 9708 184 174
3 9333 9972 6899
3 9642 3057 5928
3 8330 8878 9051
3 8642 4782 1589
3 692 7094 8782
3 7790 173 9762
3 3928 8804 1625
3 3452 6796 3560
3 351 818 8749
3 188 1407 3259
3 2874 5116 3122
3 8962 8363 9025
3 8879 7917 7414
3 6159 2067 3279
3 4533 3127 9448
3 5285 2850 3059
3 9796 9595 7779
3 7425 2449 827
3 7553 4881 511
3 9327 6606 3608
3 9548 1166 1585
3 8027 8624 9095
3 1415 7708 2526
3 8729 9318 3154
3 3417 7621 4323
3 8380 3509 2579
3 1032 9919 3055
3 1357 5902 3070
3 207 8440 4099
3 6277 9545 6145
3 6409 8573 3507
3 1003 7701 4074
3 1215 9300 428
3 8887 7796 558
3 213 4776 8908
3 4572 9965 748
3 8218 9452 7194
3 2925 9109 1596
3 8189 9311 8007
3 466 793 4446
3 6754 9219 3164
3 220 6295 7869
3 3655 1718 3727
3 3320 4243 1292
3 3300 7105 7815
3 2444 6542 6625
3 1756 2323 3347
3 6932 5678 4058
3 1058 9656 5961
3 7072 6471 8124
3 947 7271 3512
3 2796 235 5813
3 1454 3988 9723
3 8485 2883 889
3 5827 7591 1006
3 5956 1613 505
3 8302 4608 2498
3 9462 5058 1865
3 6912 9467 6971
3 238 5478 8569
3 3430 565 7268
3 8497 8336 3000
3 9877 9830 64
3 5685 4940 6865
3 9551 4305 4133
3 5568 1724 3721
3 6619 737 8803
3 3173 9748 2349
3 1978 6325 5196
3 8948 8717 2992
3 1902 7659 4270
3 650 8269 4653
3 516 9991 9786
3 4474 2442 9251
3 5054 4956 3570
3 6190 6578 7648
3 7064 148 7372
3 3946 730 47
3 4182 6488 5583
3 3358 9335 3948
3 6290 2824 814
3 9582 2942 4643
3 8426 5379 361
3 7956 8735 6108
3 356 5045 878
3 1743 9026 8275
3 5250 942 8955
3 8308 8542 4020
3 4647 9482 6310
3 4663 3861 7895
3 5631 244 9711
3 8346 811 2263
3 4341 5578 2120
3 8653 4944 7191
3 6066 8772 25
3 3782 1822 9190
3 4632 8143 1614
3 1624 6662 6903
3 4410 1249 5477
3 9704 9222 2743
3 1875 2623 1648
3 1019 7600 8243
3 281 7331 676
3 4932 4537 7055
3 8816 6405 4131
3 8720 1231 8054
3 9841 7820 5885
3 8752 9736 4226
3 1887 9103 6249
3 288 4442 3275
3 2216 4752 8113
3 5221 661 7647
3 3508 4564 1436
3 6555 4859 1129
3 1073 3089 5111
3 7521 6305 8744
3 2260 4383 9187
3 5386 1629 321
3 9381 2300 9513
3 7046 6697 2474
3 6510 954 198
3 1078 9193 7440
3 2776 7319 4775
3 9225 8965 6534
3 4307 243 2846
3 5911 2373 9983
3 8476 8877 1899
3 9813 3800 20
3 1479 4297 2737
3 4173 9950 5812
3 4037 1154 586
3 6141 5936 9579
3 2022 9028 6126
3 3624 8456 9514
3 2902 8402 8180
3 1845 2366 160
3 315 7687 7998
3 7682 2893 604
3 2523 2907 3769
3 5276 5618 9161
3 2309 1702 5616
3 8222 5282 855
3 8534 1341 1450
3 4258 1050 5399
3 6338 6048 3400
3 2742 3750 3572
3 7009 3686 9389
3 4908 3157 5398
3 3671 1639 3272
3 420 7835 4334
3 2891 5488 6213
3 6080 8622 948
3 9525 6039 7964
3 2953 6761 8081
3 7563 4208 725
3 4757 6032 4529
3 8809 9550 3712
3 5418 2217 6906
3 3045 4820 8792
3 2280 5964 5803
3 7065 4487 1802
3 8900 8643 5778
3 8770 41 3868
3 7568 8799 2107
3 3171 736 8273
3 5262 9992 422
3 8526 7891 5390
3 8500 5496 1680
3 347 469 4569
3 8707 3253 5468
3 6765 9891 8937
3 8584 8178 5742
